[datetime.datetime(2019, 10, 11, 0, 0, 2, 670259), {'all': {'len': 0, 'sum': 0}, 'pa': {'len': 0, 'sum': 0}, 'tbs': {'len': 0, 'sum': 0}}]
[datetime.datetime(2019, 10, 11, 0, 5, 2, 610974), {'all': {'len': 0, 'sum': 0}, 'pa': {'len': 0, 'sum': 0}, 'tbs': {'len': 0, 'sum': 0}}]
[datetime.datetime(2019, 10, 11, 0, 10, 2, 669269), {'all': {'len': 0, 'sum': 0}, 'pa': {'len': 0, 'sum': 0}, 'tbs': {'len': 0, 'sum': 0}}]
[datetime.datetime(2019, 10, 11, 0, 15, 2, 237970), {'all': {'len': 0, 'sum': 0}, 'pa': {'len': 0, 'sum': 0}, 'tbs': {'len': 0, 'sum': 0}}]
[datetime.datetime(2019, 10, 11, 0, 20, 1, 988449), {'all': {'len': 0, 'sum': 0}, 'pa': {'len': 0, 'sum': 0}, 'tbs': {'len': 0, 'sum': 0}}]
[datetime.datetime(2019, 10, 11, 0, 25, 1, 958407), {'all': {'len': 0, 'sum': 0}, 'pa': {'len': 0, 'sum': 0}, 'tbs': {'len': 0, 'sum': 0}}]
[datetime.datetime(2019, 10, 11, 0, 30, 1, 872208), {'all': {'len': 0, 'sum': 0}, 'pa': {'len': 0, 'sum': 0}, 'tbs': {'len': 0, 'sum': 0}}]
[datetime.datetime(2019, 10, 11, 0, 35, 1, 906790), {'all': {'len': 0, 'sum': 0}, 'pa': {'len': 0, 'sum': 0}, 'tbs': {'len': 0, 'sum': 0}}]
[datetime.datetime(2019, 10, 11, 0, 40, 2, 384261), {'all': {'len': 0, 'sum': 0}, 'pa': {'len': 0, 'sum': 0}, 'tbs': {'len': 0, 'sum': 0}}]
[datetime.datetime(2019, 10, 11, 0, 45, 2, 464872), {'all': {'len': 0, 'sum': 0}, 'pa': {'len': 0, 'sum': 0}, 'tbs': {'len': 0, 'sum': 0}}]
[datetime.datetime(2019, 10, 11, 0, 50, 1, 955408), {'all': {'len': 0, 'sum': 0}, 'pa': {'len': 0, 'sum': 0}, 'tbs': {'len': 0, 'sum': 0}}]
[datetime.datetime(2019, 10, 11, 0, 55, 1, 891834), {'all': {'len': 0, 'sum': 0}, 'pa': {'len': 0, 'sum': 0}, 'tbs': {'len': 0, 'sum': 0}}]
[datetime.datetime(2019, 10, 11, 1, 0, 2, 647749), {'all': {'len': 0, 'sum': 0}, 'pa': {'len': 0, 'sum': 0}, 'tbs': {'len': 0, 'sum': 0}}]
[datetime.datetime(2019, 10, 11, 1, 5, 2, 254694), {'all': {'len': 0, 'sum': 0}, 'pa': {'len': 0, 'sum': 0}, 'tbs': {'len': 0, 'sum': 0}}]
[datetime.datetime(2019, 10, 11, 1, 10, 1, 891659), {'all': {'len': 11, 'sum': 95.13400000000001}, 'pa': {'len': 5, 'sum': 94.47500000000001}, 'tbs': {'len': 3, 'sum': 0.313}}]
[datetime.datetime(2019, 10, 11, 1, 30, 2, 77163), {'all': {'len': 20, 'sum': 2.316}, 'pa': {'len': 2, 'sum': 0.24}, 'tbs': {'len': 10, 'sum': 1.169}}]
[datetime.datetime(2019, 10, 11, 1, 35, 2, 63008), {'all': {'len': 23, 'sum': 2.5100000000000002}, 'pa': {'len': 0, 'sum': 0}, 'tbs': {'len': 10, 'sum': 1.1360000000000001}}]
[datetime.datetime(2019, 10, 11, 1, 40, 2, 526994), {'all': {'len': 6, 'sum': 0.619}, 'pa': {'len': 1, 'sum': 0.106}, 'tbs': {'len': 2, 'sum': 0.2}}]
[datetime.datetime(2019, 10, 11, 1, 45, 2, 296195), {'all': {'len': 8, 'sum': 1.15}, 'pa': {'len': 0, 'sum': 0}, 'tbs': {'len': 6, 'sum': 0.96}}]
[datetime.datetime(2019, 10, 11, 1, 50, 2, 476528), {'all': {'len': 11, 'sum': 1.218}, 'pa': {'len': 3, 'sum': 0.296}, 'tbs': {'len': 3, 'sum': 0.41300000000000003}}]
[datetime.datetime(2019, 10, 11, 1, 55, 2, 58934), {'all': {'len': 8, 'sum': 0.789}, 'pa': {'len': 0, 'sum': 0}, 'tbs': {'len': 6, 'sum': 0.603}}]
[datetime.datetime(2019, 10, 11, 2, 0, 1, 827381), {'all': {'len': 31, 'sum': 3.204999999999999}, 'pa': {'len': 1, 'sum': 0.123}, 'tbs': {'len': 18, 'sum': 1.86}}]
[datetime.datetime(2019, 10, 11, 2, 5, 2, 428045), {'all': {'len': 8, 'sum': 0.765}, 'pa': {'len': 3, 'sum': 0.306}, 'tbs': {'len': 2, 'sum': 0.183}}]
[datetime.datetime(2019, 10, 11, 2, 10, 1, 761756), {'all': {'len': 39, 'sum': 3.991}, 'pa': {'len': 1, 'sum': 0.123}, 'tbs': {'len': 21, 'sum': 2.1740000000000004}}]
[datetime.datetime(2019, 10, 11, 2, 20, 2, 372772), {'all': {'len': 6, 'sum': 0.6769999999999999}, 'pa': {'len': 1, 'sum': 0.086}, 'tbs': {'len': 1, 'sum': 0.123}}]
[datetime.datetime(2019, 10, 11, 2, 25, 2, 361997), {'all': {'len': 6, 'sum': 0.7109999999999999}, 'pa': {'len': 1, 'sum': 0.093}, 'tbs': {'len': 3, 'sum': 0.454}}]
[datetime.datetime(2019, 10, 11, 2, 30, 2, 261659), {'all': {'len': 28, 'sum': 3.084}, 'pa': {'len': 1, 'sum': 0.093}, 'tbs': {'len': 17, 'sum': 1.98}}]
[datetime.datetime(2019, 10, 11, 2, 35, 1, 916146), {'all': {'len': 6, 'sum': 0.59}, 'pa': {'len': 2, 'sum': 0.187}, 'tbs': {'len': 3, 'sum': 0.31}}]
[datetime.datetime(2019, 10, 11, 2, 40, 1, 803582), {'all': {'len': 8, 'sum': 1.058}, 'pa': {'len': 0, 'sum': 0}, 'tbs': {'len': 5, 'sum': 0.725}}]
[datetime.datetime(2019, 10, 11, 2, 50, 2, 286661), {'all': {'len': 14, 'sum': 1.45}, 'pa': {'len': 1, 'sum': 0.136}, 'tbs': {'len': 8, 'sum': 0.7779999999999999}}]
[datetime.datetime(2019, 10, 11, 2, 55, 2, 273162), {'all': {'len': 9, 'sum': 0.858}, 'pa': {'len': 2, 'sum': 0.154}, 'tbs': {'len': 4, 'sum': 0.424}}]
[datetime.datetime(2019, 10, 11, 3, 0, 2, 304929), {'all': {'len': 26, 'sum': 2.464}, 'pa': {'len': 5, 'sum': 0.506}, 'tbs': {'len': 13, 'sum': 1.2630000000000001}}]
[datetime.datetime(2019, 10, 11, 3, 5, 2, 541082), {'all': {'len': 0, 'sum': 0}, 'pa': {'len': 0, 'sum': 0}, 'tbs': {'len': 0, 'sum': 0}}]
[datetime.datetime(2019, 10, 11, 3, 10, 2, 337305), {'all': {'len': 0, 'sum': 0}, 'pa': {'len': 0, 'sum': 0}, 'tbs': {'len': 0, 'sum': 0}}]
[datetime.datetime(2019, 10, 11, 3, 15, 1, 962107), {'all': {'len': 2, 'sum': 0.213}, 'pa': {'len': 0, 'sum': 0}, 'tbs': {'len': 0, 'sum': 0}}]
[datetime.datetime(2019, 10, 11, 3, 20, 2, 543313), {'all': {'len': 0, 'sum': 0}, 'pa': {'len': 0, 'sum': 0}, 'tbs': {'len': 0, 'sum': 0}}]
[datetime.datetime(2019, 10, 11, 3, 25, 1, 733438), {'all': {'len': 0, 'sum': 0}, 'pa': {'len': 0, 'sum': 0}, 'tbs': {'len': 0, 'sum': 0}}]
[datetime.datetime(2019, 10, 11, 3, 30, 2, 233491), {'all': {'len': 0, 'sum': 0}, 'pa': {'len': 0, 'sum': 0}, 'tbs': {'len': 0, 'sum': 0}}]
[datetime.datetime(2019, 10, 11, 3, 35, 2, 584051), {'all': {'len': 0, 'sum': 0}, 'pa': {'len': 0, 'sum': 0}, 'tbs': {'len': 0, 'sum': 0}}]
[datetime.datetime(2019, 10, 11, 3, 40, 2, 387359), {'all': {'len': 0, 'sum': 0}, 'pa': {'len': 0, 'sum': 0}, 'tbs': {'len': 0, 'sum': 0}}]
[datetime.datetime(2019, 10, 11, 3, 45, 2, 614683), {'all': {'len': 0, 'sum': 0}, 'pa': {'len': 0, 'sum': 0}, 'tbs': {'len': 0, 'sum': 0}}]
[datetime.datetime(2019, 10, 11, 3, 50, 2, 647507), {'all': {'len': 0, 'sum': 0}, 'pa': {'len': 0, 'sum': 0}, 'tbs': {'len': 0, 'sum': 0}}]
[datetime.datetime(2019, 10, 11, 3, 55, 2, 439959), {'all': {'len': 0, 'sum': 0}, 'pa': {'len': 0, 'sum': 0}, 'tbs': {'len': 0, 'sum': 0}}]
[datetime.datetime(2019, 10, 11, 4, 0, 2, 400596), {'all': {'len': 0, 'sum': 0}, 'pa': {'len': 0, 'sum': 0}, 'tbs': {'len': 0, 'sum': 0}}]
[datetime.datetime(2019, 10, 11, 4, 5, 2, 164629), {'all': {'len': 0, 'sum': 0}, 'pa': {'len': 0, 'sum': 0}, 'tbs': {'len': 0, 'sum': 0}}]
[datetime.datetime(2019, 10, 11, 4, 10, 2, 107675), {'all': {'len': 0, 'sum': 0}, 'pa': {'len': 0, 'sum': 0}, 'tbs': {'len': 0, 'sum': 0}}]
[datetime.datetime(2019, 10, 11, 4, 15, 1, 877006), {'all': {'len': 0, 'sum': 0}, 'pa': {'len': 0, 'sum': 0}, 'tbs': {'len': 0, 'sum': 0}}]
[datetime.datetime(2019, 10, 11, 4, 20, 1, 923255), {'all': {'len': 0, 'sum': 0}, 'pa': {'len': 0, 'sum': 0}, 'tbs': {'len': 0, 'sum': 0}}]
[datetime.datetime(2019, 10, 11, 4, 25, 1, 728540), {'all': {'len': 0, 'sum': 0}, 'pa': {'len': 0, 'sum': 0}, 'tbs': {'len': 0, 'sum': 0}}]
[datetime.datetime(2019, 10, 11, 4, 30, 2, 69362), {'all': {'len': 0, 'sum': 0}, 'pa': {'len': 0, 'sum': 0}, 'tbs': {'len': 0, 'sum': 0}}]
[datetime.datetime(2019, 10, 11, 4, 35, 2, 186403), {'all': {'len': 0, 'sum': 0}, 'pa': {'len': 0, 'sum': 0}, 'tbs': {'len': 0, 'sum': 0}}]
[datetime.datetime(2019, 10, 11, 4, 40, 2, 521680), {'all': {'len': 0, 'sum': 0}, 'pa': {'len': 0, 'sum': 0}, 'tbs': {'len': 0, 'sum': 0}}]
[datetime.datetime(2019, 10, 11, 4, 45, 1, 876998), {'all': {'len': 0, 'sum': 0}, 'pa': {'len': 0, 'sum': 0}, 'tbs': {'len': 0, 'sum': 0}}]
[datetime.datetime(2019, 10, 11, 4, 50, 2, 158380), {'all': {'len': 0, 'sum': 0}, 'pa': {'len': 0, 'sum': 0}, 'tbs': {'len': 0, 'sum': 0}}]
[datetime.datetime(2019, 10, 11, 4, 55, 2, 478050), {'all': {'len': 0, 'sum': 0}, 'pa': {'len': 0, 'sum': 0}, 'tbs': {'len': 0, 'sum': 0}}]
[datetime.datetime(2019, 10, 11, 5, 0, 1, 769472), {'all': {'len': 0, 'sum': 0}, 'pa': {'len': 0, 'sum': 0}, 'tbs': {'len': 0, 'sum': 0}}]
[datetime.datetime(2019, 10, 11, 5, 5, 2, 663951), {'all': {'len': 0, 'sum': 0}, 'pa': {'len': 0, 'sum': 0}, 'tbs': {'len': 0, 'sum': 0}}]
[datetime.datetime(2019, 10, 11, 5, 10, 2, 590206), {'all': {'len': 0, 'sum': 0}, 'pa': {'len': 0, 'sum': 0}, 'tbs': {'len': 0, 'sum': 0}}]
[datetime.datetime(2019, 10, 11, 5, 15, 2, 391782), {'all': {'len': 0, 'sum': 0}, 'pa': {'len': 0, 'sum': 0}, 'tbs': {'len': 0, 'sum': 0}}]
[datetime.datetime(2019, 10, 11, 5, 20, 2, 291397), {'all': {'len': 0, 'sum': 0}, 'pa': {'len': 0, 'sum': 0}, 'tbs': {'len': 0, 'sum': 0}}]
[datetime.datetime(2019, 10, 11, 5, 25, 2, 443058), {'all': {'len': 0, 'sum': 0}, 'pa': {'len': 0, 'sum': 0}, 'tbs': {'len': 0, 'sum': 0}}]
[datetime.datetime(2019, 10, 11, 5, 30, 2, 1653), {'all': {'len': 0, 'sum': 0}, 'pa': {'len': 0, 'sum': 0}, 'tbs': {'len': 0, 'sum': 0}}]
[datetime.datetime(2019, 10, 11, 5, 35, 2, 643325), {'all': {'len': 0, 'sum': 0}, 'pa': {'len': 0, 'sum': 0}, 'tbs': {'len': 0, 'sum': 0}}]
[datetime.datetime(2019, 10, 11, 5, 40, 1, 955722), {'all': {'len': 0, 'sum': 0}, 'pa': {'len': 0, 'sum': 0}, 'tbs': {'len': 0, 'sum': 0}}]
[datetime.datetime(2019, 10, 11, 5, 45, 2, 335267), {'all': {'len': 0, 'sum': 0}, 'pa': {'len': 0, 'sum': 0}, 'tbs': {'len': 0, 'sum': 0}}]
[datetime.datetime(2019, 10, 11, 5, 50, 2, 69037), {'all': {'len': 0, 'sum': 0}, 'pa': {'len': 0, 'sum': 0}, 'tbs': {'len': 0, 'sum': 0}}]
[datetime.datetime(2019, 10, 11, 5, 55, 1, 897500), {'all': {'len': 0, 'sum': 0}, 'pa': {'len': 0, 'sum': 0}, 'tbs': {'len': 0, 'sum': 0}}]
[datetime.datetime(2019, 10, 11, 6, 0, 2, 354070), {'all': {'len': 0, 'sum': 0}, 'pa': {'len': 0, 'sum': 0}, 'tbs': {'len': 0, 'sum': 0}}]
[datetime.datetime(2019, 10, 11, 6, 5, 1, 795508), {'all': {'len': 0, 'sum': 0}, 'pa': {'len': 0, 'sum': 0}, 'tbs': {'len': 0, 'sum': 0}}]
[datetime.datetime(2019, 10, 11, 6, 10, 2, 541784), {'all': {'len': 0, 'sum': 0}, 'pa': {'len': 0, 'sum': 0}, 'tbs': {'len': 0, 'sum': 0}}]
[datetime.datetime(2019, 10, 11, 6, 15, 2, 282114), {'all': {'len': 0, 'sum': 0}, 'pa': {'len': 0, 'sum': 0}, 'tbs': {'len': 0, 'sum': 0}}]
[datetime.datetime(2019, 10, 11, 6, 20, 2, 262288), {'all': {'len': 0, 'sum': 0}, 'pa': {'len': 0, 'sum': 0}, 'tbs': {'len': 0, 'sum': 0}}]
[datetime.datetime(2019, 10, 11, 6, 25, 2, 419489), {'all': {'len': 0, 'sum': 0}, 'pa': {'len': 0, 'sum': 0}, 'tbs': {'len': 0, 'sum': 0}}]
[datetime.datetime(2019, 10, 11, 6, 30, 1, 822354), {'all': {'len': 0, 'sum': 0}, 'pa': {'len': 0, 'sum': 0}, 'tbs': {'len': 0, 'sum': 0}}]
[datetime.datetime(2019, 10, 11, 6, 35, 1, 889767), {'all': {'len': 0, 'sum': 0}, 'pa': {'len': 0, 'sum': 0}, 'tbs': {'len': 0, 'sum': 0}}]
[datetime.datetime(2019, 10, 11, 6, 40, 2, 518183), {'all': {'len': 0, 'sum': 0}, 'pa': {'len': 0, 'sum': 0}, 'tbs': {'len': 0, 'sum': 0}}]
[datetime.datetime(2019, 10, 11, 6, 45, 2, 559061), {'all': {'len': 0, 'sum': 0}, 'pa': {'len': 0, 'sum': 0}, 'tbs': {'len': 0, 'sum': 0}}]
[datetime.datetime(2019, 10, 11, 6, 50, 1, 917012), {'all': {'len': 0, 'sum': 0}, 'pa': {'len': 0, 'sum': 0}, 'tbs': {'len': 0, 'sum': 0}}]
[datetime.datetime(2019, 10, 11, 6, 55, 2, 15957), {'all': {'len': 0, 'sum': 0}, 'pa': {'len': 0, 'sum': 0}, 'tbs': {'len': 0, 'sum': 0}}]
[datetime.datetime(2019, 10, 11, 7, 0, 2, 313629), {'all': {'len': 0, 'sum': 0}, 'pa': {'len': 0, 'sum': 0}, 'tbs': {'len': 0, 'sum': 0}}]
[datetime.datetime(2019, 10, 11, 7, 5, 2, 351322), {'all': {'len': 0, 'sum': 0}, 'pa': {'len': 0, 'sum': 0}, 'tbs': {'len': 0, 'sum': 0}}]
[datetime.datetime(2019, 10, 11, 7, 10, 2, 268187), {'all': {'len': 11, 'sum': 107.13600000000001}, 'pa': {'len': 6, 'sum': 106.58900000000001}, 'tbs': {'len': 4, 'sum': 0.437}}]
[datetime.datetime(2019, 10, 11, 7, 15, 2, 327295), {'all': {'len': 30, 'sum': 3.1370000000000005}, 'pa': {'len': 6, 'sum': 0.61}, 'tbs': {'len': 10, 'sum': 1.033}}]
[datetime.datetime(2019, 10, 11, 7, 20, 1, 949876), {'all': {'len': 7, 'sum': 0.777}, 'pa': {'len': 1, 'sum': 0.09}, 'tbs': {'len': 2, 'sum': 0.213}}]
[datetime.datetime(2019, 10, 11, 7, 25, 2, 56427), {'all': {'len': 24, 'sum': 2.9560000000000004}, 'pa': {'len': 1, 'sum': 0.123}, 'tbs': {'len': 15, 'sum': 1.669}}]
[datetime.datetime(2019, 10, 11, 7, 30, 2, 469309), {'all': {'len': 183, 'sum': 2347.975}, 'pa': {'len': 1, 'sum': 0.107}, 'tbs': {'len': 173, 'sum': 2346.743}}]
[datetime.datetime(2019, 10, 11, 7, 35, 1, 919539), {'all': {'len': 47, 'sum': 5.2989999999999995}, 'pa': {'len': 1, 'sum': 0.106}, 'tbs': {'len': 31, 'sum': 3.4969999999999994}}]
[datetime.datetime(2019, 10, 11, 7, 40, 2, 615364), {'all': {'len': 21, 'sum': 2.7260000000000004}, 'pa': {'len': 0, 'sum': 0}, 'tbs': {'len': 14, 'sum': 1.859}}]
[datetime.datetime(2019, 10, 11, 7, 50, 2, 557941), {'all': {'len': 12, 'sum': 1.381}, 'pa': {'len': 2, 'sum': 0.246}, 'tbs': {'len': 4, 'sum': 0.446}}]
[datetime.datetime(2019, 10, 11, 7, 55, 2, 545003), {'all': {'len': 44, 'sum': 5.835}, 'pa': {'len': 0, 'sum': 0}, 'tbs': {'len': 31, 'sum': 4.17}}]
[datetime.datetime(2019, 10, 11, 8, 0, 1, 780742), {'all': {'len': 19, 'sum': 1.834}, 'pa': {'len': 0, 'sum': 0}, 'tbs': {'len': 16, 'sum': 1.5659999999999998}}]
[datetime.datetime(2019, 10, 11, 8, 5, 2, 479364), {'all': {'len': 3, 'sum': 0.29300000000000004}, 'pa': {'len': 0, 'sum': 0}, 'tbs': {'len': 3, 'sum': 0.29300000000000004}}]
[datetime.datetime(2019, 10, 11, 8, 10, 2, 65019), {'all': {'len': 21, 'sum': 2.258}, 'pa': {'len': 4, 'sum': 0.38}, 'tbs': {'len': 11, 'sum': 1.16}}]
[datetime.datetime(2019, 10, 11, 8, 15, 1, 766795), {'all': {'len': 35, 'sum': 3.795}, 'pa': {'len': 5, 'sum': 0.623}, 'tbs': {'len': 24, 'sum': 2.528}}]
[datetime.datetime(2019, 10, 11, 8, 20, 2, 14483), {'all': {'len': 18, 'sum': 2.0949999999999998}, 'pa': {'len': 1, 'sum': 0.093}, 'tbs': {'len': 6, 'sum': 0.6789999999999999}}]
[datetime.datetime(2019, 10, 11, 8, 25, 1, 906641), {'all': {'len': 8, 'sum': 0.944}, 'pa': {'len': 5, 'sum': 0.519}, 'tbs': {'len': 1, 'sum': 0.124}}]
[datetime.datetime(2019, 10, 11, 8, 30, 2, 149324), {'all': {'len': 31, 'sum': 3.458}, 'pa': {'len': 2, 'sum': 0.24}, 'tbs': {'len': 22, 'sum': 2.5510000000000006}}]
[datetime.datetime(2019, 10, 11, 8, 35, 2, 318709), {'all': {'len': 15, 'sum': 1.7730000000000001}, 'pa': {'len': 1, 'sum': 0.093}, 'tbs': {'len': 9, 'sum': 1.046}}]
[datetime.datetime(2019, 10, 11, 8, 40, 2, 18712), {'all': {'len': 11, 'sum': 1.351}, 'pa': {'len': 3, 'sum': 0.387}, 'tbs': {'len': 7, 'sum': 0.8470000000000001}}]
[datetime.datetime(2019, 10, 11, 8, 45, 2, 434277), {'all': {'len': 12, 'sum': 1.143}, 'pa': {'len': 1, 'sum': 0.106}, 'tbs': {'len': 2, 'sum': 0.186}}]
[datetime.datetime(2019, 10, 11, 8, 50, 2, 510817), {'all': {'len': 10, 'sum': 1.8280000000000005}, 'pa': {'len': 1, 'sum': 0.2}, 'tbs': {'len': 1, 'sum': 0.187}}]
[datetime.datetime(2019, 10, 11, 9, 0, 2, 759487), {'all': {'len': 5, 'sum': 0.674}, 'pa': {'len': 2, 'sum': 0.241}, 'tbs': {'len': 0, 'sum': 0}}]
[datetime.datetime(2019, 10, 11, 9, 5, 2, 700930), {'all': {'len': 8, 'sum': 1.1280000000000001}, 'pa': {'len': 1, 'sum': 0.124}, 'tbs': {'len': 0, 'sum': 0}}]
[datetime.datetime(2019, 10, 11, 9, 10, 1, 734080), {'all': {'len': 4, 'sum': 0.53}, 'pa': {'len': 0, 'sum': 0}, 'tbs': {'len': 3, 'sum': 0.42}}]
[datetime.datetime(2019, 10, 11, 9, 15, 1, 952959), {'all': {'len': 0, 'sum': 0}, 'pa': {'len': 0, 'sum': 0}, 'tbs': {'len': 0, 'sum': 0}}]
[datetime.datetime(2019, 10, 11, 9, 20, 2, 279087), {'all': {'len': 0, 'sum': 0}, 'pa': {'len': 0, 'sum': 0}, 'tbs': {'len': 0, 'sum': 0}}]
[datetime.datetime(2019, 10, 11, 9, 25, 1, 909268), {'all': {'len': 0, 'sum': 0}, 'pa': {'len': 0, 'sum': 0}, 'tbs': {'len': 0, 'sum': 0}}]
[datetime.datetime(2019, 10, 11, 9, 30, 2, 402246), {'all': {'len': 0, 'sum': 0}, 'pa': {'len': 0, 'sum': 0}, 'tbs': {'len': 0, 'sum': 0}}]
[datetime.datetime(2019, 10, 11, 9, 35, 2, 436182), {'all': {'len': 0, 'sum': 0}, 'pa': {'len': 0, 'sum': 0}, 'tbs': {'len': 0, 'sum': 0}}]
[datetime.datetime(2019, 10, 11, 9, 40, 1, 710447), {'all': {'len': 0, 'sum': 0}, 'pa': {'len': 0, 'sum': 0}, 'tbs': {'len': 0, 'sum': 0}}]
[datetime.datetime(2019, 10, 11, 9, 45, 2, 135930), {'all': {'len': 0, 'sum': 0}, 'pa': {'len': 0, 'sum': 0}, 'tbs': {'len': 0, 'sum': 0}}]
[datetime.datetime(2019, 10, 11, 9, 50, 2, 157768), {'all': {'len': 0, 'sum': 0}, 'pa': {'len': 0, 'sum': 0}, 'tbs': {'len': 0, 'sum': 0}}]
[datetime.datetime(2019, 10, 11, 9, 55, 2, 413752), {'all': {'len': 0, 'sum': 0}, 'pa': {'len': 0, 'sum': 0}, 'tbs': {'len': 0, 'sum': 0}}]
[datetime.datetime(2019, 10, 11, 10, 0, 1, 881335), {'all': {'len': 0, 'sum': 0}, 'pa': {'len': 0, 'sum': 0}, 'tbs': {'len': 0, 'sum': 0}}]
[datetime.datetime(2019, 10, 11, 10, 5, 1, 826889), {'all': {'len': 0, 'sum': 0}, 'pa': {'len': 0, 'sum': 0}, 'tbs': {'len': 0, 'sum': 0}}]
[datetime.datetime(2019, 10, 11, 10, 10, 1, 773659), {'all': {'len': 0, 'sum': 0}, 'pa': {'len': 0, 'sum': 0}, 'tbs': {'len': 0, 'sum': 0}}]
[datetime.datetime(2019, 10, 11, 10, 15, 2, 151389), {'all': {'len': 0, 'sum': 0}, 'pa': {'len': 0, 'sum': 0}, 'tbs': {'len': 0, 'sum': 0}}]
[datetime.datetime(2019, 10, 11, 10, 20, 2, 363607), {'all': {'len': 0, 'sum': 0}, 'pa': {'len': 0, 'sum': 0}, 'tbs': {'len': 0, 'sum': 0}}]
[datetime.datetime(2019, 10, 11, 10, 25, 2, 260423), {'all': {'len': 0, 'sum': 0}, 'pa': {'len': 0, 'sum': 0}, 'tbs': {'len': 0, 'sum': 0}}]
[datetime.datetime(2019, 10, 11, 10, 30, 2, 833867), {'all': {'len': 0, 'sum': 0}, 'pa': {'len': 0, 'sum': 0}, 'tbs': {'len': 0, 'sum': 0}}]
[datetime.datetime(2019, 10, 11, 10, 35, 2, 694423), {'all': {'len': 0, 'sum': 0}, 'pa': {'len': 0, 'sum': 0}, 'tbs': {'len': 0, 'sum': 0}}]
[datetime.datetime(2019, 10, 11, 10, 40, 2, 694167), {'all': {'len': 0, 'sum': 0}, 'pa': {'len': 0, 'sum': 0}, 'tbs': {'len': 0, 'sum': 0}}]
[datetime.datetime(2019, 10, 11, 10, 45, 2, 690135), {'all': {'len': 0, 'sum': 0}, 'pa': {'len': 0, 'sum': 0}, 'tbs': {'len': 0, 'sum': 0}}]
[datetime.datetime(2019, 10, 11, 10, 50, 1, 804308), {'all': {'len': 1, 'sum': 0.076}, 'pa': {'len': 0, 'sum': 0}, 'tbs': {'len': 0, 'sum': 0}}]
[datetime.datetime(2019, 10, 11, 10, 55, 1, 857395), {'all': {'len': 0, 'sum': 0}, 'pa': {'len': 0, 'sum': 0}, 'tbs': {'len': 0, 'sum': 0}}]
[datetime.datetime(2019, 10, 11, 11, 0, 2, 82624), {'all': {'len': 0, 'sum': 0}, 'pa': {'len': 0, 'sum': 0}, 'tbs': {'len': 0, 'sum': 0}}]
[datetime.datetime(2019, 10, 11, 11, 5, 1, 991728), {'all': {'len': 0, 'sum': 0}, 'pa': {'len': 0, 'sum': 0}, 'tbs': {'len': 0, 'sum': 0}}]
[datetime.datetime(2019, 10, 11, 11, 10, 2, 614871), {'all': {'len': 0, 'sum': 0}, 'pa': {'len': 0, 'sum': 0}, 'tbs': {'len': 0, 'sum': 0}}]
[datetime.datetime(2019, 10, 11, 11, 15, 1, 818617), {'all': {'len': 0, 'sum': 0}, 'pa': {'len': 0, 'sum': 0}, 'tbs': {'len': 0, 'sum': 0}}]
[datetime.datetime(2019, 10, 11, 11, 20, 2, 314602), {'all': {'len': 0, 'sum': 0}, 'pa': {'len': 0, 'sum': 0}, 'tbs': {'len': 0, 'sum': 0}}]
[datetime.datetime(2019, 10, 11, 11, 25, 2, 559427), {'all': {'len': 0, 'sum': 0}, 'pa': {'len': 0, 'sum': 0}, 'tbs': {'len': 0, 'sum': 0}}]
[datetime.datetime(2019, 10, 11, 11, 30, 2, 156519), {'all': {'len': 0, 'sum': 0}, 'pa': {'len': 0, 'sum': 0}, 'tbs': {'len': 0, 'sum': 0}}]
[datetime.datetime(2019, 10, 11, 11, 35, 2, 629993), {'all': {'len': 0, 'sum': 0}, 'pa': {'len': 0, 'sum': 0}, 'tbs': {'len': 0, 'sum': 0}}]
[datetime.datetime(2019, 10, 11, 11, 40, 1, 723715), {'all': {'len': 0, 'sum': 0}, 'pa': {'len': 0, 'sum': 0}, 'tbs': {'len': 0, 'sum': 0}}]
[datetime.datetime(2019, 10, 11, 11, 45, 2, 163007), {'all': {'len': 0, 'sum': 0}, 'pa': {'len': 0, 'sum': 0}, 'tbs': {'len': 0, 'sum': 0}}]
[datetime.datetime(2019, 10, 11, 11, 50, 2, 723830), {'all': {'len': 0, 'sum': 0}, 'pa': {'len': 0, 'sum': 0}, 'tbs': {'len': 0, 'sum': 0}}]
[datetime.datetime(2019, 10, 11, 11, 55, 2, 234025), {'all': {'len': 0, 'sum': 0}, 'pa': {'len': 0, 'sum': 0}, 'tbs': {'len': 0, 'sum': 0}}]
[datetime.datetime(2019, 10, 11, 12, 0, 2, 239046), {'all': {'len': 0, 'sum': 0}, 'pa': {'len': 0, 'sum': 0}, 'tbs': {'len': 0, 'sum': 0}}]
[datetime.datetime(2019, 10, 11, 12, 5, 2, 663587), {'all': {'len': 0, 'sum': 0}, 'pa': {'len': 0, 'sum': 0}, 'tbs': {'len': 0, 'sum': 0}}]
[datetime.datetime(2019, 10, 11, 12, 10, 2, 177873), {'all': {'len': 1, 'sum': 0.087}, 'pa': {'len': 0, 'sum': 0}, 'tbs': {'len': 0, 'sum': 0}}]
[datetime.datetime(2019, 10, 11, 12, 15, 2, 81180), {'all': {'len': 0, 'sum': 0}, 'pa': {'len': 0, 'sum': 0}, 'tbs': {'len': 0, 'sum': 0}}]
[datetime.datetime(2019, 10, 11, 12, 20, 2, 98256), {'all': {'len': 0, 'sum': 0}, 'pa': {'len': 0, 'sum': 0}, 'tbs': {'len': 0, 'sum': 0}}]
[datetime.datetime(2019, 10, 11, 12, 25, 1, 741795), {'all': {'len': 2, 'sum': 0.157}, 'pa': {'len': 0, 'sum': 0}, 'tbs': {'len': 0, 'sum': 0}}]
[datetime.datetime(2019, 10, 11, 12, 30, 2, 118090), {'all': {'len': 0, 'sum': 0}, 'pa': {'len': 0, 'sum': 0}, 'tbs': {'len': 0, 'sum': 0}}]
[datetime.datetime(2019, 10, 11, 12, 35, 1, 823509), {'all': {'len': 0, 'sum': 0}, 'pa': {'len': 0, 'sum': 0}, 'tbs': {'len': 0, 'sum': 0}}]
[datetime.datetime(2019, 10, 11, 12, 40, 2, 644895), {'all': {'len': 0, 'sum': 0}, 'pa': {'len': 0, 'sum': 0}, 'tbs': {'len': 0, 'sum': 0}}]
[datetime.datetime(2019, 10, 11, 12, 45, 2, 141314), {'all': {'len': 0, 'sum': 0}, 'pa': {'len': 0, 'sum': 0}, 'tbs': {'len': 0, 'sum': 0}}]
[datetime.datetime(2019, 10, 11, 12, 50, 2, 550764), {'all': {'len': 0, 'sum': 0}, 'pa': {'len': 0, 'sum': 0}, 'tbs': {'len': 0, 'sum': 0}}]
[datetime.datetime(2019, 10, 11, 12, 55, 2, 184859), {'all': {'len': 0, 'sum': 0}, 'pa': {'len': 0, 'sum': 0}, 'tbs': {'len': 0, 'sum': 0}}]
[datetime.datetime(2019, 10, 11, 13, 0, 1, 824185), {'all': {'len': 1, 'sum': 0.097}, 'pa': {'len': 0, 'sum': 0}, 'tbs': {'len': 0, 'sum': 0}}]
[datetime.datetime(2019, 10, 11, 13, 5, 1, 729611), {'all': {'len': 0, 'sum': 0}, 'pa': {'len': 0, 'sum': 0}, 'tbs': {'len': 0, 'sum': 0}}]
[datetime.datetime(2019, 10, 11, 13, 10, 2, 119191), {'all': {'len': 14, 'sum': 84.369}, 'pa': {'len': 4, 'sum': 83.12}, 'tbs': {'len': 5, 'sum': 0.629}}]
[datetime.datetime(2019, 10, 11, 13, 15, 2, 197079), {'all': {'len': 45, 'sum': 4.5}, 'pa': {'len': 7, 'sum': 0.6249999999999999}, 'tbs': {'len': 24, 'sum': 2.455}}]
[datetime.datetime(2019, 10, 11, 13, 25, 2, 654941), {'all': {'len': 20, 'sum': 2.504}, 'pa': {'len': 1, 'sum': 0.11}, 'tbs': {'len': 14, 'sum': 1.831}}]
[datetime.datetime(2019, 10, 11, 13, 35, 2, 628293), {'all': {'len': 52, 'sum': 6.8530000000000015}, 'pa': {'len': 1, 'sum': 0.14}, 'tbs': {'len': 28, 'sum': 3.8979999999999997}}]
[datetime.datetime(2019, 10, 11, 13, 40, 2, 629770), {'all': {'len': 21, 'sum': 2.686}, 'pa': {'len': 4, 'sum': 0.644}, 'tbs': {'len': 10, 'sum': 1.177}}]
[datetime.datetime(2019, 10, 11, 13, 45, 2, 535954), {'all': {'len': 9, 'sum': 1.127}, 'pa': {'len': 1, 'sum': 0.093}, 'tbs': {'len': 4, 'sum': 0.607}}]
[datetime.datetime(2019, 10, 11, 13, 50, 2, 450912), {'all': {'len': 8, 'sum': 0.8659999999999999}, 'pa': {'len': 1, 'sum': 0.103}, 'tbs': {'len': 5, 'sum': 0.563}}]
[datetime.datetime(2019, 10, 11, 13, 55, 2, 65650), {'all': {'len': 7, 'sum': 0.8799999999999999}, 'pa': {'len': 0, 'sum': 0}, 'tbs': {'len': 3, 'sum': 0.437}}]
[datetime.datetime(2019, 10, 11, 14, 0, 2, 571714), {'all': {'len': 21, 'sum': 3.711}, 'pa': {'len': 1, 'sum': 0.11}, 'tbs': {'len': 8, 'sum': 1.403}}]
[datetime.datetime(2019, 10, 11, 14, 5, 2, 122035), {'all': {'len': 11, 'sum': 1.2389999999999999}, 'pa': {'len': 2, 'sum': 0.18}, 'tbs': {'len': 6, 'sum': 0.7699999999999999}}]
[datetime.datetime(2019, 10, 11, 14, 10, 1, 890841), {'all': {'len': 25, 'sum': 3.1479999999999997}, 'pa': {'len': 0, 'sum': 0}, 'tbs': {'len': 19, 'sum': 2.3699999999999997}}]
[datetime.datetime(2019, 10, 11, 14, 15, 2, 221397), {'all': {'len': 14, 'sum': 1.481}, 'pa': {'len': 1, 'sum': 0.09}, 'tbs': {'len': 8, 'sum': 0.862}}]
[datetime.datetime(2019, 10, 11, 14, 20, 2, 560702), {'all': {'len': 23, 'sum': 2.79}, 'pa': {'len': 2, 'sum': 0.229}, 'tbs': {'len': 8, 'sum': 1.0020000000000002}}]
[datetime.datetime(2019, 10, 11, 14, 25, 2, 561471), {'all': {'len': 19, 'sum': 1.9939999999999998}, 'pa': {'len': 2, 'sum': 0.186}, 'tbs': {'len': 5, 'sum': 0.53}}]
[datetime.datetime(2019, 10, 11, 14, 30, 2, 334530), {'all': {'len': 8, 'sum': 0.748}, 'pa': {'len': 0, 'sum': 0}, 'tbs': {'len': 2, 'sum': 0.22}}]
[datetime.datetime(2019, 10, 11, 14, 35, 1, 899149), {'all': {'len': 10, 'sum': 1.2200000000000002}, 'pa': {'len': 0, 'sum': 0}, 'tbs': {'len': 3, 'sum': 0.42}}]
[datetime.datetime(2019, 10, 11, 14, 45, 2, 104728), {'all': {'len': 2, 'sum': 0.33999999999999997}, 'pa': {'len': 0, 'sum': 0}, 'tbs': {'len': 0, 'sum': 0}}]
[datetime.datetime(2019, 10, 11, 15, 0, 2, 82037), {'all': {'len': 8, 'sum': 0.7959999999999999}, 'pa': {'len': 0, 'sum': 0}, 'tbs': {'len': 6, 'sum': 0.609}}]
[datetime.datetime(2019, 10, 11, 15, 5, 2, 83787), {'all': {'len': 1, 'sum': 0.09}, 'pa': {'len': 0, 'sum': 0}, 'tbs': {'len': 1, 'sum': 0.09}}]
[datetime.datetime(2019, 10, 11, 15, 10, 2, 236164), {'all': {'len': 17, 'sum': 2.1630000000000003}, 'pa': {'len': 3, 'sum': 0.407}, 'tbs': {'len': 6, 'sum': 0.716}}]
[datetime.datetime(2019, 10, 11, 15, 15, 1, 886732), {'all': {'len': 0, 'sum': 0}, 'pa': {'len': 0, 'sum': 0}, 'tbs': {'len': 0, 'sum': 0}}]
[datetime.datetime(2019, 10, 11, 15, 20, 2, 196267), {'all': {'len': 0, 'sum': 0}, 'pa': {'len': 0, 'sum': 0}, 'tbs': {'len': 0, 'sum': 0}}]
[datetime.datetime(2019, 10, 11, 15, 25, 2, 281827), {'all': {'len': 0, 'sum': 0}, 'pa': {'len': 0, 'sum': 0}, 'tbs': {'len': 0, 'sum': 0}}]
[datetime.datetime(2019, 10, 11, 15, 30, 2, 445462), {'all': {'len': 0, 'sum': 0}, 'pa': {'len': 0, 'sum': 0}, 'tbs': {'len': 0, 'sum': 0}}]
[datetime.datetime(2019, 10, 11, 15, 35, 1, 972108), {'all': {'len': 0, 'sum': 0}, 'pa': {'len': 0, 'sum': 0}, 'tbs': {'len': 0, 'sum': 0}}]
[datetime.datetime(2019, 10, 11, 15, 40, 2, 315171), {'all': {'len': 0, 'sum': 0}, 'pa': {'len': 0, 'sum': 0}, 'tbs': {'len': 0, 'sum': 0}}]
[datetime.datetime(2019, 10, 11, 15, 45, 2, 141431), {'all': {'len': 0, 'sum': 0}, 'pa': {'len': 0, 'sum': 0}, 'tbs': {'len': 0, 'sum': 0}}]
[datetime.datetime(2019, 10, 11, 15, 50, 2, 399996), {'all': {'len': 0, 'sum': 0}, 'pa': {'len': 0, 'sum': 0}, 'tbs': {'len': 0, 'sum': 0}}]
[datetime.datetime(2019, 10, 11, 15, 55, 2, 537657), {'all': {'len': 0, 'sum': 0}, 'pa': {'len': 0, 'sum': 0}, 'tbs': {'len': 0, 'sum': 0}}]
[datetime.datetime(2019, 10, 11, 16, 0, 2, 130124), {'all': {'len': 0, 'sum': 0}, 'pa': {'len': 0, 'sum': 0}, 'tbs': {'len': 0, 'sum': 0}}]
[datetime.datetime(2019, 10, 11, 16, 5, 2, 83342), {'all': {'len': 0, 'sum': 0}, 'pa': {'len': 0, 'sum': 0}, 'tbs': {'len': 0, 'sum': 0}}]
[datetime.datetime(2019, 10, 11, 16, 10, 2, 237881), {'all': {'len': 0, 'sum': 0}, 'pa': {'len': 0, 'sum': 0}, 'tbs': {'len': 0, 'sum': 0}}]
[datetime.datetime(2019, 10, 11, 16, 15, 1, 985001), {'all': {'len': 0, 'sum': 0}, 'pa': {'len': 0, 'sum': 0}, 'tbs': {'len': 0, 'sum': 0}}]
[datetime.datetime(2019, 10, 11, 16, 20, 2, 522125), {'all': {'len': 0, 'sum': 0}, 'pa': {'len': 0, 'sum': 0}, 'tbs': {'len': 0, 'sum': 0}}]
[datetime.datetime(2019, 10, 11, 16, 25, 2, 62363), {'all': {'len': 0, 'sum': 0}, 'pa': {'len': 0, 'sum': 0}, 'tbs': {'len': 0, 'sum': 0}}]
[datetime.datetime(2019, 10, 11, 16, 30, 2, 459433), {'all': {'len': 0, 'sum': 0}, 'pa': {'len': 0, 'sum': 0}, 'tbs': {'len': 0, 'sum': 0}}]
[datetime.datetime(2019, 10, 11, 16, 35, 2, 370629), {'all': {'len': 0, 'sum': 0}, 'pa': {'len': 0, 'sum': 0}, 'tbs': {'len': 0, 'sum': 0}}]
[datetime.datetime(2019, 10, 11, 16, 40, 2, 600972), {'all': {'len': 0, 'sum': 0}, 'pa': {'len': 0, 'sum': 0}, 'tbs': {'len': 0, 'sum': 0}}]
[datetime.datetime(2019, 10, 11, 16, 45, 2, 436693), {'all': {'len': 0, 'sum': 0}, 'pa': {'len': 0, 'sum': 0}, 'tbs': {'len': 0, 'sum': 0}}]
[datetime.datetime(2019, 10, 11, 16, 50, 2, 332265), {'all': {'len': 0, 'sum': 0}, 'pa': {'len': 0, 'sum': 0}, 'tbs': {'len': 0, 'sum': 0}}]
[datetime.datetime(2019, 10, 11, 16, 55, 1, 975100), {'all': {'len': 0, 'sum': 0}, 'pa': {'len': 0, 'sum': 0}, 'tbs': {'len': 0, 'sum': 0}}]
[datetime.datetime(2019, 10, 11, 17, 0, 2, 484822), {'all': {'len': 0, 'sum': 0}, 'pa': {'len': 0, 'sum': 0}, 'tbs': {'len': 0, 'sum': 0}}]
[datetime.datetime(2019, 10, 11, 17, 5, 1, 985877), {'all': {'len': 0, 'sum': 0}, 'pa': {'len': 0, 'sum': 0}, 'tbs': {'len': 0, 'sum': 0}}]
[datetime.datetime(2019, 10, 11, 17, 10, 2, 45174), {'all': {'len': 0, 'sum': 0}, 'pa': {'len': 0, 'sum': 0}, 'tbs': {'len': 0, 'sum': 0}}]
[datetime.datetime(2019, 10, 11, 17, 15, 2, 356583), {'all': {'len': 0, 'sum': 0}, 'pa': {'len': 0, 'sum': 0}, 'tbs': {'len': 0, 'sum': 0}}]
[datetime.datetime(2019, 10, 11, 17, 20, 2, 49760), {'all': {'len': 0, 'sum': 0}, 'pa': {'len': 0, 'sum': 0}, 'tbs': {'len': 0, 'sum': 0}}]
[datetime.datetime(2019, 10, 11, 17, 25, 2, 183047), {'all': {'len': 0, 'sum': 0}, 'pa': {'len': 0, 'sum': 0}, 'tbs': {'len': 0, 'sum': 0}}]
[datetime.datetime(2019, 10, 11, 17, 30, 2, 409994), {'all': {'len': 0, 'sum': 0}, 'pa': {'len': 0, 'sum': 0}, 'tbs': {'len': 0, 'sum': 0}}]
[datetime.datetime(2019, 10, 11, 17, 35, 2, 152703), {'all': {'len': 0, 'sum': 0}, 'pa': {'len': 0, 'sum': 0}, 'tbs': {'len': 0, 'sum': 0}}]
[datetime.datetime(2019, 10, 11, 17, 40, 2, 602494), {'all': {'len': 0, 'sum': 0}, 'pa': {'len': 0, 'sum': 0}, 'tbs': {'len': 0, 'sum': 0}}]
[datetime.datetime(2019, 10, 11, 17, 45, 2, 683855), {'all': {'len': 0, 'sum': 0}, 'pa': {'len': 0, 'sum': 0}, 'tbs': {'len': 0, 'sum': 0}}]
[datetime.datetime(2019, 10, 11, 17, 50, 2, 572000), {'all': {'len': 0, 'sum': 0}, 'pa': {'len': 0, 'sum': 0}, 'tbs': {'len': 0, 'sum': 0}}]
[datetime.datetime(2019, 10, 11, 17, 55, 1, 879362), {'all': {'len': 0, 'sum': 0}, 'pa': {'len': 0, 'sum': 0}, 'tbs': {'len': 0, 'sum': 0}}]
[datetime.datetime(2019, 10, 11, 18, 0, 1, 980259), {'all': {'len': 0, 'sum': 0}, 'pa': {'len': 0, 'sum': 0}, 'tbs': {'len': 0, 'sum': 0}}]
[datetime.datetime(2019, 10, 11, 18, 5, 1, 749913), {'all': {'len': 0, 'sum': 0}, 'pa': {'len': 0, 'sum': 0}, 'tbs': {'len': 0, 'sum': 0}}]
[datetime.datetime(2019, 10, 11, 18, 10, 1, 802608), {'all': {'len': 0, 'sum': 0}, 'pa': {'len': 0, 'sum': 0}, 'tbs': {'len': 0, 'sum': 0}}]
[datetime.datetime(2019, 10, 11, 18, 15, 2, 464539), {'all': {'len': 1, 'sum': 0.217}, 'pa': {'len': 0, 'sum': 0}, 'tbs': {'len': 0, 'sum': 0}}]
[datetime.datetime(2019, 10, 11, 18, 20, 2, 560688), {'all': {'len': 0, 'sum': 0}, 'pa': {'len': 0, 'sum': 0}, 'tbs': {'len': 0, 'sum': 0}}]
[datetime.datetime(2019, 10, 11, 18, 25, 1, 846409), {'all': {'len': 0, 'sum': 0}, 'pa': {'len': 0, 'sum': 0}, 'tbs': {'len': 0, 'sum': 0}}]
[datetime.datetime(2019, 10, 11, 18, 30, 2, 338731), {'all': {'len': 1, 'sum': 0.093}, 'pa': {'len': 0, 'sum': 0}, 'tbs': {'len': 0, 'sum': 0}}]
[datetime.datetime(2019, 10, 11, 18, 35, 1, 943284), {'all': {'len': 0, 'sum': 0}, 'pa': {'len': 0, 'sum': 0}, 'tbs': {'len': 0, 'sum': 0}}]
[datetime.datetime(2019, 10, 11, 18, 40, 1, 756820), {'all': {'len': 1, 'sum': 0.07}, 'pa': {'len': 0, 'sum': 0}, 'tbs': {'len': 0, 'sum': 0}}]
[datetime.datetime(2019, 10, 11, 18, 45, 1, 768931), {'all': {'len': 0, 'sum': 0}, 'pa': {'len': 0, 'sum': 0}, 'tbs': {'len': 0, 'sum': 0}}]
[datetime.datetime(2019, 10, 11, 18, 50, 2, 302426), {'all': {'len': 0, 'sum': 0}, 'pa': {'len': 0, 'sum': 0}, 'tbs': {'len': 0, 'sum': 0}}]
[datetime.datetime(2019, 10, 11, 18, 55, 2, 44959), {'all': {'len': 0, 'sum': 0}, 'pa': {'len': 0, 'sum': 0}, 'tbs': {'len': 0, 'sum': 0}}]
[datetime.datetime(2019, 10, 11, 19, 0, 2, 256677), {'all': {'len': 0, 'sum': 0}, 'pa': {'len': 0, 'sum': 0}, 'tbs': {'len': 0, 'sum': 0}}]
[datetime.datetime(2019, 10, 11, 19, 5, 2, 686798), {'all': {'len': 0, 'sum': 0}, 'pa': {'len': 0, 'sum': 0}, 'tbs': {'len': 0, 'sum': 0}}]
[datetime.datetime(2019, 10, 11, 19, 10, 1, 782603), {'all': {'len': 2, 'sum': 20.186999999999998}, 'pa': {'len': 2, 'sum': 20.186999999999998}, 'tbs': {'len': 0, 'sum': 0}}]
[datetime.datetime(2019, 10, 11, 19, 15, 2, 557512), {'all': {'len': 14, 'sum': 82.97000000000003}, 'pa': {'len': 5, 'sum': 82.13000000000001}, 'tbs': {'len': 8, 'sum': 0.7330000000000001}}]
[datetime.datetime(2019, 10, 11, 19, 25, 1, 950504), {'all': {'len': 11, 'sum': 1.002}, 'pa': {'len': 0, 'sum': 0}, 'tbs': {'len': 3, 'sum': 0.273}}]
[datetime.datetime(2019, 10, 11, 19, 30, 1, 966164), {'all': {'len': 24, 'sum': 2.5260000000000002}, 'pa': {'len': 0, 'sum': 0}, 'tbs': {'len': 11, 'sum': 1.0579999999999998}}]
[datetime.datetime(2019, 10, 11, 19, 40, 2, 67671), {'all': {'len': 10, 'sum': 0.9410000000000001}, 'pa': {'len': 0, 'sum': 0}, 'tbs': {'len': 5, 'sum': 0.436}}]
[datetime.datetime(2019, 10, 11, 19, 55, 1, 808988), {'all': {'len': 11, 'sum': 0.96}, 'pa': {'len': 0, 'sum': 0}, 'tbs': {'len': 6, 'sum': 0.55}}]
[datetime.datetime(2019, 10, 11, 20, 0, 1, 806123), {'all': {'len': 12, 'sum': 1.108}, 'pa': {'len': 0, 'sum': 0}, 'tbs': {'len': 9, 'sum': 0.8440000000000001}}]
[datetime.datetime(2019, 10, 11, 20, 5, 2, 609949), {'all': {'len': 15, 'sum': 1.539}, 'pa': {'len': 0, 'sum': 0}, 'tbs': {'len': 11, 'sum': 1.147}}]
[datetime.datetime(2019, 10, 11, 20, 10, 1, 773792), {'all': {'len': 24, 'sum': 2.2289999999999996}, 'pa': {'len': 0, 'sum': 0}, 'tbs': {'len': 17, 'sum': 1.626}}]
[datetime.datetime(2019, 10, 11, 20, 15, 2, 405609), {'all': {'len': 37, 'sum': 33.334999999999994}, 'pa': {'len': 1, 'sum': 0.11}, 'tbs': {'len': 12, 'sum': 1.1320000000000001}}]
[datetime.datetime(2019, 10, 11, 20, 20, 1, 751344), {'all': {'len': 10, 'sum': 0.98}, 'pa': {'len': 0, 'sum': 0}, 'tbs': {'len': 9, 'sum': 0.887}}]
[datetime.datetime(2019, 10, 11, 20, 25, 2, 654108), {'all': {'len': 9, 'sum': 0.83}, 'pa': {'len': 3, 'sum': 0.28200000000000003}, 'tbs': {'len': 4, 'sum': 0.37}}]
[datetime.datetime(2019, 10, 11, 20, 30, 2, 681256), {'all': {'len': 9, 'sum': 1.035}, 'pa': {'len': 2, 'sum': 0.183}, 'tbs': {'len': 5, 'sum': 0.6719999999999999}}]
[datetime.datetime(2019, 10, 11, 20, 35, 2, 456157), {'all': {'len': 7, 'sum': 0.5880000000000001}, 'pa': {'len': 2, 'sum': 0.197}, 'tbs': {'len': 2, 'sum': 0.149}}]
[datetime.datetime(2019, 10, 11, 20, 40, 2, 182651), {'all': {'len': 25, 'sum': 2.3689999999999998}, 'pa': {'len': 1, 'sum': 0.09}, 'tbs': {'len': 14, 'sum': 1.385}}]
[datetime.datetime(2019, 10, 11, 20, 45, 1, 852568), {'all': {'len': 10, 'sum': 0.862}, 'pa': {'len': 1, 'sum': 0.11}, 'tbs': {'len': 6, 'sum': 0.495}}]
[datetime.datetime(2019, 10, 11, 20, 50, 2, 169130), {'all': {'len': 15, 'sum': 1.353}, 'pa': {'len': 0, 'sum': 0}, 'tbs': {'len': 11, 'sum': 1.0370000000000001}}]
[datetime.datetime(2019, 10, 11, 20, 55, 1, 863475), {'all': {'len': 9, 'sum': 1.0899999999999999}, 'pa': {'len': 0, 'sum': 0}, 'tbs': {'len': 4, 'sum': 0.53}}]
[datetime.datetime(2019, 10, 11, 21, 0, 2, 9527), {'all': {'len': 23, 'sum': 2.426}, 'pa': {'len': 3, 'sum': 0.306}, 'tbs': {'len': 12, 'sum': 1.243}}]
[datetime.datetime(2019, 10, 11, 21, 5, 2, 567409), {'all': {'len': 20, 'sum': 1.8159999999999998}, 'pa': {'len': 2, 'sum': 0.176}, 'tbs': {'len': 13, 'sum': 1.2449999999999999}}]
[datetime.datetime(2019, 10, 11, 21, 10, 2, 458018), {'all': {'len': 3, 'sum': 0.29}, 'pa': {'len': 0, 'sum': 0}, 'tbs': {'len': 0, 'sum': 0}}]
[datetime.datetime(2019, 10, 11, 21, 15, 2, 395239), {'all': {'len': 30, 'sum': 3.2740000000000005}, 'pa': {'len': 1, 'sum': 0.123}, 'tbs': {'len': 24, 'sum': 2.6820000000000004}}]
[datetime.datetime(2019, 10, 11, 21, 20, 1, 945464), {'all': {'len': 4, 'sum': 0.312}, 'pa': {'len': 0, 'sum': 0}, 'tbs': {'len': 2, 'sum': 0.153}}]
[datetime.datetime(2019, 10, 11, 21, 25, 2, 6659), {'all': {'len': 0, 'sum': 0}, 'pa': {'len': 0, 'sum': 0}, 'tbs': {'len': 0, 'sum': 0}}]
[datetime.datetime(2019, 10, 11, 21, 30, 2, 10549), {'all': {'len': 0, 'sum': 0}, 'pa': {'len': 0, 'sum': 0}, 'tbs': {'len': 0, 'sum': 0}}]
[datetime.datetime(2019, 10, 11, 21, 35, 2, 464154), {'all': {'len': 0, 'sum': 0}, 'pa': {'len': 0, 'sum': 0}, 'tbs': {'len': 0, 'sum': 0}}]
[datetime.datetime(2019, 10, 11, 21, 40, 1, 822664), {'all': {'len': 0, 'sum': 0}, 'pa': {'len': 0, 'sum': 0}, 'tbs': {'len': 0, 'sum': 0}}]
[datetime.datetime(2019, 10, 11, 21, 45, 2, 92648), {'all': {'len': 0, 'sum': 0}, 'pa': {'len': 0, 'sum': 0}, 'tbs': {'len': 0, 'sum': 0}}]
[datetime.datetime(2019, 10, 11, 21, 50, 1, 758376), {'all': {'len': 0, 'sum': 0}, 'pa': {'len': 0, 'sum': 0}, 'tbs': {'len': 0, 'sum': 0}}]
[datetime.datetime(2019, 10, 11, 21, 55, 2, 557669), {'all': {'len': 0, 'sum': 0}, 'pa': {'len': 0, 'sum': 0}, 'tbs': {'len': 0, 'sum': 0}}]
[datetime.datetime(2019, 10, 11, 22, 0, 2, 287444), {'all': {'len': 0, 'sum': 0}, 'pa': {'len': 0, 'sum': 0}, 'tbs': {'len': 0, 'sum': 0}}]
[datetime.datetime(2019, 10, 11, 22, 5, 1, 824669), {'all': {'len': 0, 'sum': 0}, 'pa': {'len': 0, 'sum': 0}, 'tbs': {'len': 0, 'sum': 0}}]
[datetime.datetime(2019, 10, 11, 22, 10, 2, 638597), {'all': {'len': 0, 'sum': 0}, 'pa': {'len': 0, 'sum': 0}, 'tbs': {'len': 0, 'sum': 0}}]
[datetime.datetime(2019, 10, 11, 22, 15, 1, 970567), {'all': {'len': 1, 'sum': 0.09}, 'pa': {'len': 0, 'sum': 0}, 'tbs': {'len': 0, 'sum': 0}}]
[datetime.datetime(2019, 10, 11, 22, 20, 2, 266359), {'all': {'len': 0, 'sum': 0}, 'pa': {'len': 0, 'sum': 0}, 'tbs': {'len': 0, 'sum': 0}}]
[datetime.datetime(2019, 10, 11, 22, 25, 2, 425876), {'all': {'len': 0, 'sum': 0}, 'pa': {'len': 0, 'sum': 0}, 'tbs': {'len': 0, 'sum': 0}}]
[datetime.datetime(2019, 10, 11, 22, 30, 1, 755118), {'all': {'len': 0, 'sum': 0}, 'pa': {'len': 0, 'sum': 0}, 'tbs': {'len': 0, 'sum': 0}}]
[datetime.datetime(2019, 10, 11, 22, 35, 2, 183544), {'all': {'len': 0, 'sum': 0}, 'pa': {'len': 0, 'sum': 0}, 'tbs': {'len': 0, 'sum': 0}}]
[datetime.datetime(2019, 10, 11, 22, 40, 1, 770929), {'all': {'len': 0, 'sum': 0}, 'pa': {'len': 0, 'sum': 0}, 'tbs': {'len': 0, 'sum': 0}}]
[datetime.datetime(2019, 10, 11, 22, 45, 3, 179917), {'all': {'len': 0, 'sum': 0}, 'pa': {'len': 0, 'sum': 0}, 'tbs': {'len': 0, 'sum': 0}}]
[datetime.datetime(2019, 10, 11, 22, 50, 1, 790596), {'all': {'len': 1, 'sum': 0.086}, 'pa': {'len': 1, 'sum': 0.086}, 'tbs': {'len': 0, 'sum': 0}}]
[datetime.datetime(2019, 10, 11, 22, 55, 1, 914345), {'all': {'len': 0, 'sum': 0}, 'pa': {'len': 0, 'sum': 0}, 'tbs': {'len': 0, 'sum': 0}}]
[datetime.datetime(2019, 10, 11, 23, 0, 2, 334212), {'all': {'len': 0, 'sum': 0}, 'pa': {'len': 0, 'sum': 0}, 'tbs': {'len': 0, 'sum': 0}}]
[datetime.datetime(2019, 10, 11, 23, 5, 2, 700796), {'all': {'len': 0, 'sum': 0}, 'pa': {'len': 0, 'sum': 0}, 'tbs': {'len': 0, 'sum': 0}}]
[datetime.datetime(2019, 10, 11, 23, 10, 2, 7310), {'all': {'len': 0, 'sum': 0}, 'pa': {'len': 0, 'sum': 0}, 'tbs': {'len': 0, 'sum': 0}}]
[datetime.datetime(2019, 10, 11, 23, 15, 2, 332197), {'all': {'len': 0, 'sum': 0}, 'pa': {'len': 0, 'sum': 0}, 'tbs': {'len': 0, 'sum': 0}}]
[datetime.datetime(2019, 10, 11, 23, 20, 1, 765868), {'all': {'len': 0, 'sum': 0}, 'pa': {'len': 0, 'sum': 0}, 'tbs': {'len': 0, 'sum': 0}}]
[datetime.datetime(2019, 10, 11, 23, 25, 1, 933723), {'all': {'len': 0, 'sum': 0}, 'pa': {'len': 0, 'sum': 0}, 'tbs': {'len': 0, 'sum': 0}}]
[datetime.datetime(2019, 10, 11, 23, 30, 1, 869207), {'all': {'len': 0, 'sum': 0}, 'pa': {'len': 0, 'sum': 0}, 'tbs': {'len': 0, 'sum': 0}}]
[datetime.datetime(2019, 10, 11, 23, 35, 1, 899826), {'all': {'len': 0, 'sum': 0}, 'pa': {'len': 0, 'sum': 0}, 'tbs': {'len': 0, 'sum': 0}}]
[datetime.datetime(2019, 10, 11, 23, 40, 2, 686620), {'all': {'len': 0, 'sum': 0}, 'pa': {'len': 0, 'sum': 0}, 'tbs': {'len': 0, 'sum': 0}}]
[datetime.datetime(2019, 10, 11, 23, 45, 2, 130177), {'all': {'len': 0, 'sum': 0}, 'pa': {'len': 0, 'sum': 0}, 'tbs': {'len': 0, 'sum': 0}}]
[datetime.datetime(2019, 10, 11, 23, 50, 2, 596522), {'all': {'len': 0, 'sum': 0}, 'pa': {'len': 0, 'sum': 0}, 'tbs': {'len': 0, 'sum': 0}}]
[datetime.datetime(2019, 10, 11, 23, 55, 2, 35270), {'all': {'len': 0, 'sum': 0}, 'pa': {'len': 0, 'sum': 0}, 'tbs': {'len': 0, 'sum': 0}}]
