[datetime.datetime(2019, 10, 23, 0, 0, 1, 846141), {'all': {'len': 0, 'sum': 0}, 'pa': {'len': 0, 'sum': 0}, 'tbs': {'len': 0, 'sum': 0}}]
[datetime.datetime(2019, 10, 23, 0, 5, 2, 461935), {'all': {'len': 0, 'sum': 0}, 'pa': {'len': 0, 'sum': 0}, 'tbs': {'len': 0, 'sum': 0}}]
[datetime.datetime(2019, 10, 23, 0, 10, 2, 669851), {'all': {'len': 0, 'sum': 0}, 'pa': {'len': 0, 'sum': 0}, 'tbs': {'len': 0, 'sum': 0}}]
[datetime.datetime(2019, 10, 23, 0, 15, 2, 253832), {'all': {'len': 0, 'sum': 0}, 'pa': {'len': 0, 'sum': 0}, 'tbs': {'len': 0, 'sum': 0}}]
[datetime.datetime(2019, 10, 23, 0, 20, 1, 930412), {'all': {'len': 0, 'sum': 0}, 'pa': {'len': 0, 'sum': 0}, 'tbs': {'len': 0, 'sum': 0}}]
[datetime.datetime(2019, 10, 23, 0, 25, 2, 241758), {'all': {'len': 0, 'sum': 0}, 'pa': {'len': 0, 'sum': 0}, 'tbs': {'len': 0, 'sum': 0}}]
[datetime.datetime(2019, 10, 23, 0, 30, 2, 782373), {'all': {'len': 0, 'sum': 0}, 'pa': {'len': 0, 'sum': 0}, 'tbs': {'len': 0, 'sum': 0}}]
[datetime.datetime(2019, 10, 23, 0, 35, 2, 585542), {'all': {'len': 0, 'sum': 0}, 'pa': {'len': 0, 'sum': 0}, 'tbs': {'len': 0, 'sum': 0}}]
[datetime.datetime(2019, 10, 23, 0, 40, 2, 738571), {'all': {'len': 15, 'sum': 92.32}, 'pa': {'len': 8, 'sum': 91.633}, 'tbs': {'len': 4, 'sum': 0.401}}]
[datetime.datetime(2019, 10, 23, 0, 45, 2, 681812), {'all': {'len': 52, 'sum': 6.947999999999999}, 'pa': {'len': 11, 'sum': 1.0030000000000001}, 'tbs': {'len': 8, 'sum': 1.151}}]
[datetime.datetime(2019, 10, 23, 0, 50, 2, 718295), {'all': {'len': 49, 'sum': 4.6080000000000005}, 'pa': {'len': 4, 'sum': 0.33999999999999997}, 'tbs': {'len': 29, 'sum': 2.7979999999999996}}]
[datetime.datetime(2019, 10, 23, 1, 0, 2, 472562), {'all': {'len': 19, 'sum': 1.773}, 'pa': {'len': 3, 'sum': 0.28400000000000003}, 'tbs': {'len': 13, 'sum': 1.2189999999999999}}]
[datetime.datetime(2019, 10, 23, 1, 5, 2, 415090), {'all': {'len': 28, 'sum': 2.77}, 'pa': {'len': 3, 'sum': 0.325}, 'tbs': {'len': 18, 'sum': 1.7800000000000002}}]
[datetime.datetime(2019, 10, 23, 1, 10, 2, 527151), {'all': {'len': 24, 'sum': 2.432}, 'pa': {'len': 2, 'sum': 0.21400000000000002}, 'tbs': {'len': 11, 'sum': 1.1429999999999998}}]
[datetime.datetime(2019, 10, 23, 1, 15, 1, 763436), {'all': {'len': 10, 'sum': 0.9239999999999999}, 'pa': {'len': 2, 'sum': 0.154}, 'tbs': {'len': 6, 'sum': 0.5900000000000001}}]
[datetime.datetime(2019, 10, 23, 1, 20, 2, 584665), {'all': {'len': 13, 'sum': 1.3370000000000002}, 'pa': {'len': 5, 'sum': 0.447}, 'tbs': {'len': 1, 'sum': 0.093}}]
[datetime.datetime(2019, 10, 23, 1, 30, 2, 435487), {'all': {'len': 12, 'sum': 1.088}, 'pa': {'len': 5, 'sum': 0.43900000000000006}, 'tbs': {'len': 3, 'sum': 0.279}}]
[datetime.datetime(2019, 10, 23, 1, 35, 2, 437124), {'all': {'len': 16, 'sum': 1.4440000000000002}, 'pa': {'len': 7, 'sum': 0.6499999999999999}, 'tbs': {'len': 3, 'sum': 0.28300000000000003}}]
[datetime.datetime(2019, 10, 23, 1, 40, 2, 102227), {'all': {'len': 9, 'sum': 0.843}, 'pa': {'len': 4, 'sum': 0.382}, 'tbs': {'len': 0, 'sum': 0}}]
[datetime.datetime(2019, 10, 23, 1, 45, 2, 309528), {'all': {'len': 25, 'sum': 2.5959999999999996}, 'pa': {'len': 5, 'sum': 0.452}, 'tbs': {'len': 12, 'sum': 1.3030000000000002}}]
[datetime.datetime(2019, 10, 23, 1, 50, 2, 208620), {'all': {'len': 17, 'sum': 1.7449999999999999}, 'pa': {'len': 4, 'sum': 0.37}, 'tbs': {'len': 5, 'sum': 0.536}}]
[datetime.datetime(2019, 10, 23, 1, 55, 2, 40362), {'all': {'len': 20, 'sum': 2.3480000000000003}, 'pa': {'len': 4, 'sum': 0.414}, 'tbs': {'len': 11, 'sum': 1.333}}]
[datetime.datetime(2019, 10, 23, 2, 0, 2, 649083), {'all': {'len': 19, 'sum': 2.353}, 'pa': {'len': 5, 'sum': 0.663}, 'tbs': {'len': 11, 'sum': 1.3599999999999999}}]
[datetime.datetime(2019, 10, 23, 2, 5, 2, 435430), {'all': {'len': 24, 'sum': 2.4490000000000003}, 'pa': {'len': 9, 'sum': 0.8389999999999999}, 'tbs': {'len': 9, 'sum': 0.992}}]
[datetime.datetime(2019, 10, 23, 2, 10, 2, 664510), {'all': {'len': 14, 'sum': 1.46}, 'pa': {'len': 5, 'sum': 0.5}, 'tbs': {'len': 7, 'sum': 0.6499999999999999}}]
[datetime.datetime(2019, 10, 23, 2, 15, 2, 85090), {'all': {'len': 16, 'sum': 1.671}, 'pa': {'len': 5, 'sum': 0.513}, 'tbs': {'len': 2, 'sum': 0.214}}]
[datetime.datetime(2019, 10, 23, 2, 20, 2, 472942), {'all': {'len': 27, 'sum': 2.8350000000000004}, 'pa': {'len': 3, 'sum': 0.32299999999999995}, 'tbs': {'len': 22, 'sum': 2.2920000000000003}}]
[datetime.datetime(2019, 10, 23, 2, 25, 2, 521667), {'all': {'len': 10, 'sum': 0.9079999999999999}, 'pa': {'len': 7, 'sum': 0.613}, 'tbs': {'len': 3, 'sum': 0.295}}]
[datetime.datetime(2019, 10, 23, 2, 30, 2, 176285), {'all': {'len': 0, 'sum': 0}, 'pa': {'len': 0, 'sum': 0}, 'tbs': {'len': 0, 'sum': 0}}]
[datetime.datetime(2019, 10, 23, 2, 35, 2, 364565), {'all': {'len': 0, 'sum': 0}, 'pa': {'len': 0, 'sum': 0}, 'tbs': {'len': 0, 'sum': 0}}]
[datetime.datetime(2019, 10, 23, 2, 40, 2, 35751), {'all': {'len': 0, 'sum': 0}, 'pa': {'len': 0, 'sum': 0}, 'tbs': {'len': 0, 'sum': 0}}]
[datetime.datetime(2019, 10, 23, 2, 45, 2, 199032), {'all': {'len': 0, 'sum': 0}, 'pa': {'len': 0, 'sum': 0}, 'tbs': {'len': 0, 'sum': 0}}]
[datetime.datetime(2019, 10, 23, 2, 50, 2, 277509), {'all': {'len': 0, 'sum': 0}, 'pa': {'len': 0, 'sum': 0}, 'tbs': {'len': 0, 'sum': 0}}]
[datetime.datetime(2019, 10, 23, 2, 55, 2, 626892), {'all': {'len': 0, 'sum': 0}, 'pa': {'len': 0, 'sum': 0}, 'tbs': {'len': 0, 'sum': 0}}]
[datetime.datetime(2019, 10, 23, 3, 0, 2, 706134), {'all': {'len': 0, 'sum': 0}, 'pa': {'len': 0, 'sum': 0}, 'tbs': {'len': 0, 'sum': 0}}]
[datetime.datetime(2019, 10, 23, 3, 5, 2, 195686), {'all': {'len': 0, 'sum': 0}, 'pa': {'len': 0, 'sum': 0}, 'tbs': {'len': 0, 'sum': 0}}]
[datetime.datetime(2019, 10, 23, 3, 10, 2, 718756), {'all': {'len': 0, 'sum': 0}, 'pa': {'len': 0, 'sum': 0}, 'tbs': {'len': 0, 'sum': 0}}]
[datetime.datetime(2019, 10, 23, 3, 15, 2, 620411), {'all': {'len': 0, 'sum': 0}, 'pa': {'len': 0, 'sum': 0}, 'tbs': {'len': 0, 'sum': 0}}]
[datetime.datetime(2019, 10, 23, 3, 20, 2, 72404), {'all': {'len': 0, 'sum': 0}, 'pa': {'len': 0, 'sum': 0}, 'tbs': {'len': 0, 'sum': 0}}]
[datetime.datetime(2019, 10, 23, 3, 25, 2, 437238), {'all': {'len': 0, 'sum': 0}, 'pa': {'len': 0, 'sum': 0}, 'tbs': {'len': 0, 'sum': 0}}]
[datetime.datetime(2019, 10, 23, 3, 30, 2, 539852), {'all': {'len': 1, 'sum': 0.107}, 'pa': {'len': 0, 'sum': 0}, 'tbs': {'len': 0, 'sum': 0}}]
[datetime.datetime(2019, 10, 23, 3, 35, 2, 431754), {'all': {'len': 0, 'sum': 0}, 'pa': {'len': 0, 'sum': 0}, 'tbs': {'len': 0, 'sum': 0}}]
[datetime.datetime(2019, 10, 23, 3, 40, 1, 864393), {'all': {'len': 0, 'sum': 0}, 'pa': {'len': 0, 'sum': 0}, 'tbs': {'len': 0, 'sum': 0}}]
[datetime.datetime(2019, 10, 23, 3, 45, 2, 150505), {'all': {'len': 0, 'sum': 0}, 'pa': {'len': 0, 'sum': 0}, 'tbs': {'len': 0, 'sum': 0}}]
[datetime.datetime(2019, 10, 23, 3, 50, 2, 38417), {'all': {'len': 0, 'sum': 0}, 'pa': {'len': 0, 'sum': 0}, 'tbs': {'len': 0, 'sum': 0}}]
[datetime.datetime(2019, 10, 23, 3, 55, 2, 747889), {'all': {'len': 0, 'sum': 0}, 'pa': {'len': 0, 'sum': 0}, 'tbs': {'len': 0, 'sum': 0}}]
[datetime.datetime(2019, 10, 23, 4, 0, 2, 747921), {'all': {'len': 0, 'sum': 0}, 'pa': {'len': 0, 'sum': 0}, 'tbs': {'len': 0, 'sum': 0}}]
[datetime.datetime(2019, 10, 23, 4, 5, 3, 480348), {'all': {'len': 0, 'sum': 0}, 'pa': {'len': 0, 'sum': 0}, 'tbs': {'len': 0, 'sum': 0}}]
[datetime.datetime(2019, 10, 23, 4, 10, 2, 403459), {'all': {'len': 0, 'sum': 0}, 'pa': {'len': 0, 'sum': 0}, 'tbs': {'len': 0, 'sum': 0}}]
[datetime.datetime(2019, 10, 23, 4, 15, 2, 12099), {'all': {'len': 0, 'sum': 0}, 'pa': {'len': 0, 'sum': 0}, 'tbs': {'len': 0, 'sum': 0}}]
[datetime.datetime(2019, 10, 23, 4, 20, 2, 704401), {'all': {'len': 1, 'sum': 0.11}, 'pa': {'len': 0, 'sum': 0}, 'tbs': {'len': 0, 'sum': 0}}]
[datetime.datetime(2019, 10, 23, 4, 25, 2, 141639), {'all': {'len': 0, 'sum': 0}, 'pa': {'len': 0, 'sum': 0}, 'tbs': {'len': 0, 'sum': 0}}]
[datetime.datetime(2019, 10, 23, 4, 30, 2, 414910), {'all': {'len': 0, 'sum': 0}, 'pa': {'len': 0, 'sum': 0}, 'tbs': {'len': 0, 'sum': 0}}]
[datetime.datetime(2019, 10, 23, 4, 35, 1, 943674), {'all': {'len': 0, 'sum': 0}, 'pa': {'len': 0, 'sum': 0}, 'tbs': {'len': 0, 'sum': 0}}]
[datetime.datetime(2019, 10, 23, 4, 40, 2, 424243), {'all': {'len': 0, 'sum': 0}, 'pa': {'len': 0, 'sum': 0}, 'tbs': {'len': 0, 'sum': 0}}]
[datetime.datetime(2019, 10, 23, 4, 45, 2, 102855), {'all': {'len': 0, 'sum': 0}, 'pa': {'len': 0, 'sum': 0}, 'tbs': {'len': 0, 'sum': 0}}]
[datetime.datetime(2019, 10, 23, 4, 50, 2, 729390), {'all': {'len': 0, 'sum': 0}, 'pa': {'len': 0, 'sum': 0}, 'tbs': {'len': 0, 'sum': 0}}]
[datetime.datetime(2019, 10, 23, 4, 55, 2, 386619), {'all': {'len': 0, 'sum': 0}, 'pa': {'len': 0, 'sum': 0}, 'tbs': {'len': 0, 'sum': 0}}]
[datetime.datetime(2019, 10, 23, 5, 0, 2, 221116), {'all': {'len': 0, 'sum': 0}, 'pa': {'len': 0, 'sum': 0}, 'tbs': {'len': 0, 'sum': 0}}]
[datetime.datetime(2019, 10, 23, 5, 5, 1, 830750), {'all': {'len': 0, 'sum': 0}, 'pa': {'len': 0, 'sum': 0}, 'tbs': {'len': 0, 'sum': 0}}]
[datetime.datetime(2019, 10, 23, 5, 10, 1, 990728), {'all': {'len': 0, 'sum': 0}, 'pa': {'len': 0, 'sum': 0}, 'tbs': {'len': 0, 'sum': 0}}]
[datetime.datetime(2019, 10, 23, 5, 15, 2, 443165), {'all': {'len': 0, 'sum': 0}, 'pa': {'len': 0, 'sum': 0}, 'tbs': {'len': 0, 'sum': 0}}]
[datetime.datetime(2019, 10, 23, 5, 20, 2, 400534), {'all': {'len': 0, 'sum': 0}, 'pa': {'len': 0, 'sum': 0}, 'tbs': {'len': 0, 'sum': 0}}]
[datetime.datetime(2019, 10, 23, 5, 25, 2, 2839), {'all': {'len': 0, 'sum': 0}, 'pa': {'len': 0, 'sum': 0}, 'tbs': {'len': 0, 'sum': 0}}]
[datetime.datetime(2019, 10, 23, 5, 30, 2, 9505), {'all': {'len': 0, 'sum': 0}, 'pa': {'len': 0, 'sum': 0}, 'tbs': {'len': 0, 'sum': 0}}]
[datetime.datetime(2019, 10, 23, 5, 35, 2, 653314), {'all': {'len': 0, 'sum': 0}, 'pa': {'len': 0, 'sum': 0}, 'tbs': {'len': 0, 'sum': 0}}]
[datetime.datetime(2019, 10, 23, 5, 40, 2, 322255), {'all': {'len': 0, 'sum': 0}, 'pa': {'len': 0, 'sum': 0}, 'tbs': {'len': 0, 'sum': 0}}]
[datetime.datetime(2019, 10, 23, 5, 45, 2, 537314), {'all': {'len': 0, 'sum': 0}, 'pa': {'len': 0, 'sum': 0}, 'tbs': {'len': 0, 'sum': 0}}]
[datetime.datetime(2019, 10, 23, 5, 50, 2, 447265), {'all': {'len': 0, 'sum': 0}, 'pa': {'len': 0, 'sum': 0}, 'tbs': {'len': 0, 'sum': 0}}]
[datetime.datetime(2019, 10, 23, 5, 55, 1, 807558), {'all': {'len': 0, 'sum': 0}, 'pa': {'len': 0, 'sum': 0}, 'tbs': {'len': 0, 'sum': 0}}]
[datetime.datetime(2019, 10, 23, 6, 0, 2, 574455), {'all': {'len': 0, 'sum': 0}, 'pa': {'len': 0, 'sum': 0}, 'tbs': {'len': 0, 'sum': 0}}]
[datetime.datetime(2019, 10, 23, 6, 5, 2, 237611), {'all': {'len': 0, 'sum': 0}, 'pa': {'len': 0, 'sum': 0}, 'tbs': {'len': 0, 'sum': 0}}]
[datetime.datetime(2019, 10, 23, 6, 10, 2, 406671), {'all': {'len': 0, 'sum': 0}, 'pa': {'len': 0, 'sum': 0}, 'tbs': {'len': 0, 'sum': 0}}]
[datetime.datetime(2019, 10, 23, 6, 15, 2, 474991), {'all': {'len': 0, 'sum': 0}, 'pa': {'len': 0, 'sum': 0}, 'tbs': {'len': 0, 'sum': 0}}]
[datetime.datetime(2019, 10, 23, 6, 20, 1, 966213), {'all': {'len': 0, 'sum': 0}, 'pa': {'len': 0, 'sum': 0}, 'tbs': {'len': 0, 'sum': 0}}]
[datetime.datetime(2019, 10, 23, 6, 25, 2, 271416), {'all': {'len': 0, 'sum': 0}, 'pa': {'len': 0, 'sum': 0}, 'tbs': {'len': 0, 'sum': 0}}]
[datetime.datetime(2019, 10, 23, 6, 30, 2, 43540), {'all': {'len': 0, 'sum': 0}, 'pa': {'len': 0, 'sum': 0}, 'tbs': {'len': 0, 'sum': 0}}]
[datetime.datetime(2019, 10, 23, 6, 35, 1, 845390), {'all': {'len': 0, 'sum': 0}, 'pa': {'len': 0, 'sum': 0}, 'tbs': {'len': 0, 'sum': 0}}]
[datetime.datetime(2019, 10, 23, 6, 40, 2, 438487), {'all': {'len': 33, 'sum': 67.53999999999999}, 'pa': {'len': 8, 'sum': 64.464}, 'tbs': {'len': 11, 'sum': 1.387}}]
[datetime.datetime(2019, 10, 23, 6, 45, 2, 192429), {'all': {'len': 31, 'sum': 3.438999999999999}, 'pa': {'len': 12, 'sum': 1.1929999999999998}, 'tbs': {'len': 16, 'sum': 1.913}}]
[datetime.datetime(2019, 10, 23, 6, 55, 2, 58800), {'all': {'len': 58, 'sum': 7.308999999999997}, 'pa': {'len': 7, 'sum': 0.66}, 'tbs': {'len': 34, 'sum': 4.345}}]
[datetime.datetime(2019, 10, 23, 7, 0, 2, 55033), {'all': {'len': 16, 'sum': 1.638}, 'pa': {'len': 3, 'sum': 0.245}, 'tbs': {'len': 9, 'sum': 0.9769999999999999}}]
[datetime.datetime(2019, 10, 23, 7, 5, 1, 828237), {'all': {'len': 26, 'sum': 2.532}, 'pa': {'len': 2, 'sum': 0.16699999999999998}, 'tbs': {'len': 17, 'sum': 1.6569999999999998}}]
[datetime.datetime(2019, 10, 23, 7, 10, 2, 506909), {'all': {'len': 32, 'sum': 3.374}, 'pa': {'len': 2, 'sum': 0.20600000000000002}, 'tbs': {'len': 25, 'sum': 2.7510000000000003}}]
[datetime.datetime(2019, 10, 23, 7, 15, 2, 653794), {'all': {'len': 14, 'sum': 1.309}, 'pa': {'len': 2, 'sum': 0.186}, 'tbs': {'len': 8, 'sum': 0.7609999999999999}}]
[datetime.datetime(2019, 10, 23, 7, 20, 2, 283733), {'all': {'len': 15, 'sum': 1.7689999999999997}, 'pa': {'len': 3, 'sum': 0.471}, 'tbs': {'len': 11, 'sum': 1.204}}]
[datetime.datetime(2019, 10, 23, 7, 25, 3, 128969), {'all': {'len': 18, 'sum': 1.6770000000000003}, 'pa': {'len': 3, 'sum': 0.277}, 'tbs': {'len': 10, 'sum': 0.939}}]
[datetime.datetime(2019, 10, 23, 7, 30, 2, 687822), {'all': {'len': 26, 'sum': 3.359}, 'pa': {'len': 3, 'sum': 0.383}, 'tbs': {'len': 13, 'sum': 1.714}}]
[datetime.datetime(2019, 10, 23, 7, 35, 2, 169321), {'all': {'len': 21, 'sum': 2.436}, 'pa': {'len': 2, 'sum': 0.189}, 'tbs': {'len': 12, 'sum': 1.396}}]
[datetime.datetime(2019, 10, 23, 7, 45, 2, 255883), {'all': {'len': 55, 'sum': 5.748}, 'pa': {'len': 1, 'sum': 0.093}, 'tbs': {'len': 28, 'sum': 2.9240000000000004}}]
[datetime.datetime(2019, 10, 23, 7, 50, 2, 221378), {'all': {'len': 34, 'sum': 3.2499999999999996}, 'pa': {'len': 4, 'sum': 0.372}, 'tbs': {'len': 18, 'sum': 1.734}}]
[datetime.datetime(2019, 10, 23, 7, 55, 2, 294853), {'all': {'len': 30, 'sum': 2.896}, 'pa': {'len': 3, 'sum': 0.256}, 'tbs': {'len': 17, 'sum': 1.685}}]
[datetime.datetime(2019, 10, 23, 8, 0, 1, 823789), {'all': {'len': 23, 'sum': 2.131}, 'pa': {'len': 11, 'sum': 0.9539999999999998}, 'tbs': {'len': 6, 'sum': 0.602}}]
[datetime.datetime(2019, 10, 23, 8, 5, 2, 390745), {'all': {'len': 12, 'sum': 1.2}, 'pa': {'len': 4, 'sum': 0.302}, 'tbs': {'len': 6, 'sum': 0.712}}]
[datetime.datetime(2019, 10, 23, 8, 10, 2, 482075), {'all': {'len': 28, 'sum': 2.507}, 'pa': {'len': 10, 'sum': 0.803}, 'tbs': {'len': 11, 'sum': 1.0870000000000002}}]
[datetime.datetime(2019, 10, 23, 8, 15, 2, 249747), {'all': {'len': 12, 'sum': 1.2229999999999999}, 'pa': {'len': 4, 'sum': 0.398}, 'tbs': {'len': 6, 'sum': 0.654}}]
[datetime.datetime(2019, 10, 23, 8, 20, 1, 935641), {'all': {'len': 22, 'sum': 2.2529999999999997}, 'pa': {'len': 0, 'sum': 0}, 'tbs': {'len': 13, 'sum': 1.3330000000000002}}]
[datetime.datetime(2019, 10, 23, 8, 25, 2, 304815), {'all': {'len': 12, 'sum': 1.0829999999999997}, 'pa': {'len': 1, 'sum': 0.094}, 'tbs': {'len': 8, 'sum': 0.7229999999999999}}]
[datetime.datetime(2019, 10, 23, 8, 30, 2, 577249), {'all': {'len': 8, 'sum': 0.709}, 'pa': {'len': 4, 'sum': 0.384}, 'tbs': {'len': 0, 'sum': 0}}]
[datetime.datetime(2019, 10, 23, 8, 35, 2, 99771), {'all': {'len': 1, 'sum': 0.077}, 'pa': {'len': 0, 'sum': 0}, 'tbs': {'len': 0, 'sum': 0}}]
[datetime.datetime(2019, 10, 23, 8, 40, 2, 290967), {'all': {'len': 0, 'sum': 0}, 'pa': {'len': 0, 'sum': 0}, 'tbs': {'len': 0, 'sum': 0}}]
[datetime.datetime(2019, 10, 23, 8, 45, 2, 493291), {'all': {'len': 0, 'sum': 0}, 'pa': {'len': 0, 'sum': 0}, 'tbs': {'len': 0, 'sum': 0}}]
[datetime.datetime(2019, 10, 23, 8, 50, 2, 3585), {'all': {'len': 0, 'sum': 0}, 'pa': {'len': 0, 'sum': 0}, 'tbs': {'len': 0, 'sum': 0}}]
[datetime.datetime(2019, 10, 23, 8, 55, 2, 124423), {'all': {'len': 0, 'sum': 0}, 'pa': {'len': 0, 'sum': 0}, 'tbs': {'len': 0, 'sum': 0}}]
[datetime.datetime(2019, 10, 23, 9, 0, 2, 329214), {'all': {'len': 0, 'sum': 0}, 'pa': {'len': 0, 'sum': 0}, 'tbs': {'len': 0, 'sum': 0}}]
[datetime.datetime(2019, 10, 23, 9, 5, 2, 21782), {'all': {'len': 0, 'sum': 0}, 'pa': {'len': 0, 'sum': 0}, 'tbs': {'len': 0, 'sum': 0}}]
[datetime.datetime(2019, 10, 23, 9, 10, 2, 861122), {'all': {'len': 0, 'sum': 0}, 'pa': {'len': 0, 'sum': 0}, 'tbs': {'len': 0, 'sum': 0}}]
[datetime.datetime(2019, 10, 23, 9, 15, 1, 871059), {'all': {'len': 0, 'sum': 0}, 'pa': {'len': 0, 'sum': 0}, 'tbs': {'len': 0, 'sum': 0}}]
[datetime.datetime(2019, 10, 23, 9, 20, 2, 406430), {'all': {'len': 0, 'sum': 0}, 'pa': {'len': 0, 'sum': 0}, 'tbs': {'len': 0, 'sum': 0}}]
[datetime.datetime(2019, 10, 23, 9, 25, 2, 567779), {'all': {'len': 0, 'sum': 0}, 'pa': {'len': 0, 'sum': 0}, 'tbs': {'len': 0, 'sum': 0}}]
[datetime.datetime(2019, 10, 23, 9, 30, 2, 251652), {'all': {'len': 0, 'sum': 0}, 'pa': {'len': 0, 'sum': 0}, 'tbs': {'len': 0, 'sum': 0}}]
[datetime.datetime(2019, 10, 23, 9, 35, 2, 368225), {'all': {'len': 0, 'sum': 0}, 'pa': {'len': 0, 'sum': 0}, 'tbs': {'len': 0, 'sum': 0}}]
[datetime.datetime(2019, 10, 23, 9, 40, 2, 195796), {'all': {'len': 1, 'sum': 0.11}, 'pa': {'len': 0, 'sum': 0}, 'tbs': {'len': 0, 'sum': 0}}]
[datetime.datetime(2019, 10, 23, 9, 45, 2, 509512), {'all': {'len': 0, 'sum': 0}, 'pa': {'len': 0, 'sum': 0}, 'tbs': {'len': 0, 'sum': 0}}]
[datetime.datetime(2019, 10, 23, 9, 50, 2, 550103), {'all': {'len': 0, 'sum': 0}, 'pa': {'len': 0, 'sum': 0}, 'tbs': {'len': 0, 'sum': 0}}]
[datetime.datetime(2019, 10, 23, 9, 55, 2, 301812), {'all': {'len': 0, 'sum': 0}, 'pa': {'len': 0, 'sum': 0}, 'tbs': {'len': 0, 'sum': 0}}]
[datetime.datetime(2019, 10, 23, 10, 0, 2, 123602), {'all': {'len': 0, 'sum': 0}, 'pa': {'len': 0, 'sum': 0}, 'tbs': {'len': 0, 'sum': 0}}]
[datetime.datetime(2019, 10, 23, 10, 5, 2, 677410), {'all': {'len': 0, 'sum': 0}, 'pa': {'len': 0, 'sum': 0}, 'tbs': {'len': 0, 'sum': 0}}]
[datetime.datetime(2019, 10, 23, 10, 10, 2, 499816), {'all': {'len': 0, 'sum': 0}, 'pa': {'len': 0, 'sum': 0}, 'tbs': {'len': 0, 'sum': 0}}]
[datetime.datetime(2019, 10, 23, 10, 15, 2, 99583), {'all': {'len': 0, 'sum': 0}, 'pa': {'len': 0, 'sum': 0}, 'tbs': {'len': 0, 'sum': 0}}]
[datetime.datetime(2019, 10, 23, 10, 20, 2, 68294), {'all': {'len': 0, 'sum': 0}, 'pa': {'len': 0, 'sum': 0}, 'tbs': {'len': 0, 'sum': 0}}]
[datetime.datetime(2019, 10, 23, 10, 25, 2, 368239), {'all': {'len': 0, 'sum': 0}, 'pa': {'len': 0, 'sum': 0}, 'tbs': {'len': 0, 'sum': 0}}]
[datetime.datetime(2019, 10, 23, 10, 30, 2, 571261), {'all': {'len': 0, 'sum': 0}, 'pa': {'len': 0, 'sum': 0}, 'tbs': {'len': 0, 'sum': 0}}]
[datetime.datetime(2019, 10, 23, 10, 35, 2, 633064), {'all': {'len': 0, 'sum': 0}, 'pa': {'len': 0, 'sum': 0}, 'tbs': {'len': 0, 'sum': 0}}]
[datetime.datetime(2019, 10, 23, 10, 40, 2, 411751), {'all': {'len': 0, 'sum': 0}, 'pa': {'len': 0, 'sum': 0}, 'tbs': {'len': 0, 'sum': 0}}]
[datetime.datetime(2019, 10, 23, 10, 45, 2, 359783), {'all': {'len': 0, 'sum': 0}, 'pa': {'len': 0, 'sum': 0}, 'tbs': {'len': 0, 'sum': 0}}]
[datetime.datetime(2019, 10, 23, 10, 50, 2, 302069), {'all': {'len': 0, 'sum': 0}, 'pa': {'len': 0, 'sum': 0}, 'tbs': {'len': 0, 'sum': 0}}]
[datetime.datetime(2019, 10, 23, 10, 55, 2, 645617), {'all': {'len': 0, 'sum': 0}, 'pa': {'len': 0, 'sum': 0}, 'tbs': {'len': 0, 'sum': 0}}]
[datetime.datetime(2019, 10, 23, 11, 0, 1, 996702), {'all': {'len': 0, 'sum': 0}, 'pa': {'len': 0, 'sum': 0}, 'tbs': {'len': 0, 'sum': 0}}]
[datetime.datetime(2019, 10, 23, 11, 5, 2, 535483), {'all': {'len': 0, 'sum': 0}, 'pa': {'len': 0, 'sum': 0}, 'tbs': {'len': 0, 'sum': 0}}]
[datetime.datetime(2019, 10, 23, 11, 10, 1, 794568), {'all': {'len': 0, 'sum': 0}, 'pa': {'len': 0, 'sum': 0}, 'tbs': {'len': 0, 'sum': 0}}]
[datetime.datetime(2019, 10, 23, 11, 15, 2, 494754), {'all': {'len': 0, 'sum': 0}, 'pa': {'len': 0, 'sum': 0}, 'tbs': {'len': 0, 'sum': 0}}]
[datetime.datetime(2019, 10, 23, 11, 20, 2, 116518), {'all': {'len': 0, 'sum': 0}, 'pa': {'len': 0, 'sum': 0}, 'tbs': {'len': 0, 'sum': 0}}]
[datetime.datetime(2019, 10, 23, 11, 25, 2, 21605), {'all': {'len': 0, 'sum': 0}, 'pa': {'len': 0, 'sum': 0}, 'tbs': {'len': 0, 'sum': 0}}]
[datetime.datetime(2019, 10, 23, 11, 30, 2, 653746), {'all': {'len': 1, 'sum': 0.106}, 'pa': {'len': 0, 'sum': 0}, 'tbs': {'len': 0, 'sum': 0}}]
[datetime.datetime(2019, 10, 23, 11, 35, 2, 678834), {'all': {'len': 0, 'sum': 0}, 'pa': {'len': 0, 'sum': 0}, 'tbs': {'len': 0, 'sum': 0}}]
[datetime.datetime(2019, 10, 23, 11, 40, 2, 790592), {'all': {'len': 0, 'sum': 0}, 'pa': {'len': 0, 'sum': 0}, 'tbs': {'len': 0, 'sum': 0}}]
[datetime.datetime(2019, 10, 23, 11, 45, 2, 745050), {'all': {'len': 0, 'sum': 0}, 'pa': {'len': 0, 'sum': 0}, 'tbs': {'len': 0, 'sum': 0}}]
[datetime.datetime(2019, 10, 23, 11, 50, 2, 624577), {'all': {'len': 0, 'sum': 0}, 'pa': {'len': 0, 'sum': 0}, 'tbs': {'len': 0, 'sum': 0}}]
[datetime.datetime(2019, 10, 23, 11, 55, 2, 535145), {'all': {'len': 0, 'sum': 0}, 'pa': {'len': 0, 'sum': 0}, 'tbs': {'len': 0, 'sum': 0}}]
[datetime.datetime(2019, 10, 23, 12, 0, 2, 578856), {'all': {'len': 0, 'sum': 0}, 'pa': {'len': 0, 'sum': 0}, 'tbs': {'len': 0, 'sum': 0}}]
[datetime.datetime(2019, 10, 23, 12, 5, 2, 396666), {'all': {'len': 1, 'sum': 0.097}, 'pa': {'len': 0, 'sum': 0}, 'tbs': {'len': 0, 'sum': 0}}]
[datetime.datetime(2019, 10, 23, 12, 10, 1, 832176), {'all': {'len': 0, 'sum': 0}, 'pa': {'len': 0, 'sum': 0}, 'tbs': {'len': 0, 'sum': 0}}]
[datetime.datetime(2019, 10, 23, 12, 15, 2, 274895), {'all': {'len': 0, 'sum': 0}, 'pa': {'len': 0, 'sum': 0}, 'tbs': {'len': 0, 'sum': 0}}]
[datetime.datetime(2019, 10, 23, 12, 20, 2, 622123), {'all': {'len': 0, 'sum': 0}, 'pa': {'len': 0, 'sum': 0}, 'tbs': {'len': 0, 'sum': 0}}]
[datetime.datetime(2019, 10, 23, 12, 25, 2, 603311), {'all': {'len': 0, 'sum': 0}, 'pa': {'len': 0, 'sum': 0}, 'tbs': {'len': 0, 'sum': 0}}]
[datetime.datetime(2019, 10, 23, 12, 30, 1, 805046), {'all': {'len': 0, 'sum': 0}, 'pa': {'len': 0, 'sum': 0}, 'tbs': {'len': 0, 'sum': 0}}]
[datetime.datetime(2019, 10, 23, 12, 35, 2, 211389), {'all': {'len': 0, 'sum': 0}, 'pa': {'len': 0, 'sum': 0}, 'tbs': {'len': 0, 'sum': 0}}]
[datetime.datetime(2019, 10, 23, 12, 45, 2, 628867), {'all': {'len': 22, 'sum': 2.477}, 'pa': {'len': 11, 'sum': 1.264}, 'tbs': {'len': 3, 'sum': 0.323}}]
[datetime.datetime(2019, 10, 23, 12, 55, 2, 796273), {'all': {'len': 11, 'sum': 1.452}, 'pa': {'len': 5, 'sum': 0.737}, 'tbs': {'len': 4, 'sum': 0.45799999999999996}}]
[datetime.datetime(2019, 10, 23, 13, 0, 2, 714745), {'all': {'len': 23, 'sum': 2.21}, 'pa': {'len': 1, 'sum': 0.09}, 'tbs': {'len': 15, 'sum': 1.45}}]
[datetime.datetime(2019, 10, 23, 13, 5, 2, 366486), {'all': {'len': 8, 'sum': 0.885}, 'pa': {'len': 1, 'sum': 0.156}, 'tbs': {'len': 5, 'sum': 0.515}}]
[datetime.datetime(2019, 10, 23, 13, 10, 2, 137585), {'all': {'len': 20, 'sum': 2.066}, 'pa': {'len': 9, 'sum': 0.874}, 'tbs': {'len': 4, 'sum': 0.40900000000000003}}]
[datetime.datetime(2019, 10, 23, 13, 15, 2, 580459), {'all': {'len': 9, 'sum': 0.8529999999999999}, 'pa': {'len': 3, 'sum': 0.29}, 'tbs': {'len': 4, 'sum': 0.392}}]
[datetime.datetime(2019, 10, 23, 13, 20, 1, 806740), {'all': {'len': 27, 'sum': 3.0330000000000004}, 'pa': {'len': 2, 'sum': 0.187}, 'tbs': {'len': 20, 'sum': 2.315}}]
[datetime.datetime(2019, 10, 23, 13, 25, 2, 91258), {'all': {'len': 23, 'sum': 2.803}, 'pa': {'len': 6, 'sum': 0.738}, 'tbs': {'len': 11, 'sum': 1.362}}]
[datetime.datetime(2019, 10, 23, 13, 30, 2, 230077), {'all': {'len': 39, 'sum': 5.180000000000001}, 'pa': {'len': 3, 'sum': 0.381}, 'tbs': {'len': 20, 'sum': 2.7159999999999997}}]
[datetime.datetime(2019, 10, 23, 13, 35, 1, 944165), {'all': {'len': 18, 'sum': 2.557}, 'pa': {'len': 6, 'sum': 0.5549999999999999}, 'tbs': {'len': 1, 'sum': 0.203}}]
[datetime.datetime(2019, 10, 23, 13, 50, 1, 994056), {'all': {'len': 11, 'sum': 1.424}, 'pa': {'len': 5, 'sum': 0.668}, 'tbs': {'len': 2, 'sum': 0.293}}]
[datetime.datetime(2019, 10, 23, 13, 55, 1, 999018), {'all': {'len': 36, 'sum': 4.308000000000001}, 'pa': {'len': 2, 'sum': 0.213}, 'tbs': {'len': 22, 'sum': 2.6049999999999995}}]
[datetime.datetime(2019, 10, 23, 14, 0, 2, 735038), {'all': {'len': 26, 'sum': 4.502}, 'pa': {'len': 1, 'sum': 0.096}, 'tbs': {'len': 22, 'sum': 3.833}}]
[datetime.datetime(2019, 10, 23, 14, 5, 2, 441777), {'all': {'len': 14, 'sum': 1.677}, 'pa': {'len': 3, 'sum': 0.303}, 'tbs': {'len': 8, 'sum': 0.931}}]
[datetime.datetime(2019, 10, 23, 14, 10, 2, 582800), {'all': {'len': 14, 'sum': 1.3920000000000001}, 'pa': {'len': 7, 'sum': 0.708}, 'tbs': {'len': 4, 'sum': 0.381}}]
[datetime.datetime(2019, 10, 23, 14, 15, 1, 841962), {'all': {'len': 39, 'sum': 4.625000000000001}, 'pa': {'len': 7, 'sum': 0.848}, 'tbs': {'len': 22, 'sum': 2.672}}]
[datetime.datetime(2019, 10, 23, 14, 20, 2, 232113), {'all': {'len': 37, 'sum': 4.284000000000001}, 'pa': {'len': 6, 'sum': 0.624}, 'tbs': {'len': 19, 'sum': 2.214}}]
[datetime.datetime(2019, 10, 23, 14, 25, 2, 399965), {'all': {'len': 26, 'sum': 3.13}, 'pa': {'len': 4, 'sum': 0.526}, 'tbs': {'len': 17, 'sum': 2.005}}]
[datetime.datetime(2019, 10, 23, 14, 35, 1, 958097), {'all': {'len': 5, 'sum': 0.517}, 'pa': {'len': 1, 'sum': 0.09}, 'tbs': {'len': 3, 'sum': 0.317}}]
[datetime.datetime(2019, 10, 23, 14, 40, 1, 918129), {'all': {'len': 0, 'sum': 0}, 'pa': {'len': 0, 'sum': 0}, 'tbs': {'len': 0, 'sum': 0}}]
[datetime.datetime(2019, 10, 23, 14, 45, 2, 187045), {'all': {'len': 0, 'sum': 0}, 'pa': {'len': 0, 'sum': 0}, 'tbs': {'len': 0, 'sum': 0}}]
[datetime.datetime(2019, 10, 23, 14, 50, 1, 919267), {'all': {'len': 0, 'sum': 0}, 'pa': {'len': 0, 'sum': 0}, 'tbs': {'len': 0, 'sum': 0}}]
[datetime.datetime(2019, 10, 23, 14, 55, 2, 226751), {'all': {'len': 0, 'sum': 0}, 'pa': {'len': 0, 'sum': 0}, 'tbs': {'len': 0, 'sum': 0}}]
[datetime.datetime(2019, 10, 23, 15, 0, 3, 321845), {'all': {'len': 0, 'sum': 0}, 'pa': {'len': 0, 'sum': 0}, 'tbs': {'len': 0, 'sum': 0}}]
[datetime.datetime(2019, 10, 23, 15, 5, 2, 128131), {'all': {'len': 0, 'sum': 0}, 'pa': {'len': 0, 'sum': 0}, 'tbs': {'len': 0, 'sum': 0}}]
[datetime.datetime(2019, 10, 23, 15, 10, 2, 243914), {'all': {'len': 0, 'sum': 0}, 'pa': {'len': 0, 'sum': 0}, 'tbs': {'len': 0, 'sum': 0}}]
[datetime.datetime(2019, 10, 23, 15, 15, 2, 64631), {'all': {'len': 0, 'sum': 0}, 'pa': {'len': 0, 'sum': 0}, 'tbs': {'len': 0, 'sum': 0}}]
[datetime.datetime(2019, 10, 23, 15, 20, 2, 757441), {'all': {'len': 0, 'sum': 0}, 'pa': {'len': 0, 'sum': 0}, 'tbs': {'len': 0, 'sum': 0}}]
[datetime.datetime(2019, 10, 23, 15, 25, 1, 919315), {'all': {'len': 0, 'sum': 0}, 'pa': {'len': 0, 'sum': 0}, 'tbs': {'len': 0, 'sum': 0}}]
[datetime.datetime(2019, 10, 23, 15, 30, 2, 206119), {'all': {'len': 0, 'sum': 0}, 'pa': {'len': 0, 'sum': 0}, 'tbs': {'len': 0, 'sum': 0}}]
[datetime.datetime(2019, 10, 23, 15, 35, 1, 864647), {'all': {'len': 0, 'sum': 0}, 'pa': {'len': 0, 'sum': 0}, 'tbs': {'len': 0, 'sum': 0}}]
[datetime.datetime(2019, 10, 23, 15, 40, 2, 475660), {'all': {'len': 0, 'sum': 0}, 'pa': {'len': 0, 'sum': 0}, 'tbs': {'len': 0, 'sum': 0}}]
[datetime.datetime(2019, 10, 23, 15, 45, 2, 64916), {'all': {'len': 0, 'sum': 0}, 'pa': {'len': 0, 'sum': 0}, 'tbs': {'len': 0, 'sum': 0}}]
[datetime.datetime(2019, 10, 23, 15, 50, 2, 630493), {'all': {'len': 0, 'sum': 0}, 'pa': {'len': 0, 'sum': 0}, 'tbs': {'len': 0, 'sum': 0}}]
[datetime.datetime(2019, 10, 23, 15, 55, 2, 429840), {'all': {'len': 0, 'sum': 0}, 'pa': {'len': 0, 'sum': 0}, 'tbs': {'len': 0, 'sum': 0}}]
[datetime.datetime(2019, 10, 23, 16, 0, 2, 179713), {'all': {'len': 0, 'sum': 0}, 'pa': {'len': 0, 'sum': 0}, 'tbs': {'len': 0, 'sum': 0}}]
[datetime.datetime(2019, 10, 23, 16, 5, 2, 56817), {'all': {'len': 1, 'sum': 0.153}, 'pa': {'len': 0, 'sum': 0}, 'tbs': {'len': 0, 'sum': 0}}]
[datetime.datetime(2019, 10, 23, 16, 10, 1, 958258), {'all': {'len': 0, 'sum': 0}, 'pa': {'len': 0, 'sum': 0}, 'tbs': {'len': 0, 'sum': 0}}]
[datetime.datetime(2019, 10, 23, 16, 15, 2, 254726), {'all': {'len': 1, 'sum': 0.087}, 'pa': {'len': 0, 'sum': 0}, 'tbs': {'len': 0, 'sum': 0}}]
[datetime.datetime(2019, 10, 23, 16, 20, 2, 405904), {'all': {'len': 0, 'sum': 0}, 'pa': {'len': 0, 'sum': 0}, 'tbs': {'len': 0, 'sum': 0}}]
[datetime.datetime(2019, 10, 23, 16, 25, 2, 605027), {'all': {'len': 0, 'sum': 0}, 'pa': {'len': 0, 'sum': 0}, 'tbs': {'len': 0, 'sum': 0}}]
[datetime.datetime(2019, 10, 23, 16, 30, 2, 653195), {'all': {'len': 0, 'sum': 0}, 'pa': {'len': 0, 'sum': 0}, 'tbs': {'len': 0, 'sum': 0}}]
[datetime.datetime(2019, 10, 23, 16, 35, 2, 540928), {'all': {'len': 0, 'sum': 0}, 'pa': {'len': 0, 'sum': 0}, 'tbs': {'len': 0, 'sum': 0}}]
[datetime.datetime(2019, 10, 23, 16, 40, 2, 515290), {'all': {'len': 0, 'sum': 0}, 'pa': {'len': 0, 'sum': 0}, 'tbs': {'len': 0, 'sum': 0}}]
[datetime.datetime(2019, 10, 23, 16, 45, 2, 448659), {'all': {'len': 0, 'sum': 0}, 'pa': {'len': 0, 'sum': 0}, 'tbs': {'len': 0, 'sum': 0}}]
[datetime.datetime(2019, 10, 23, 16, 50, 2, 508034), {'all': {'len': 0, 'sum': 0}, 'pa': {'len': 0, 'sum': 0}, 'tbs': {'len': 0, 'sum': 0}}]
[datetime.datetime(2019, 10, 23, 16, 55, 2, 168527), {'all': {'len': 0, 'sum': 0}, 'pa': {'len': 0, 'sum': 0}, 'tbs': {'len': 0, 'sum': 0}}]
[datetime.datetime(2019, 10, 23, 17, 0, 2, 44820), {'all': {'len': 0, 'sum': 0}, 'pa': {'len': 0, 'sum': 0}, 'tbs': {'len': 0, 'sum': 0}}]
[datetime.datetime(2019, 10, 23, 17, 5, 2, 138689), {'all': {'len': 0, 'sum': 0}, 'pa': {'len': 0, 'sum': 0}, 'tbs': {'len': 0, 'sum': 0}}]
[datetime.datetime(2019, 10, 23, 17, 10, 2, 272081), {'all': {'len': 0, 'sum': 0}, 'pa': {'len': 0, 'sum': 0}, 'tbs': {'len': 0, 'sum': 0}}]
[datetime.datetime(2019, 10, 23, 17, 15, 2, 646443), {'all': {'len': 0, 'sum': 0}, 'pa': {'len': 0, 'sum': 0}, 'tbs': {'len': 0, 'sum': 0}}]
[datetime.datetime(2019, 10, 23, 17, 20, 2, 709246), {'all': {'len': 0, 'sum': 0}, 'pa': {'len': 0, 'sum': 0}, 'tbs': {'len': 0, 'sum': 0}}]
[datetime.datetime(2019, 10, 23, 17, 25, 1, 880011), {'all': {'len': 0, 'sum': 0}, 'pa': {'len': 0, 'sum': 0}, 'tbs': {'len': 0, 'sum': 0}}]
[datetime.datetime(2019, 10, 23, 17, 30, 2, 640122), {'all': {'len': 0, 'sum': 0}, 'pa': {'len': 0, 'sum': 0}, 'tbs': {'len': 0, 'sum': 0}}]
[datetime.datetime(2019, 10, 23, 17, 35, 2, 451646), {'all': {'len': 0, 'sum': 0}, 'pa': {'len': 0, 'sum': 0}, 'tbs': {'len': 0, 'sum': 0}}]
[datetime.datetime(2019, 10, 23, 17, 40, 2, 110813), {'all': {'len': 0, 'sum': 0}, 'pa': {'len': 0, 'sum': 0}, 'tbs': {'len': 0, 'sum': 0}}]
[datetime.datetime(2019, 10, 23, 17, 45, 2, 547932), {'all': {'len': 0, 'sum': 0}, 'pa': {'len': 0, 'sum': 0}, 'tbs': {'len': 0, 'sum': 0}}]
[datetime.datetime(2019, 10, 23, 17, 50, 2, 669005), {'all': {'len': 0, 'sum': 0}, 'pa': {'len': 0, 'sum': 0}, 'tbs': {'len': 0, 'sum': 0}}]
[datetime.datetime(2019, 10, 23, 17, 55, 2, 309169), {'all': {'len': 0, 'sum': 0}, 'pa': {'len': 0, 'sum': 0}, 'tbs': {'len': 0, 'sum': 0}}]
[datetime.datetime(2019, 10, 23, 18, 0, 2, 99094), {'all': {'len': 0, 'sum': 0}, 'pa': {'len': 0, 'sum': 0}, 'tbs': {'len': 0, 'sum': 0}}]
[datetime.datetime(2019, 10, 23, 18, 5, 2, 281159), {'all': {'len': 0, 'sum': 0}, 'pa': {'len': 0, 'sum': 0}, 'tbs': {'len': 0, 'sum': 0}}]
[datetime.datetime(2019, 10, 23, 18, 10, 2, 553536), {'all': {'len': 0, 'sum': 0}, 'pa': {'len': 0, 'sum': 0}, 'tbs': {'len': 0, 'sum': 0}}]
[datetime.datetime(2019, 10, 23, 18, 15, 1, 908783), {'all': {'len': 0, 'sum': 0}, 'pa': {'len': 0, 'sum': 0}, 'tbs': {'len': 0, 'sum': 0}}]
[datetime.datetime(2019, 10, 23, 18, 20, 2, 425693), {'all': {'len': 0, 'sum': 0}, 'pa': {'len': 0, 'sum': 0}, 'tbs': {'len': 0, 'sum': 0}}]
[datetime.datetime(2019, 10, 23, 18, 25, 1, 777110), {'all': {'len': 0, 'sum': 0}, 'pa': {'len': 0, 'sum': 0}, 'tbs': {'len': 0, 'sum': 0}}]
[datetime.datetime(2019, 10, 23, 18, 30, 1, 948503), {'all': {'len': 0, 'sum': 0}, 'pa': {'len': 0, 'sum': 0}, 'tbs': {'len': 0, 'sum': 0}}]
[datetime.datetime(2019, 10, 23, 18, 35, 2, 664487), {'all': {'len': 0, 'sum': 0}, 'pa': {'len': 0, 'sum': 0}, 'tbs': {'len': 0, 'sum': 0}}]
[datetime.datetime(2019, 10, 23, 18, 40, 2, 369013), {'all': {'len': 4, 'sum': 81.443}, 'pa': {'len': 4, 'sum': 81.443}, 'tbs': {'len': 0, 'sum': 0}}]
[datetime.datetime(2019, 10, 23, 18, 45, 2, 188154), {'all': {'len': 50, 'sum': 7.6339999999999995}, 'pa': {'len': 7, 'sum': 2.984}, 'tbs': {'len': 15, 'sum': 1.6580000000000001}}]
[datetime.datetime(2019, 10, 23, 18, 50, 2, 252047), {'all': {'len': 10, 'sum': 0.9729999999999999}, 'pa': {'len': 4, 'sum': 0.369}, 'tbs': {'len': 3, 'sum': 0.31}}]
[datetime.datetime(2019, 10, 23, 18, 55, 2, 203124), {'all': {'len': 31, 'sum': 4.097999999999999}, 'pa': {'len': 12, 'sum': 1.827}, 'tbs': {'len': 12, 'sum': 1.373}}]
[datetime.datetime(2019, 10, 23, 19, 0, 2, 472456), {'all': {'len': 16, 'sum': 1.877}, 'pa': {'len': 4, 'sum': 0.496}, 'tbs': {'len': 7, 'sum': 0.854}}]
[datetime.datetime(2019, 10, 23, 19, 5, 2, 666043), {'all': {'len': 26, 'sum': 2.481}, 'pa': {'len': 3, 'sum': 0.27}, 'tbs': {'len': 12, 'sum': 1.139}}]
[datetime.datetime(2019, 10, 23, 19, 10, 2, 361085), {'all': {'len': 29, 'sum': 3.256}, 'pa': {'len': 6, 'sum': 0.63}, 'tbs': {'len': 11, 'sum': 1.201}}]
[datetime.datetime(2019, 10, 23, 19, 15, 1, 979423), {'all': {'len': 15, 'sum': 1.3889999999999998}, 'pa': {'len': 3, 'sum': 0.248}, 'tbs': {'len': 4, 'sum': 0.40499999999999997}}]
[datetime.datetime(2019, 10, 23, 19, 20, 1, 906010), {'all': {'len': 37, 'sum': 3.887}, 'pa': {'len': 6, 'sum': 0.623}, 'tbs': {'len': 24, 'sum': 2.618}}]
[datetime.datetime(2019, 10, 23, 19, 30, 2, 477737), {'all': {'len': 40, 'sum': 6.18}, 'pa': {'len': 8, 'sum': 0.776}, 'tbs': {'len': 15, 'sum': 2.771}}]
[datetime.datetime(2019, 10, 23, 19, 35, 2, 479704), {'all': {'len': 21, 'sum': 2.04}, 'pa': {'len': 4, 'sum': 0.373}, 'tbs': {'len': 15, 'sum': 1.4429999999999998}}]
[datetime.datetime(2019, 10, 23, 19, 40, 1, 942578), {'all': {'len': 17, 'sum': 1.6609999999999998}, 'pa': {'len': 7, 'sum': 0.7169999999999999}, 'tbs': {'len': 7, 'sum': 0.6679999999999999}}]
[datetime.datetime(2019, 10, 23, 19, 45, 2, 400965), {'all': {'len': 21, 'sum': 1.891}, 'pa': {'len': 3, 'sum': 0.266}, 'tbs': {'len': 11, 'sum': 1.0279999999999998}}]
[datetime.datetime(2019, 10, 23, 19, 50, 3, 783347), {'all': {'len': 13, 'sum': 1.327}, 'pa': {'len': 2, 'sum': 0.18}, 'tbs': {'len': 1, 'sum': 0.093}}]
[datetime.datetime(2019, 10, 23, 19, 55, 2, 730718), {'all': {'len': 14, 'sum': 1.4040000000000001}, 'pa': {'len': 2, 'sum': 0.16999999999999998}, 'tbs': {'len': 9, 'sum': 0.958}}]
[datetime.datetime(2019, 10, 23, 20, 0, 2, 594151), {'all': {'len': 21, 'sum': 2.5580000000000003}, 'pa': {'len': 4, 'sum': 0.497}, 'tbs': {'len': 12, 'sum': 1.4629999999999999}}]
[datetime.datetime(2019, 10, 23, 20, 5, 2, 526043), {'all': {'len': 31, 'sum': 3.0189999999999992}, 'pa': {'len': 8, 'sum': 0.7710000000000001}, 'tbs': {'len': 14, 'sum': 1.367}}]
[datetime.datetime(2019, 10, 23, 20, 10, 2, 625047), {'all': {'len': 25, 'sum': 2.704}, 'pa': {'len': 8, 'sum': 0.889}, 'tbs': {'len': 10, 'sum': 1.0470000000000002}}]
[datetime.datetime(2019, 10, 23, 20, 15, 1, 806744), {'all': {'len': 11, 'sum': 1.032}, 'pa': {'len': 5, 'sum': 0.411}, 'tbs': {'len': 4, 'sum': 0.44099999999999995}}]
[datetime.datetime(2019, 10, 23, 20, 20, 2, 52239), {'all': {'len': 4, 'sum': 0.367}, 'pa': {'len': 1, 'sum': 0.077}, 'tbs': {'len': 1, 'sum': 0.12}}]
[datetime.datetime(2019, 10, 23, 20, 25, 2, 661344), {'all': {'len': 11, 'sum': 1.3199999999999998}, 'pa': {'len': 5, 'sum': 0.644}, 'tbs': {'len': 3, 'sum': 0.276}}]
[datetime.datetime(2019, 10, 23, 20, 35, 2, 360248), {'all': {'len': 0, 'sum': 0}, 'pa': {'len': 0, 'sum': 0}, 'tbs': {'len': 0, 'sum': 0}}]
[datetime.datetime(2019, 10, 23, 20, 40, 2, 585071), {'all': {'len': 0, 'sum': 0}, 'pa': {'len': 0, 'sum': 0}, 'tbs': {'len': 0, 'sum': 0}}]
[datetime.datetime(2019, 10, 23, 20, 45, 2, 172998), {'all': {'len': 0, 'sum': 0}, 'pa': {'len': 0, 'sum': 0}, 'tbs': {'len': 0, 'sum': 0}}]
[datetime.datetime(2019, 10, 23, 20, 50, 2, 277600), {'all': {'len': 0, 'sum': 0}, 'pa': {'len': 0, 'sum': 0}, 'tbs': {'len': 0, 'sum': 0}}]
[datetime.datetime(2019, 10, 23, 20, 55, 2, 335048), {'all': {'len': 0, 'sum': 0}, 'pa': {'len': 0, 'sum': 0}, 'tbs': {'len': 0, 'sum': 0}}]
[datetime.datetime(2019, 10, 23, 21, 0, 2, 435204), {'all': {'len': 0, 'sum': 0}, 'pa': {'len': 0, 'sum': 0}, 'tbs': {'len': 0, 'sum': 0}}]
[datetime.datetime(2019, 10, 23, 21, 5, 2, 67979), {'all': {'len': 0, 'sum': 0}, 'pa': {'len': 0, 'sum': 0}, 'tbs': {'len': 0, 'sum': 0}}]
[datetime.datetime(2019, 10, 23, 21, 10, 2, 350820), {'all': {'len': 0, 'sum': 0}, 'pa': {'len': 0, 'sum': 0}, 'tbs': {'len': 0, 'sum': 0}}]
[datetime.datetime(2019, 10, 23, 21, 15, 2, 426391), {'all': {'len': 0, 'sum': 0}, 'pa': {'len': 0, 'sum': 0}, 'tbs': {'len': 0, 'sum': 0}}]
[datetime.datetime(2019, 10, 23, 21, 20, 2, 657644), {'all': {'len': 0, 'sum': 0}, 'pa': {'len': 0, 'sum': 0}, 'tbs': {'len': 0, 'sum': 0}}]
[datetime.datetime(2019, 10, 23, 21, 25, 1, 862086), {'all': {'len': 0, 'sum': 0}, 'pa': {'len': 0, 'sum': 0}, 'tbs': {'len': 0, 'sum': 0}}]
[datetime.datetime(2019, 10, 23, 21, 30, 2, 95079), {'all': {'len': 0, 'sum': 0}, 'pa': {'len': 0, 'sum': 0}, 'tbs': {'len': 0, 'sum': 0}}]
[datetime.datetime(2019, 10, 23, 21, 35, 2, 250787), {'all': {'len': 0, 'sum': 0}, 'pa': {'len': 0, 'sum': 0}, 'tbs': {'len': 0, 'sum': 0}}]
[datetime.datetime(2019, 10, 23, 21, 40, 1, 825389), {'all': {'len': 0, 'sum': 0}, 'pa': {'len': 0, 'sum': 0}, 'tbs': {'len': 0, 'sum': 0}}]
[datetime.datetime(2019, 10, 23, 21, 45, 2, 219635), {'all': {'len': 1, 'sum': 0.11}, 'pa': {'len': 0, 'sum': 0}, 'tbs': {'len': 0, 'sum': 0}}]
[datetime.datetime(2019, 10, 23, 21, 50, 1, 746443), {'all': {'len': 0, 'sum': 0}, 'pa': {'len': 0, 'sum': 0}, 'tbs': {'len': 0, 'sum': 0}}]
[datetime.datetime(2019, 10, 23, 21, 55, 1, 787107), {'all': {'len': 0, 'sum': 0}, 'pa': {'len': 0, 'sum': 0}, 'tbs': {'len': 0, 'sum': 0}}]
[datetime.datetime(2019, 10, 23, 22, 0, 2, 347384), {'all': {'len': 0, 'sum': 0}, 'pa': {'len': 0, 'sum': 0}, 'tbs': {'len': 0, 'sum': 0}}]
[datetime.datetime(2019, 10, 23, 22, 5, 2, 285691), {'all': {'len': 0, 'sum': 0}, 'pa': {'len': 0, 'sum': 0}, 'tbs': {'len': 0, 'sum': 0}}]
[datetime.datetime(2019, 10, 23, 22, 10, 2, 172938), {'all': {'len': 0, 'sum': 0}, 'pa': {'len': 0, 'sum': 0}, 'tbs': {'len': 0, 'sum': 0}}]
[datetime.datetime(2019, 10, 23, 22, 20, 1, 980687), {'all': {'len': 0, 'sum': 0}, 'pa': {'len': 0, 'sum': 0}, 'tbs': {'len': 0, 'sum': 0}}]
[datetime.datetime(2019, 10, 23, 22, 25, 1, 991547), {'all': {'len': 0, 'sum': 0}, 'pa': {'len': 0, 'sum': 0}, 'tbs': {'len': 0, 'sum': 0}}]
[datetime.datetime(2019, 10, 23, 22, 30, 2, 580040), {'all': {'len': 0, 'sum': 0}, 'pa': {'len': 0, 'sum': 0}, 'tbs': {'len': 0, 'sum': 0}}]
[datetime.datetime(2019, 10, 23, 22, 35, 2, 412849), {'all': {'len': 0, 'sum': 0}, 'pa': {'len': 0, 'sum': 0}, 'tbs': {'len': 0, 'sum': 0}}]
[datetime.datetime(2019, 10, 23, 22, 40, 2, 382155), {'all': {'len': 0, 'sum': 0}, 'pa': {'len': 0, 'sum': 0}, 'tbs': {'len': 0, 'sum': 0}}]
[datetime.datetime(2019, 10, 23, 22, 45, 2, 696554), {'all': {'len': 0, 'sum': 0}, 'pa': {'len': 0, 'sum': 0}, 'tbs': {'len': 0, 'sum': 0}}]
[datetime.datetime(2019, 10, 23, 22, 50, 2, 700050), {'all': {'len': 0, 'sum': 0}, 'pa': {'len': 0, 'sum': 0}, 'tbs': {'len': 0, 'sum': 0}}]
[datetime.datetime(2019, 10, 23, 22, 55, 2, 269973), {'all': {'len': 0, 'sum': 0}, 'pa': {'len': 0, 'sum': 0}, 'tbs': {'len': 0, 'sum': 0}}]
[datetime.datetime(2019, 10, 23, 23, 0, 2, 228957), {'all': {'len': 0, 'sum': 0}, 'pa': {'len': 0, 'sum': 0}, 'tbs': {'len': 0, 'sum': 0}}]
[datetime.datetime(2019, 10, 23, 23, 5, 2, 300086), {'all': {'len': 0, 'sum': 0}, 'pa': {'len': 0, 'sum': 0}, 'tbs': {'len': 0, 'sum': 0}}]
[datetime.datetime(2019, 10, 23, 23, 10, 2, 512085), {'all': {'len': 0, 'sum': 0}, 'pa': {'len': 0, 'sum': 0}, 'tbs': {'len': 0, 'sum': 0}}]
[datetime.datetime(2019, 10, 23, 23, 15, 1, 798335), {'all': {'len': 0, 'sum': 0}, 'pa': {'len': 0, 'sum': 0}, 'tbs': {'len': 0, 'sum': 0}}]
[datetime.datetime(2019, 10, 23, 23, 20, 2, 143817), {'all': {'len': 0, 'sum': 0}, 'pa': {'len': 0, 'sum': 0}, 'tbs': {'len': 0, 'sum': 0}}]
[datetime.datetime(2019, 10, 23, 23, 25, 2, 119150), {'all': {'len': 0, 'sum': 0}, 'pa': {'len': 0, 'sum': 0}, 'tbs': {'len': 0, 'sum': 0}}]
[datetime.datetime(2019, 10, 23, 23, 30, 2, 653560), {'all': {'len': 0, 'sum': 0}, 'pa': {'len': 0, 'sum': 0}, 'tbs': {'len': 0, 'sum': 0}}]
[datetime.datetime(2019, 10, 23, 23, 35, 1, 781484), {'all': {'len': 0, 'sum': 0}, 'pa': {'len': 0, 'sum': 0}, 'tbs': {'len': 0, 'sum': 0}}]
[datetime.datetime(2019, 10, 23, 23, 40, 2, 627838), {'all': {'len': 0, 'sum': 0}, 'pa': {'len': 0, 'sum': 0}, 'tbs': {'len': 0, 'sum': 0}}]
[datetime.datetime(2019, 10, 23, 23, 45, 2, 246975), {'all': {'len': 0, 'sum': 0}, 'pa': {'len': 0, 'sum': 0}, 'tbs': {'len': 0, 'sum': 0}}]
[datetime.datetime(2019, 10, 23, 23, 50, 2, 51721), {'all': {'len': 0, 'sum': 0}, 'pa': {'len': 0, 'sum': 0}, 'tbs': {'len': 0, 'sum': 0}}]
[datetime.datetime(2019, 10, 23, 23, 55, 2, 254955), {'all': {'len': 0, 'sum': 0}, 'pa': {'len': 0, 'sum': 0}, 'tbs': {'len': 0, 'sum': 0}}]
