[datetime.datetime(2019, 11, 5, 0, 0, 2, 422467), {'all': {'len': 0, 'sum': 0}, 'pa': {'len': 0, 'sum': 0}, 'tbs': {'len': 0, 'sum': 0}}]
[datetime.datetime(2019, 11, 5, 0, 5, 1, 817015), {'all': {'len': 0, 'sum': 0}, 'pa': {'len': 0, 'sum': 0}, 'tbs': {'len': 0, 'sum': 0}}]
[datetime.datetime(2019, 11, 5, 0, 10, 2, 73810), {'all': {'len': 0, 'sum': 0}, 'pa': {'len': 0, 'sum': 0}, 'tbs': {'len': 0, 'sum': 0}}]
[datetime.datetime(2019, 11, 5, 0, 15, 2, 196879), {'all': {'len': 0, 'sum': 0}, 'pa': {'len': 0, 'sum': 0}, 'tbs': {'len': 0, 'sum': 0}}]
[datetime.datetime(2019, 11, 5, 0, 20, 1, 823585), {'all': {'len': 0, 'sum': 0}, 'pa': {'len': 0, 'sum': 0}, 'tbs': {'len': 0, 'sum': 0}}]
[datetime.datetime(2019, 11, 5, 0, 25, 2, 23846), {'all': {'len': 0, 'sum': 0}, 'pa': {'len': 0, 'sum': 0}, 'tbs': {'len': 0, 'sum': 0}}]
[datetime.datetime(2019, 11, 5, 0, 30, 2, 564145), {'all': {'len': 0, 'sum': 0}, 'pa': {'len': 0, 'sum': 0}, 'tbs': {'len': 0, 'sum': 0}}]
[datetime.datetime(2019, 11, 5, 0, 35, 2, 87776), {'all': {'len': 0, 'sum': 0}, 'pa': {'len': 0, 'sum': 0}, 'tbs': {'len': 0, 'sum': 0}}]
[datetime.datetime(2019, 11, 5, 0, 40, 1, 785515), {'all': {'len': 0, 'sum': 0}, 'pa': {'len': 0, 'sum': 0}, 'tbs': {'len': 0, 'sum': 0}}]
[datetime.datetime(2019, 11, 5, 0, 45, 2, 647638), {'all': {'len': 0, 'sum': 0}, 'pa': {'len': 0, 'sum': 0}, 'tbs': {'len': 0, 'sum': 0}}]
[datetime.datetime(2019, 11, 5, 0, 50, 2, 87711), {'all': {'len': 0, 'sum': 0}, 'pa': {'len': 0, 'sum': 0}, 'tbs': {'len': 0, 'sum': 0}}]
[datetime.datetime(2019, 11, 5, 0, 55, 2, 481349), {'all': {'len': 0, 'sum': 0}, 'pa': {'len': 0, 'sum': 0}, 'tbs': {'len': 0, 'sum': 0}}]
[datetime.datetime(2019, 11, 5, 1, 0, 1, 754870), {'all': {'len': 0, 'sum': 0}, 'pa': {'len': 0, 'sum': 0}, 'tbs': {'len': 0, 'sum': 0}}]
[datetime.datetime(2019, 11, 5, 1, 5, 2, 648254), {'all': {'len': 0, 'sum': 0}, 'pa': {'len': 0, 'sum': 0}, 'tbs': {'len': 0, 'sum': 0}}]
[datetime.datetime(2019, 11, 5, 1, 10, 1, 985262), {'all': {'len': 0, 'sum': 0}, 'pa': {'len': 0, 'sum': 0}, 'tbs': {'len': 0, 'sum': 0}}]
[datetime.datetime(2019, 11, 5, 1, 15, 1, 848950), {'all': {'len': 0, 'sum': 0}, 'pa': {'len': 0, 'sum': 0}, 'tbs': {'len': 0, 'sum': 0}}]
[datetime.datetime(2019, 11, 5, 1, 20, 2, 352869), {'all': {'len': 5, 'sum': 96.412}, 'pa': {'len': 5, 'sum': 96.412}, 'tbs': {'len': 0, 'sum': 0}}]
[datetime.datetime(2019, 11, 5, 1, 30, 2, 580956), {'all': {'len': 24, 'sum': 2.131}, 'pa': {'len': 3, 'sum': 0.241}, 'tbs': {'len': 9, 'sum': 0.9189999999999999}}]
[datetime.datetime(2019, 11, 5, 1, 35, 2, 541970), {'all': {'len': 32, 'sum': 3.593000000000001}, 'pa': {'len': 2, 'sum': 0.233}, 'tbs': {'len': 17, 'sum': 1.9770000000000003}}]
[datetime.datetime(2019, 11, 5, 1, 40, 2, 575109), {'all': {'len': 19, 'sum': 2.0839999999999996}, 'pa': {'len': 2, 'sum': 0.19}, 'tbs': {'len': 16, 'sum': 1.8009999999999997}}]
[datetime.datetime(2019, 11, 5, 1, 45, 1, 941878), {'all': {'len': 21, 'sum': 2.044}, 'pa': {'len': 2, 'sum': 0.152}, 'tbs': {'len': 9, 'sum': 0.933}}]
[datetime.datetime(2019, 11, 5, 1, 50, 2, 388825), {'all': {'len': 23, 'sum': 2.2169999999999996}, 'pa': {'len': 6, 'sum': 0.5439999999999999}, 'tbs': {'len': 8, 'sum': 0.8079999999999999}}]
[datetime.datetime(2019, 11, 5, 1, 55, 2, 266804), {'all': {'len': 7, 'sum': 0.6869999999999999}, 'pa': {'len': 1, 'sum': 0.077}, 'tbs': {'len': 5, 'sum': 0.516}}]
[datetime.datetime(2019, 11, 5, 2, 10, 2, 10835), {'all': {'len': 7, 'sum': 0.921}, 'pa': {'len': 3, 'sum': 0.33999999999999997}, 'tbs': {'len': 3, 'sum': 0.394}}]
[datetime.datetime(2019, 11, 5, 2, 15, 2, 4930), {'all': {'len': 11, 'sum': 0.998}, 'pa': {'len': 3, 'sum': 0.267}, 'tbs': {'len': 5, 'sum': 0.45899999999999996}}]
[datetime.datetime(2019, 11, 5, 2, 20, 4, 546459), {'all': {'len': 21, 'sum': 1.883}, 'pa': {'len': 1, 'sum': 0.09}, 'tbs': {'len': 14, 'sum': 1.248}}]
[datetime.datetime(2019, 11, 5, 2, 25, 2, 595408), {'all': {'len': 18, 'sum': 1.803}, 'pa': {'len': 0, 'sum': 0}, 'tbs': {'len': 9, 'sum': 0.888}}]
[datetime.datetime(2019, 11, 5, 2, 30, 1, 836638), {'all': {'len': 12, 'sum': 1.154}, 'pa': {'len': 1, 'sum': 0.093}, 'tbs': {'len': 3, 'sum': 0.279}}]
[datetime.datetime(2019, 11, 5, 2, 35, 2, 152804), {'all': {'len': 15, 'sum': 1.3329999999999997}, 'pa': {'len': 4, 'sum': 0.42100000000000004}, 'tbs': {'len': 8, 'sum': 0.6869999999999999}}]
[datetime.datetime(2019, 11, 5, 2, 40, 2, 350463), {'all': {'len': 15, 'sum': 1.5239999999999998}, 'pa': {'len': 1, 'sum': 0.09}, 'tbs': {'len': 6, 'sum': 0.693}}]
[datetime.datetime(2019, 11, 5, 2, 45, 2, 375320), {'all': {'len': 3, 'sum': 0.266}, 'pa': {'len': 2, 'sum': 0.173}, 'tbs': {'len': 0, 'sum': 0}}]
[datetime.datetime(2019, 11, 5, 2, 50, 2, 5153), {'all': {'len': 15, 'sum': 1.373}, 'pa': {'len': 2, 'sum': 0.183}, 'tbs': {'len': 9, 'sum': 0.822}}]
[datetime.datetime(2019, 11, 5, 2, 55, 1, 716716), {'all': {'len': 17, 'sum': 1.6229999999999998}, 'pa': {'len': 5, 'sum': 0.488}, 'tbs': {'len': 9, 'sum': 0.858}}]
[datetime.datetime(2019, 11, 5, 3, 0, 2, 80162), {'all': {'len': 10, 'sum': 1.0619999999999998}, 'pa': {'len': 3, 'sum': 0.287}, 'tbs': {'len': 5, 'sum': 0.569}}]
[datetime.datetime(2019, 11, 5, 3, 5, 2, 549961), {'all': {'len': 9, 'sum': 1.222}, 'pa': {'len': 3, 'sum': 0.39}, 'tbs': {'len': 1, 'sum': 0.136}}]
[datetime.datetime(2019, 11, 5, 3, 10, 2, 210684), {'all': {'len': 22, 'sum': 2.0269999999999997}, 'pa': {'len': 2, 'sum': 0.16899999999999998}, 'tbs': {'len': 11, 'sum': 0.995}}]
[datetime.datetime(2019, 11, 5, 3, 15, 2, 670929), {'all': {'len': 10, 'sum': 1.035}, 'pa': {'len': 1, 'sum': 0.124}, 'tbs': {'len': 6, 'sum': 0.642}}]
[datetime.datetime(2019, 11, 5, 3, 20, 2, 376407), {'all': {'len': 0, 'sum': 0}, 'pa': {'len': 0, 'sum': 0}, 'tbs': {'len': 0, 'sum': 0}}]
[datetime.datetime(2019, 11, 5, 3, 25, 2, 435769), {'all': {'len': 0, 'sum': 0}, 'pa': {'len': 0, 'sum': 0}, 'tbs': {'len': 0, 'sum': 0}}]
[datetime.datetime(2019, 11, 5, 3, 30, 2, 479672), {'all': {'len': 0, 'sum': 0}, 'pa': {'len': 0, 'sum': 0}, 'tbs': {'len': 0, 'sum': 0}}]
[datetime.datetime(2019, 11, 5, 3, 35, 2, 408194), {'all': {'len': 0, 'sum': 0}, 'pa': {'len': 0, 'sum': 0}, 'tbs': {'len': 0, 'sum': 0}}]
[datetime.datetime(2019, 11, 5, 3, 40, 2, 370879), {'all': {'len': 0, 'sum': 0}, 'pa': {'len': 0, 'sum': 0}, 'tbs': {'len': 0, 'sum': 0}}]
[datetime.datetime(2019, 11, 5, 3, 45, 2, 179794), {'all': {'len': 0, 'sum': 0}, 'pa': {'len': 0, 'sum': 0}, 'tbs': {'len': 0, 'sum': 0}}]
[datetime.datetime(2019, 11, 5, 3, 50, 1, 888350), {'all': {'len': 0, 'sum': 0}, 'pa': {'len': 0, 'sum': 0}, 'tbs': {'len': 0, 'sum': 0}}]
[datetime.datetime(2019, 11, 5, 3, 55, 9, 464665), {'all': {'len': 0, 'sum': 0}, 'pa': {'len': 0, 'sum': 0}, 'tbs': {'len': 0, 'sum': 0}}]
[datetime.datetime(2019, 11, 5, 4, 0, 2, 506104), {'all': {'len': 0, 'sum': 0}, 'pa': {'len': 0, 'sum': 0}, 'tbs': {'len': 0, 'sum': 0}}]
[datetime.datetime(2019, 11, 5, 4, 5, 2, 217691), {'all': {'len': 0, 'sum': 0}, 'pa': {'len': 0, 'sum': 0}, 'tbs': {'len': 0, 'sum': 0}}]
[datetime.datetime(2019, 11, 5, 4, 10, 2, 283627), {'all': {'len': 0, 'sum': 0}, 'pa': {'len': 0, 'sum': 0}, 'tbs': {'len': 0, 'sum': 0}}]
[datetime.datetime(2019, 11, 5, 4, 15, 2, 722496), {'all': {'len': 0, 'sum': 0}, 'pa': {'len': 0, 'sum': 0}, 'tbs': {'len': 0, 'sum': 0}}]
[datetime.datetime(2019, 11, 5, 4, 20, 2, 303469), {'all': {'len': 0, 'sum': 0}, 'pa': {'len': 0, 'sum': 0}, 'tbs': {'len': 0, 'sum': 0}}]
[datetime.datetime(2019, 11, 5, 4, 25, 2, 344570), {'all': {'len': 0, 'sum': 0}, 'pa': {'len': 0, 'sum': 0}, 'tbs': {'len': 0, 'sum': 0}}]
[datetime.datetime(2019, 11, 5, 4, 30, 2, 64651), {'all': {'len': 0, 'sum': 0}, 'pa': {'len': 0, 'sum': 0}, 'tbs': {'len': 0, 'sum': 0}}]
[datetime.datetime(2019, 11, 5, 4, 35, 2, 296335), {'all': {'len': 0, 'sum': 0}, 'pa': {'len': 0, 'sum': 0}, 'tbs': {'len': 0, 'sum': 0}}]
[datetime.datetime(2019, 11, 5, 4, 40, 1, 940085), {'all': {'len': 0, 'sum': 0}, 'pa': {'len': 0, 'sum': 0}, 'tbs': {'len': 0, 'sum': 0}}]
[datetime.datetime(2019, 11, 5, 4, 45, 2, 632331), {'all': {'len': 0, 'sum': 0}, 'pa': {'len': 0, 'sum': 0}, 'tbs': {'len': 0, 'sum': 0}}]
[datetime.datetime(2019, 11, 5, 4, 50, 2, 151361), {'all': {'len': 0, 'sum': 0}, 'pa': {'len': 0, 'sum': 0}, 'tbs': {'len': 0, 'sum': 0}}]
[datetime.datetime(2019, 11, 5, 4, 55, 1, 862479), {'all': {'len': 0, 'sum': 0}, 'pa': {'len': 0, 'sum': 0}, 'tbs': {'len': 0, 'sum': 0}}]
[datetime.datetime(2019, 11, 5, 5, 0, 1, 908396), {'all': {'len': 0, 'sum': 0}, 'pa': {'len': 0, 'sum': 0}, 'tbs': {'len': 0, 'sum': 0}}]
[datetime.datetime(2019, 11, 5, 5, 5, 31, 458962), {'all': {'len': 0, 'sum': 0}, 'pa': {'len': 0, 'sum': 0}, 'tbs': {'len': 0, 'sum': 0}}]
[datetime.datetime(2019, 11, 5, 5, 10, 2, 510148), {'all': {'len': 0, 'sum': 0}, 'pa': {'len': 0, 'sum': 0}, 'tbs': {'len': 0, 'sum': 0}}]
[datetime.datetime(2019, 11, 5, 5, 15, 2, 7243), {'all': {'len': 0, 'sum': 0}, 'pa': {'len': 0, 'sum': 0}, 'tbs': {'len': 0, 'sum': 0}}]
[datetime.datetime(2019, 11, 5, 5, 20, 2, 137449), {'all': {'len': 0, 'sum': 0}, 'pa': {'len': 0, 'sum': 0}, 'tbs': {'len': 0, 'sum': 0}}]
[datetime.datetime(2019, 11, 5, 5, 25, 2, 590240), {'all': {'len': 0, 'sum': 0}, 'pa': {'len': 0, 'sum': 0}, 'tbs': {'len': 0, 'sum': 0}}]
[datetime.datetime(2019, 11, 5, 5, 30, 2, 366802), {'all': {'len': 0, 'sum': 0}, 'pa': {'len': 0, 'sum': 0}, 'tbs': {'len': 0, 'sum': 0}}]
[datetime.datetime(2019, 11, 5, 5, 35, 2, 415671), {'all': {'len': 0, 'sum': 0}, 'pa': {'len': 0, 'sum': 0}, 'tbs': {'len': 0, 'sum': 0}}]
[datetime.datetime(2019, 11, 5, 5, 40, 2, 308903), {'all': {'len': 0, 'sum': 0}, 'pa': {'len': 0, 'sum': 0}, 'tbs': {'len': 0, 'sum': 0}}]
[datetime.datetime(2019, 11, 5, 5, 45, 2, 608872), {'all': {'len': 0, 'sum': 0}, 'pa': {'len': 0, 'sum': 0}, 'tbs': {'len': 0, 'sum': 0}}]
[datetime.datetime(2019, 11, 5, 5, 50, 2, 431645), {'all': {'len': 0, 'sum': 0}, 'pa': {'len': 0, 'sum': 0}, 'tbs': {'len': 0, 'sum': 0}}]
[datetime.datetime(2019, 11, 5, 5, 55, 2, 57423), {'all': {'len': 0, 'sum': 0}, 'pa': {'len': 0, 'sum': 0}, 'tbs': {'len': 0, 'sum': 0}}]
[datetime.datetime(2019, 11, 5, 6, 0, 2, 123673), {'all': {'len': 0, 'sum': 0}, 'pa': {'len': 0, 'sum': 0}, 'tbs': {'len': 0, 'sum': 0}}]
[datetime.datetime(2019, 11, 5, 6, 5, 1, 804377), {'all': {'len': 0, 'sum': 0}, 'pa': {'len': 0, 'sum': 0}, 'tbs': {'len': 0, 'sum': 0}}]
[datetime.datetime(2019, 11, 5, 6, 10, 2, 449698), {'all': {'len': 0, 'sum': 0}, 'pa': {'len': 0, 'sum': 0}, 'tbs': {'len': 0, 'sum': 0}}]
[datetime.datetime(2019, 11, 5, 6, 15, 2, 159309), {'all': {'len': 0, 'sum': 0}, 'pa': {'len': 0, 'sum': 0}, 'tbs': {'len': 0, 'sum': 0}}]
[datetime.datetime(2019, 11, 5, 6, 20, 1, 746504), {'all': {'len': 0, 'sum': 0}, 'pa': {'len': 0, 'sum': 0}, 'tbs': {'len': 0, 'sum': 0}}]
[datetime.datetime(2019, 11, 5, 6, 25, 2, 564641), {'all': {'len': 0, 'sum': 0}, 'pa': {'len': 0, 'sum': 0}, 'tbs': {'len': 0, 'sum': 0}}]
[datetime.datetime(2019, 11, 5, 6, 30, 1, 953568), {'all': {'len': 0, 'sum': 0}, 'pa': {'len': 0, 'sum': 0}, 'tbs': {'len': 0, 'sum': 0}}]
[datetime.datetime(2019, 11, 5, 6, 35, 2, 151171), {'all': {'len': 0, 'sum': 0}, 'pa': {'len': 0, 'sum': 0}, 'tbs': {'len': 0, 'sum': 0}}]
[datetime.datetime(2019, 11, 5, 6, 40, 2, 593512), {'all': {'len': 0, 'sum': 0}, 'pa': {'len': 0, 'sum': 0}, 'tbs': {'len': 0, 'sum': 0}}]
[datetime.datetime(2019, 11, 5, 6, 45, 2, 343463), {'all': {'len': 0, 'sum': 0}, 'pa': {'len': 0, 'sum': 0}, 'tbs': {'len': 0, 'sum': 0}}]
[datetime.datetime(2019, 11, 5, 6, 50, 2, 434795), {'all': {'len': 0, 'sum': 0}, 'pa': {'len': 0, 'sum': 0}, 'tbs': {'len': 0, 'sum': 0}}]
[datetime.datetime(2019, 11, 5, 6, 55, 2, 544074), {'all': {'len': 0, 'sum': 0}, 'pa': {'len': 0, 'sum': 0}, 'tbs': {'len': 0, 'sum': 0}}]
[datetime.datetime(2019, 11, 5, 7, 0, 2, 341739), {'all': {'len': 0, 'sum': 0}, 'pa': {'len': 0, 'sum': 0}, 'tbs': {'len': 0, 'sum': 0}}]
[datetime.datetime(2019, 11, 5, 7, 5, 2, 627143), {'all': {'len': 0, 'sum': 0}, 'pa': {'len': 0, 'sum': 0}, 'tbs': {'len': 0, 'sum': 0}}]
[datetime.datetime(2019, 11, 5, 7, 10, 2, 646110), {'all': {'len': 0, 'sum': 0}, 'pa': {'len': 0, 'sum': 0}, 'tbs': {'len': 0, 'sum': 0}}]
[datetime.datetime(2019, 11, 5, 7, 15, 2, 754967), {'all': {'len': 0, 'sum': 0}, 'pa': {'len': 0, 'sum': 0}, 'tbs': {'len': 0, 'sum': 0}}]
[datetime.datetime(2019, 11, 5, 7, 20, 2, 633521), {'all': {'len': 0, 'sum': 0}, 'pa': {'len': 0, 'sum': 0}, 'tbs': {'len': 0, 'sum': 0}}]
[datetime.datetime(2019, 11, 5, 7, 25, 2, 553837), {'all': {'len': 11, 'sum': 67.015}, 'pa': {'len': 7, 'sum': 66.592}, 'tbs': {'len': 1, 'sum': 0.14}}]
[datetime.datetime(2019, 11, 5, 7, 40, 2, 523568), {'all': {'len': 40, 'sum': 5.699000000000001}, 'pa': {'len': 3, 'sum': 0.321}, 'tbs': {'len': 25, 'sum': 3.843000000000001}}]
[datetime.datetime(2019, 11, 5, 7, 45, 2, 541815), {'all': {'len': 30, 'sum': 4.337}, 'pa': {'len': 5, 'sum': 0.45599999999999996}, 'tbs': {'len': 13, 'sum': 1.9819999999999998}}]
[datetime.datetime(2019, 11, 5, 7, 50, 1, 961492), {'all': {'len': 23, 'sum': 2.4949999999999997}, 'pa': {'len': 0, 'sum': 0}, 'tbs': {'len': 12, 'sum': 1.402}}]
[datetime.datetime(2019, 11, 5, 7, 55, 2, 635561), {'all': {'len': 18, 'sum': 2.3019999999999996}, 'pa': {'len': 0, 'sum': 0}, 'tbs': {'len': 14, 'sum': 1.8739999999999999}}]
[datetime.datetime(2019, 11, 5, 8, 0, 1, 836678), {'all': {'len': 6, 'sum': 0.5419999999999999}, 'pa': {'len': 1, 'sum': 0.093}, 'tbs': {'len': 2, 'sum': 0.16999999999999998}}]
[datetime.datetime(2019, 11, 5, 8, 5, 2, 79236), {'all': {'len': 38, 'sum': 3.7479999999999998}, 'pa': {'len': 3, 'sum': 0.286}, 'tbs': {'len': 10, 'sum': 0.9259999999999999}}]
[datetime.datetime(2019, 11, 5, 8, 10, 1, 934505), {'all': {'len': 18, 'sum': 2.1430000000000002}, 'pa': {'len': 7, 'sum': 1.0190000000000001}, 'tbs': {'len': 7, 'sum': 0.69}}]
[datetime.datetime(2019, 11, 5, 8, 15, 2, 680797), {'all': {'len': 14, 'sum': 1.521}, 'pa': {'len': 1, 'sum': 0.097}, 'tbs': {'len': 11, 'sum': 1.151}}]
[datetime.datetime(2019, 11, 5, 8, 25, 2, 49839), {'all': {'len': 4, 'sum': 0.369}, 'pa': {'len': 0, 'sum': 0}, 'tbs': {'len': 1, 'sum': 0.093}}]
[datetime.datetime(2019, 11, 5, 8, 30, 2, 37376), {'all': {'len': 5, 'sum': 0.494}, 'pa': {'len': 3, 'sum': 0.261}, 'tbs': {'len': 2, 'sum': 0.233}}]
[datetime.datetime(2019, 11, 5, 8, 40, 1, 891062), {'all': {'len': 10, 'sum': 1.143}, 'pa': {'len': 4, 'sum': 0.402}, 'tbs': {'len': 2, 'sum': 0.28}}]
[datetime.datetime(2019, 11, 5, 8, 45, 1, 852258), {'all': {'len': 23, 'sum': 4.376000000000001}, 'pa': {'len': 1, 'sum': 0.103}, 'tbs': {'len': 15, 'sum': 2.8450000000000006}}]
[datetime.datetime(2019, 11, 5, 8, 50, 2, 56984), {'all': {'len': 6, 'sum': 0.582}, 'pa': {'len': 3, 'sum': 0.27299999999999996}, 'tbs': {'len': 1, 'sum': 0.11}}]
[datetime.datetime(2019, 11, 5, 9, 0, 2, 648369), {'all': {'len': 6, 'sum': 0.643}, 'pa': {'len': 0, 'sum': 0}, 'tbs': {'len': 6, 'sum': 0.643}}]
[datetime.datetime(2019, 11, 5, 9, 5, 2, 614985), {'all': {'len': 11, 'sum': 1.137}, 'pa': {'len': 3, 'sum': 0.26}, 'tbs': {'len': 4, 'sum': 0.486}}]
[datetime.datetime(2019, 11, 5, 9, 10, 2, 440788), {'all': {'len': 14, 'sum': 1.7040000000000002}, 'pa': {'len': 7, 'sum': 0.895}, 'tbs': {'len': 2, 'sum': 0.263}}]
[datetime.datetime(2019, 11, 5, 9, 15, 2, 87737), {'all': {'len': 17, 'sum': 1.887}, 'pa': {'len': 7, 'sum': 0.7190000000000001}, 'tbs': {'len': 4, 'sum': 0.509}}]
[datetime.datetime(2019, 11, 5, 9, 20, 2, 472979), {'all': {'len': 6, 'sum': 0.768}, 'pa': {'len': 0, 'sum': 0}, 'tbs': {'len': 4, 'sum': 0.5820000000000001}}]
[datetime.datetime(2019, 11, 5, 9, 25, 2, 585512), {'all': {'len': 0, 'sum': 0}, 'pa': {'len': 0, 'sum': 0}, 'tbs': {'len': 0, 'sum': 0}}]
[datetime.datetime(2019, 11, 5, 9, 30, 2, 391126), {'all': {'len': 0, 'sum': 0}, 'pa': {'len': 0, 'sum': 0}, 'tbs': {'len': 0, 'sum': 0}}]
[datetime.datetime(2019, 11, 5, 9, 35, 2, 312707), {'all': {'len': 0, 'sum': 0}, 'pa': {'len': 0, 'sum': 0}, 'tbs': {'len': 0, 'sum': 0}}]
[datetime.datetime(2019, 11, 5, 9, 40, 2, 674803), {'all': {'len': 0, 'sum': 0}, 'pa': {'len': 0, 'sum': 0}, 'tbs': {'len': 0, 'sum': 0}}]
[datetime.datetime(2019, 11, 5, 9, 45, 2, 730506), {'all': {'len': 0, 'sum': 0}, 'pa': {'len': 0, 'sum': 0}, 'tbs': {'len': 0, 'sum': 0}}]
[datetime.datetime(2019, 11, 5, 9, 50, 2, 524565), {'all': {'len': 1, 'sum': 0.123}, 'pa': {'len': 0, 'sum': 0}, 'tbs': {'len': 0, 'sum': 0}}]
[datetime.datetime(2019, 11, 5, 9, 55, 2, 335738), {'all': {'len': 0, 'sum': 0}, 'pa': {'len': 0, 'sum': 0}, 'tbs': {'len': 0, 'sum': 0}}]
[datetime.datetime(2019, 11, 5, 10, 0, 1, 782303), {'all': {'len': 0, 'sum': 0}, 'pa': {'len': 0, 'sum': 0}, 'tbs': {'len': 0, 'sum': 0}}]
[datetime.datetime(2019, 11, 5, 10, 5, 1, 876124), {'all': {'len': 0, 'sum': 0}, 'pa': {'len': 0, 'sum': 0}, 'tbs': {'len': 0, 'sum': 0}}]
[datetime.datetime(2019, 11, 5, 10, 10, 2, 489492), {'all': {'len': 0, 'sum': 0}, 'pa': {'len': 0, 'sum': 0}, 'tbs': {'len': 0, 'sum': 0}}]
[datetime.datetime(2019, 11, 5, 10, 15, 2, 375181), {'all': {'len': 0, 'sum': 0}, 'pa': {'len': 0, 'sum': 0}, 'tbs': {'len': 0, 'sum': 0}}]
[datetime.datetime(2019, 11, 5, 10, 20, 1, 951394), {'all': {'len': 0, 'sum': 0}, 'pa': {'len': 0, 'sum': 0}, 'tbs': {'len': 0, 'sum': 0}}]
[datetime.datetime(2019, 11, 5, 10, 25, 2, 243661), {'all': {'len': 0, 'sum': 0}, 'pa': {'len': 0, 'sum': 0}, 'tbs': {'len': 0, 'sum': 0}}]
[datetime.datetime(2019, 11, 5, 10, 30, 1, 773103), {'all': {'len': 1, 'sum': 0.123}, 'pa': {'len': 0, 'sum': 0}, 'tbs': {'len': 0, 'sum': 0}}]
[datetime.datetime(2019, 11, 5, 10, 35, 2, 201442), {'all': {'len': 0, 'sum': 0}, 'pa': {'len': 0, 'sum': 0}, 'tbs': {'len': 0, 'sum': 0}}]
[datetime.datetime(2019, 11, 5, 10, 40, 2, 401149), {'all': {'len': 0, 'sum': 0}, 'pa': {'len': 0, 'sum': 0}, 'tbs': {'len': 0, 'sum': 0}}]
[datetime.datetime(2019, 11, 5, 10, 45, 2, 429524), {'all': {'len': 0, 'sum': 0}, 'pa': {'len': 0, 'sum': 0}, 'tbs': {'len': 0, 'sum': 0}}]
[datetime.datetime(2019, 11, 5, 10, 50, 2, 34834), {'all': {'len': 0, 'sum': 0}, 'pa': {'len': 0, 'sum': 0}, 'tbs': {'len': 0, 'sum': 0}}]
[datetime.datetime(2019, 11, 5, 10, 55, 2, 404531), {'all': {'len': 0, 'sum': 0}, 'pa': {'len': 0, 'sum': 0}, 'tbs': {'len': 0, 'sum': 0}}]
[datetime.datetime(2019, 11, 5, 11, 0, 2, 760837), {'all': {'len': 0, 'sum': 0}, 'pa': {'len': 0, 'sum': 0}, 'tbs': {'len': 0, 'sum': 0}}]
[datetime.datetime(2019, 11, 5, 11, 5, 2, 768201), {'all': {'len': 0, 'sum': 0}, 'pa': {'len': 0, 'sum': 0}, 'tbs': {'len': 0, 'sum': 0}}]
[datetime.datetime(2019, 11, 5, 11, 10, 2, 552542), {'all': {'len': 0, 'sum': 0}, 'pa': {'len': 0, 'sum': 0}, 'tbs': {'len': 0, 'sum': 0}}]
[datetime.datetime(2019, 11, 5, 11, 15, 2, 288014), {'all': {'len': 0, 'sum': 0}, 'pa': {'len': 0, 'sum': 0}, 'tbs': {'len': 0, 'sum': 0}}]
[datetime.datetime(2019, 11, 5, 11, 20, 2, 715713), {'all': {'len': 0, 'sum': 0}, 'pa': {'len': 0, 'sum': 0}, 'tbs': {'len': 0, 'sum': 0}}]
[datetime.datetime(2019, 11, 5, 11, 25, 2, 56911), {'all': {'len': 0, 'sum': 0}, 'pa': {'len': 0, 'sum': 0}, 'tbs': {'len': 0, 'sum': 0}}]
[datetime.datetime(2019, 11, 5, 11, 30, 2, 211838), {'all': {'len': 0, 'sum': 0}, 'pa': {'len': 0, 'sum': 0}, 'tbs': {'len': 0, 'sum': 0}}]
[datetime.datetime(2019, 11, 5, 11, 35, 1, 869859), {'all': {'len': 0, 'sum': 0}, 'pa': {'len': 0, 'sum': 0}, 'tbs': {'len': 0, 'sum': 0}}]
[datetime.datetime(2019, 11, 5, 11, 40, 2, 567743), {'all': {'len': 0, 'sum': 0}, 'pa': {'len': 0, 'sum': 0}, 'tbs': {'len': 0, 'sum': 0}}]
[datetime.datetime(2019, 11, 5, 11, 45, 2, 373579), {'all': {'len': 0, 'sum': 0}, 'pa': {'len': 0, 'sum': 0}, 'tbs': {'len': 0, 'sum': 0}}]
[datetime.datetime(2019, 11, 5, 11, 50, 1, 791673), {'all': {'len': 0, 'sum': 0}, 'pa': {'len': 0, 'sum': 0}, 'tbs': {'len': 0, 'sum': 0}}]
[datetime.datetime(2019, 11, 5, 11, 55, 2, 153520), {'all': {'len': 0, 'sum': 0}, 'pa': {'len': 0, 'sum': 0}, 'tbs': {'len': 0, 'sum': 0}}]
[datetime.datetime(2019, 11, 5, 12, 0, 2, 422216), {'all': {'len': 0, 'sum': 0}, 'pa': {'len': 0, 'sum': 0}, 'tbs': {'len': 0, 'sum': 0}}]
[datetime.datetime(2019, 11, 5, 12, 5, 2, 343911), {'all': {'len': 0, 'sum': 0}, 'pa': {'len': 0, 'sum': 0}, 'tbs': {'len': 0, 'sum': 0}}]
[datetime.datetime(2019, 11, 5, 12, 10, 2, 322199), {'all': {'len': 0, 'sum': 0}, 'pa': {'len': 0, 'sum': 0}, 'tbs': {'len': 0, 'sum': 0}}]
[datetime.datetime(2019, 11, 5, 12, 15, 2, 256040), {'all': {'len': 0, 'sum': 0}, 'pa': {'len': 0, 'sum': 0}, 'tbs': {'len': 0, 'sum': 0}}]
[datetime.datetime(2019, 11, 5, 12, 20, 2, 510994), {'all': {'len': 0, 'sum': 0}, 'pa': {'len': 0, 'sum': 0}, 'tbs': {'len': 0, 'sum': 0}}]
[datetime.datetime(2019, 11, 5, 12, 30, 2, 225405), {'all': {'len': 0, 'sum': 0}, 'pa': {'len': 0, 'sum': 0}, 'tbs': {'len': 0, 'sum': 0}}]
[datetime.datetime(2019, 11, 5, 12, 35, 2, 173154), {'all': {'len': 0, 'sum': 0}, 'pa': {'len': 0, 'sum': 0}, 'tbs': {'len': 0, 'sum': 0}}]
[datetime.datetime(2019, 11, 5, 12, 40, 2, 724050), {'all': {'len': 0, 'sum': 0}, 'pa': {'len': 0, 'sum': 0}, 'tbs': {'len': 0, 'sum': 0}}]
[datetime.datetime(2019, 11, 5, 12, 45, 2, 523163), {'all': {'len': 0, 'sum': 0}, 'pa': {'len': 0, 'sum': 0}, 'tbs': {'len': 0, 'sum': 0}}]
[datetime.datetime(2019, 11, 5, 12, 50, 2, 342255), {'all': {'len': 0, 'sum': 0}, 'pa': {'len': 0, 'sum': 0}, 'tbs': {'len': 0, 'sum': 0}}]
[datetime.datetime(2019, 11, 5, 12, 55, 2, 161644), {'all': {'len': 0, 'sum': 0}, 'pa': {'len': 0, 'sum': 0}, 'tbs': {'len': 0, 'sum': 0}}]
[datetime.datetime(2019, 11, 5, 13, 0, 2, 641003), {'all': {'len': 0, 'sum': 0}, 'pa': {'len': 0, 'sum': 0}, 'tbs': {'len': 0, 'sum': 0}}]
[datetime.datetime(2019, 11, 5, 13, 5, 2, 22054), {'all': {'len': 0, 'sum': 0}, 'pa': {'len': 0, 'sum': 0}, 'tbs': {'len': 0, 'sum': 0}}]
[datetime.datetime(2019, 11, 5, 13, 10, 2, 393339), {'all': {'len': 0, 'sum': 0}, 'pa': {'len': 0, 'sum': 0}, 'tbs': {'len': 0, 'sum': 0}}]
[datetime.datetime(2019, 11, 5, 13, 15, 2, 412392), {'all': {'len': 0, 'sum': 0}, 'pa': {'len': 0, 'sum': 0}, 'tbs': {'len': 0, 'sum': 0}}]
[datetime.datetime(2019, 11, 5, 13, 20, 1, 980345), {'all': {'len': 0, 'sum': 0}, 'pa': {'len': 0, 'sum': 0}, 'tbs': {'len': 0, 'sum': 0}}]
[datetime.datetime(2019, 11, 5, 13, 25, 2, 600247), {'all': {'len': 22, 'sum': 80.64200000000001}, 'pa': {'len': 10, 'sum': 79.286}, 'tbs': {'len': 6, 'sum': 0.7729999999999999}}]
[datetime.datetime(2019, 11, 5, 13, 30, 1, 870762), {'all': {'len': 33, 'sum': 4.511}, 'pa': {'len': 6, 'sum': 0.8580000000000001}, 'tbs': {'len': 18, 'sum': 2.436}}]
[datetime.datetime(2019, 11, 5, 13, 35, 1, 875951), {'all': {'len': 51, 'sum': 5.964000000000001}, 'pa': {'len': 6, 'sum': 0.6459999999999999}, 'tbs': {'len': 25, 'sum': 2.973}}]
[datetime.datetime(2019, 11, 5, 13, 40, 2, 239656), {'all': {'len': 13, 'sum': 1.1620000000000001}, 'pa': {'len': 2, 'sum': 0.16699999999999998}, 'tbs': {'len': 6, 'sum': 0.552}}]
[datetime.datetime(2019, 11, 5, 13, 45, 2, 548188), {'all': {'len': 8, 'sum': 0.858}, 'pa': {'len': 1, 'sum': 0.14}, 'tbs': {'len': 1, 'sum': 0.107}}]
[datetime.datetime(2019, 11, 5, 13, 55, 1, 980676), {'all': {'len': 20, 'sum': 2.076}, 'pa': {'len': 3, 'sum': 0.323}, 'tbs': {'len': 8, 'sum': 0.865}}]
[datetime.datetime(2019, 11, 5, 14, 0, 2, 86425), {'all': {'len': 30, 'sum': 3.189}, 'pa': {'len': 0, 'sum': 0}, 'tbs': {'len': 18, 'sum': 1.928}}]
[datetime.datetime(2019, 11, 5, 14, 5, 2, 387983), {'all': {'len': 37, 'sum': 4.962000000000001}, 'pa': {'len': 3, 'sum': 0.28500000000000003}, 'tbs': {'len': 23, 'sum': 3.159}}]
[datetime.datetime(2019, 11, 5, 14, 10, 2, 211531), {'all': {'len': 20, 'sum': 2.4370000000000007}, 'pa': {'len': 1, 'sum': 0.093}, 'tbs': {'len': 10, 'sum': 1.304}}]
[datetime.datetime(2019, 11, 5, 14, 15, 2, 153614), {'all': {'len': 5, 'sum': 0.5549999999999999}, 'pa': {'len': 1, 'sum': 0.093}, 'tbs': {'len': 2, 'sum': 0.266}}]
[datetime.datetime(2019, 11, 5, 14, 20, 1, 896765), {'all': {'len': 4, 'sum': 0.384}, 'pa': {'len': 3, 'sum': 0.287}, 'tbs': {'len': 0, 'sum': 0}}]
[datetime.datetime(2019, 11, 5, 14, 25, 2, 609922), {'all': {'len': 25, 'sum': 3.1249999999999996}, 'pa': {'len': 2, 'sum': 0.41600000000000004}, 'tbs': {'len': 13, 'sum': 1.5859999999999999}}]
[datetime.datetime(2019, 11, 5, 14, 30, 2, 466538), {'all': {'len': 10, 'sum': 1.3010000000000002}, 'pa': {'len': 0, 'sum': 0}, 'tbs': {'len': 7, 'sum': 0.902}}]
[datetime.datetime(2019, 11, 5, 14, 35, 2, 128634), {'all': {'len': 14, 'sum': 1.541}, 'pa': {'len': 2, 'sum': 0.34}, 'tbs': {'len': 4, 'sum': 0.389}}]
[datetime.datetime(2019, 11, 5, 14, 45, 2, 465340), {'all': {'len': 27, 'sum': 3.016}, 'pa': {'len': 1, 'sum': 0.09}, 'tbs': {'len': 18, 'sum': 2.0839999999999996}}]
[datetime.datetime(2019, 11, 5, 14, 50, 2, 500437), {'all': {'len': 9, 'sum': 0.927}, 'pa': {'len': 0, 'sum': 0}, 'tbs': {'len': 8, 'sum': 0.8}}]
[datetime.datetime(2019, 11, 5, 15, 0, 2, 380032), {'all': {'len': 20, 'sum': 2.0580000000000003}, 'pa': {'len': 1, 'sum': 0.09}, 'tbs': {'len': 6, 'sum': 0.577}}]
[datetime.datetime(2019, 11, 5, 15, 5, 2, 377815), {'all': {'len': 14, 'sum': 1.782}, 'pa': {'len': 3, 'sum': 0.554}, 'tbs': {'len': 4, 'sum': 0.445}}]
[datetime.datetime(2019, 11, 5, 15, 10, 1, 829203), {'all': {'len': 15, 'sum': 1.718}, 'pa': {'len': 1, 'sum': 0.123}, 'tbs': {'len': 8, 'sum': 0.855}}]
[datetime.datetime(2019, 11, 5, 15, 15, 2, 683167), {'all': {'len': 18, 'sum': 2.4339999999999997}, 'pa': {'len': 1, 'sum': 0.093}, 'tbs': {'len': 9, 'sum': 1.3629999999999998}}]
[datetime.datetime(2019, 11, 5, 15, 25, 1, 838431), {'all': {'len': 0, 'sum': 0}, 'pa': {'len': 0, 'sum': 0}, 'tbs': {'len': 0, 'sum': 0}}]
[datetime.datetime(2019, 11, 5, 15, 30, 1, 933626), {'all': {'len': 0, 'sum': 0}, 'pa': {'len': 0, 'sum': 0}, 'tbs': {'len': 0, 'sum': 0}}]
[datetime.datetime(2019, 11, 5, 15, 35, 2, 419507), {'all': {'len': 0, 'sum': 0}, 'pa': {'len': 0, 'sum': 0}, 'tbs': {'len': 0, 'sum': 0}}]
[datetime.datetime(2019, 11, 5, 15, 40, 1, 929391), {'all': {'len': 0, 'sum': 0}, 'pa': {'len': 0, 'sum': 0}, 'tbs': {'len': 0, 'sum': 0}}]
[datetime.datetime(2019, 11, 5, 15, 45, 2, 602857), {'all': {'len': 0, 'sum': 0}, 'pa': {'len': 0, 'sum': 0}, 'tbs': {'len': 0, 'sum': 0}}]
[datetime.datetime(2019, 11, 5, 15, 50, 2, 576954), {'all': {'len': 0, 'sum': 0}, 'pa': {'len': 0, 'sum': 0}, 'tbs': {'len': 0, 'sum': 0}}]
[datetime.datetime(2019, 11, 5, 15, 55, 1, 940116), {'all': {'len': 0, 'sum': 0}, 'pa': {'len': 0, 'sum': 0}, 'tbs': {'len': 0, 'sum': 0}}]
[datetime.datetime(2019, 11, 5, 16, 0, 2, 718436), {'all': {'len': 0, 'sum': 0}, 'pa': {'len': 0, 'sum': 0}, 'tbs': {'len': 0, 'sum': 0}}]
[datetime.datetime(2019, 11, 5, 16, 5, 2, 741152), {'all': {'len': 0, 'sum': 0}, 'pa': {'len': 0, 'sum': 0}, 'tbs': {'len': 0, 'sum': 0}}]
[datetime.datetime(2019, 11, 5, 16, 10, 2, 401976), {'all': {'len': 0, 'sum': 0}, 'pa': {'len': 0, 'sum': 0}, 'tbs': {'len': 0, 'sum': 0}}]
[datetime.datetime(2019, 11, 5, 16, 15, 1, 943507), {'all': {'len': 0, 'sum': 0}, 'pa': {'len': 0, 'sum': 0}, 'tbs': {'len': 0, 'sum': 0}}]
[datetime.datetime(2019, 11, 5, 16, 20, 2, 455037), {'all': {'len': 0, 'sum': 0}, 'pa': {'len': 0, 'sum': 0}, 'tbs': {'len': 0, 'sum': 0}}]
[datetime.datetime(2019, 11, 5, 16, 25, 2, 191517), {'all': {'len': 0, 'sum': 0}, 'pa': {'len': 0, 'sum': 0}, 'tbs': {'len': 0, 'sum': 0}}]
[datetime.datetime(2019, 11, 5, 16, 30, 2, 142400), {'all': {'len': 0, 'sum': 0}, 'pa': {'len': 0, 'sum': 0}, 'tbs': {'len': 0, 'sum': 0}}]
[datetime.datetime(2019, 11, 5, 16, 35, 2, 156515), {'all': {'len': 0, 'sum': 0}, 'pa': {'len': 0, 'sum': 0}, 'tbs': {'len': 0, 'sum': 0}}]
[datetime.datetime(2019, 11, 5, 16, 40, 2, 700299), {'all': {'len': 0, 'sum': 0}, 'pa': {'len': 0, 'sum': 0}, 'tbs': {'len': 0, 'sum': 0}}]
[datetime.datetime(2019, 11, 5, 16, 45, 2, 278932), {'all': {'len': 0, 'sum': 0}, 'pa': {'len': 0, 'sum': 0}, 'tbs': {'len': 0, 'sum': 0}}]
[datetime.datetime(2019, 11, 5, 16, 50, 1, 823123), {'all': {'len': 0, 'sum': 0}, 'pa': {'len': 0, 'sum': 0}, 'tbs': {'len': 0, 'sum': 0}}]
[datetime.datetime(2019, 11, 5, 16, 55, 2, 525951), {'all': {'len': 0, 'sum': 0}, 'pa': {'len': 0, 'sum': 0}, 'tbs': {'len': 0, 'sum': 0}}]
[datetime.datetime(2019, 11, 5, 17, 0, 2, 775121), {'all': {'len': 0, 'sum': 0}, 'pa': {'len': 0, 'sum': 0}, 'tbs': {'len': 0, 'sum': 0}}]
[datetime.datetime(2019, 11, 5, 17, 5, 1, 870625), {'all': {'len': 0, 'sum': 0}, 'pa': {'len': 0, 'sum': 0}, 'tbs': {'len': 0, 'sum': 0}}]
[datetime.datetime(2019, 11, 5, 17, 10, 2, 7407), {'all': {'len': 1, 'sum': 0.083}, 'pa': {'len': 0, 'sum': 0}, 'tbs': {'len': 0, 'sum': 0}}]
[datetime.datetime(2019, 11, 5, 17, 15, 2, 5985), {'all': {'len': 0, 'sum': 0}, 'pa': {'len': 0, 'sum': 0}, 'tbs': {'len': 0, 'sum': 0}}]
[datetime.datetime(2019, 11, 5, 17, 20, 2, 5556), {'all': {'len': 0, 'sum': 0}, 'pa': {'len': 0, 'sum': 0}, 'tbs': {'len': 0, 'sum': 0}}]
[datetime.datetime(2019, 11, 5, 17, 25, 1, 928023), {'all': {'len': 0, 'sum': 0}, 'pa': {'len': 0, 'sum': 0}, 'tbs': {'len': 0, 'sum': 0}}]
[datetime.datetime(2019, 11, 5, 17, 30, 2, 675020), {'all': {'len': 0, 'sum': 0}, 'pa': {'len': 0, 'sum': 0}, 'tbs': {'len': 0, 'sum': 0}}]
[datetime.datetime(2019, 11, 5, 17, 35, 1, 892100), {'all': {'len': 0, 'sum': 0}, 'pa': {'len': 0, 'sum': 0}, 'tbs': {'len': 0, 'sum': 0}}]
[datetime.datetime(2019, 11, 5, 17, 40, 2, 244013), {'all': {'len': 0, 'sum': 0}, 'pa': {'len': 0, 'sum': 0}, 'tbs': {'len': 0, 'sum': 0}}]
[datetime.datetime(2019, 11, 5, 17, 45, 2, 165120), {'all': {'len': 0, 'sum': 0}, 'pa': {'len': 0, 'sum': 0}, 'tbs': {'len': 0, 'sum': 0}}]
[datetime.datetime(2019, 11, 5, 17, 50, 2, 418214), {'all': {'len': 0, 'sum': 0}, 'pa': {'len': 0, 'sum': 0}, 'tbs': {'len': 0, 'sum': 0}}]
[datetime.datetime(2019, 11, 5, 17, 55, 1, 850137), {'all': {'len': 0, 'sum': 0}, 'pa': {'len': 0, 'sum': 0}, 'tbs': {'len': 0, 'sum': 0}}]
[datetime.datetime(2019, 11, 5, 18, 0, 1, 882460), {'all': {'len': 1, 'sum': 0.107}, 'pa': {'len': 0, 'sum': 0}, 'tbs': {'len': 0, 'sum': 0}}]
[datetime.datetime(2019, 11, 5, 18, 5, 2, 267261), {'all': {'len': 0, 'sum': 0}, 'pa': {'len': 0, 'sum': 0}, 'tbs': {'len': 0, 'sum': 0}}]
[datetime.datetime(2019, 11, 5, 18, 10, 2, 106480), {'all': {'len': 0, 'sum': 0}, 'pa': {'len': 0, 'sum': 0}, 'tbs': {'len': 0, 'sum': 0}}]
[datetime.datetime(2019, 11, 5, 18, 15, 2, 518615), {'all': {'len': 0, 'sum': 0}, 'pa': {'len': 0, 'sum': 0}, 'tbs': {'len': 0, 'sum': 0}}]
[datetime.datetime(2019, 11, 5, 18, 20, 2, 505150), {'all': {'len': 0, 'sum': 0}, 'pa': {'len': 0, 'sum': 0}, 'tbs': {'len': 0, 'sum': 0}}]
[datetime.datetime(2019, 11, 5, 18, 25, 1, 940265), {'all': {'len': 0, 'sum': 0}, 'pa': {'len': 0, 'sum': 0}, 'tbs': {'len': 0, 'sum': 0}}]
[datetime.datetime(2019, 11, 5, 18, 30, 2, 608281), {'all': {'len': 0, 'sum': 0}, 'pa': {'len': 0, 'sum': 0}, 'tbs': {'len': 0, 'sum': 0}}]
[datetime.datetime(2019, 11, 5, 18, 35, 2, 246975), {'all': {'len': 0, 'sum': 0}, 'pa': {'len': 0, 'sum': 0}, 'tbs': {'len': 0, 'sum': 0}}]
[datetime.datetime(2019, 11, 5, 18, 40, 2, 585744), {'all': {'len': 0, 'sum': 0}, 'pa': {'len': 0, 'sum': 0}, 'tbs': {'len': 0, 'sum': 0}}]
[datetime.datetime(2019, 11, 5, 18, 45, 2, 400889), {'all': {'len': 0, 'sum': 0}, 'pa': {'len': 0, 'sum': 0}, 'tbs': {'len': 0, 'sum': 0}}]
[datetime.datetime(2019, 11, 5, 18, 50, 2, 349149), {'all': {'len': 0, 'sum': 0}, 'pa': {'len': 0, 'sum': 0}, 'tbs': {'len': 0, 'sum': 0}}]
[datetime.datetime(2019, 11, 5, 18, 55, 2, 594488), {'all': {'len': 0, 'sum': 0}, 'pa': {'len': 0, 'sum': 0}, 'tbs': {'len': 0, 'sum': 0}}]
[datetime.datetime(2019, 11, 5, 19, 0, 2, 511431), {'all': {'len': 0, 'sum': 0}, 'pa': {'len': 0, 'sum': 0}, 'tbs': {'len': 0, 'sum': 0}}]
[datetime.datetime(2019, 11, 5, 19, 5, 2, 199956), {'all': {'len': 0, 'sum': 0}, 'pa': {'len': 0, 'sum': 0}, 'tbs': {'len': 0, 'sum': 0}}]
[datetime.datetime(2019, 11, 5, 19, 10, 2, 223448), {'all': {'len': 0, 'sum': 0}, 'pa': {'len': 0, 'sum': 0}, 'tbs': {'len': 0, 'sum': 0}}]
[datetime.datetime(2019, 11, 5, 19, 15, 1, 880578), {'all': {'len': 0, 'sum': 0}, 'pa': {'len': 0, 'sum': 0}, 'tbs': {'len': 0, 'sum': 0}}]
[datetime.datetime(2019, 11, 5, 19, 20, 2, 166146), {'all': {'len': 0, 'sum': 0}, 'pa': {'len': 0, 'sum': 0}, 'tbs': {'len': 0, 'sum': 0}}]
[datetime.datetime(2019, 11, 5, 19, 25, 2, 636797), {'all': {'len': 9, 'sum': 125.607}, 'pa': {'len': 7, 'sum': 125.39099999999999}, 'tbs': {'len': 2, 'sum': 0.216}}]
[datetime.datetime(2019, 11, 5, 19, 35, 2, 132571), {'all': {'len': 17, 'sum': 1.677}, 'pa': {'len': 4, 'sum': 0.397}, 'tbs': {'len': 5, 'sum': 0.5329999999999999}}]
[datetime.datetime(2019, 11, 5, 19, 40, 2, 163050), {'all': {'len': 32, 'sum': 4.589}, 'pa': {'len': 2, 'sum': 0.18}, 'tbs': {'len': 17, 'sum': 2.3049999999999997}}]
[datetime.datetime(2019, 11, 5, 19, 45, 1, 967031), {'all': {'len': 12, 'sum': 1.1909999999999998}, 'pa': {'len': 4, 'sum': 0.369}, 'tbs': {'len': 8, 'sum': 0.822}}]
[datetime.datetime(2019, 11, 5, 19, 50, 2, 694382), {'all': {'len': 19, 'sum': 2.112}, 'pa': {'len': 5, 'sum': 0.522}, 'tbs': {'len': 10, 'sum': 1.182}}]
[datetime.datetime(2019, 11, 5, 19, 55, 1, 899623), {'all': {'len': 10, 'sum': 0.988}, 'pa': {'len': 4, 'sum': 0.389}, 'tbs': {'len': 4, 'sum': 0.416}}]
[datetime.datetime(2019, 11, 5, 20, 0, 2, 690679), {'all': {'len': 8, 'sum': 0.839}, 'pa': {'len': 2, 'sum': 0.2}, 'tbs': {'len': 0, 'sum': 0}}]
[datetime.datetime(2019, 11, 5, 20, 5, 2, 317747), {'all': {'len': 6, 'sum': 0.594}, 'pa': {'len': 0, 'sum': 0}, 'tbs': {'len': 4, 'sum': 0.364}}]
[datetime.datetime(2019, 11, 5, 20, 10, 2, 51820), {'all': {'len': 19, 'sum': 1.9170000000000003}, 'pa': {'len': 3, 'sum': 0.29}, 'tbs': {'len': 9, 'sum': 0.887}}]
[datetime.datetime(2019, 11, 5, 20, 15, 1, 828460), {'all': {'len': 15, 'sum': 1.582}, 'pa': {'len': 4, 'sum': 0.37}, 'tbs': {'len': 2, 'sum': 0.264}}]
[datetime.datetime(2019, 11, 5, 20, 20, 2, 352493), {'all': {'len': 11, 'sum': 1.08}, 'pa': {'len': 1, 'sum': 0.107}, 'tbs': {'len': 6, 'sum': 0.619}}]
[datetime.datetime(2019, 11, 5, 20, 30, 2, 45387), {'all': {'len': 2, 'sum': 0.22}, 'pa': {'len': 0, 'sum': 0}, 'tbs': {'len': 2, 'sum': 0.22}}]
[datetime.datetime(2019, 11, 5, 20, 35, 2, 42741), {'all': {'len': 10, 'sum': 1.1509999999999998}, 'pa': {'len': 1, 'sum': 0.077}, 'tbs': {'len': 8, 'sum': 0.964}}]
[datetime.datetime(2019, 11, 5, 20, 40, 2, 753379), {'all': {'len': 10, 'sum': 1.006}, 'pa': {'len': 2, 'sum': 0.19}, 'tbs': {'len': 6, 'sum': 0.6460000000000001}}]
[datetime.datetime(2019, 11, 5, 20, 45, 2, 589731), {'all': {'len': 11, 'sum': 1.129}, 'pa': {'len': 4, 'sum': 0.37}, 'tbs': {'len': 4, 'sum': 0.426}}]
[datetime.datetime(2019, 11, 5, 21, 0, 2, 220933), {'all': {'len': 18, 'sum': 1.734}, 'pa': {'len': 2, 'sum': 0.196}, 'tbs': {'len': 8, 'sum': 0.7989999999999999}}]
[datetime.datetime(2019, 11, 5, 21, 5, 2, 102741), {'all': {'len': 13, 'sum': 1.324}, 'pa': {'len': 1, 'sum': 0.107}, 'tbs': {'len': 7, 'sum': 0.761}}]
[datetime.datetime(2019, 11, 5, 21, 10, 1, 963309), {'all': {'len': 3, 'sum': 0.261}, 'pa': {'len': 0, 'sum': 0}, 'tbs': {'len': 1, 'sum': 0.094}}]
[datetime.datetime(2019, 11, 5, 21, 15, 2, 89819), {'all': {'len': 15, 'sum': 1.479}, 'pa': {'len': 2, 'sum': 0.21700000000000003}, 'tbs': {'len': 10, 'sum': 1.0059999999999998}}]
[datetime.datetime(2019, 11, 5, 21, 25, 2, 272303), {'all': {'len': 11, 'sum': 1.096}, 'pa': {'len': 3, 'sum': 0.247}, 'tbs': {'len': 5, 'sum': 0.528}}]
[datetime.datetime(2019, 11, 5, 21, 30, 2, 258279), {'all': {'len': 15, 'sum': 1.4520000000000002}, 'pa': {'len': 3, 'sum': 0.248}, 'tbs': {'len': 8, 'sum': 0.834}}]
[datetime.datetime(2019, 11, 5, 21, 35, 2, 647707), {'all': {'len': 17, 'sum': 1.4919999999999998}, 'pa': {'len': 3, 'sum': 0.243}, 'tbs': {'len': 8, 'sum': 0.73}}]
[datetime.datetime(2019, 11, 5, 21, 40, 2, 497524), {'all': {'len': 0, 'sum': 0}, 'pa': {'len': 0, 'sum': 0}, 'tbs': {'len': 0, 'sum': 0}}]
[datetime.datetime(2019, 11, 5, 21, 45, 2, 219488), {'all': {'len': 0, 'sum': 0}, 'pa': {'len': 0, 'sum': 0}, 'tbs': {'len': 0, 'sum': 0}}]
[datetime.datetime(2019, 11, 5, 21, 50, 2, 19203), {'all': {'len': 0, 'sum': 0}, 'pa': {'len': 0, 'sum': 0}, 'tbs': {'len': 0, 'sum': 0}}]
[datetime.datetime(2019, 11, 5, 21, 55, 2, 462008), {'all': {'len': 0, 'sum': 0}, 'pa': {'len': 0, 'sum': 0}, 'tbs': {'len': 0, 'sum': 0}}]
[datetime.datetime(2019, 11, 5, 22, 0, 2, 232525), {'all': {'len': 0, 'sum': 0}, 'pa': {'len': 0, 'sum': 0}, 'tbs': {'len': 0, 'sum': 0}}]
[datetime.datetime(2019, 11, 5, 22, 5, 2, 352781), {'all': {'len': 0, 'sum': 0}, 'pa': {'len': 0, 'sum': 0}, 'tbs': {'len': 0, 'sum': 0}}]
[datetime.datetime(2019, 11, 5, 22, 10, 2, 469681), {'all': {'len': 0, 'sum': 0}, 'pa': {'len': 0, 'sum': 0}, 'tbs': {'len': 0, 'sum': 0}}]
[datetime.datetime(2019, 11, 5, 22, 15, 2, 124621), {'all': {'len': 0, 'sum': 0}, 'pa': {'len': 0, 'sum': 0}, 'tbs': {'len': 0, 'sum': 0}}]
[datetime.datetime(2019, 11, 5, 22, 20, 1, 864254), {'all': {'len': 0, 'sum': 0}, 'pa': {'len': 0, 'sum': 0}, 'tbs': {'len': 0, 'sum': 0}}]
[datetime.datetime(2019, 11, 5, 22, 25, 2, 489715), {'all': {'len': 0, 'sum': 0}, 'pa': {'len': 0, 'sum': 0}, 'tbs': {'len': 0, 'sum': 0}}]
[datetime.datetime(2019, 11, 5, 22, 30, 2, 749646), {'all': {'len': 0, 'sum': 0}, 'pa': {'len': 0, 'sum': 0}, 'tbs': {'len': 0, 'sum': 0}}]
[datetime.datetime(2019, 11, 5, 22, 35, 2, 317850), {'all': {'len': 0, 'sum': 0}, 'pa': {'len': 0, 'sum': 0}, 'tbs': {'len': 0, 'sum': 0}}]
[datetime.datetime(2019, 11, 5, 22, 40, 2, 701798), {'all': {'len': 0, 'sum': 0}, 'pa': {'len': 0, 'sum': 0}, 'tbs': {'len': 0, 'sum': 0}}]
[datetime.datetime(2019, 11, 5, 22, 45, 2, 146921), {'all': {'len': 0, 'sum': 0}, 'pa': {'len': 0, 'sum': 0}, 'tbs': {'len': 0, 'sum': 0}}]
[datetime.datetime(2019, 11, 5, 22, 50, 2, 397203), {'all': {'len': 0, 'sum': 0}, 'pa': {'len': 0, 'sum': 0}, 'tbs': {'len': 0, 'sum': 0}}]
[datetime.datetime(2019, 11, 5, 22, 55, 2, 507465), {'all': {'len': 0, 'sum': 0}, 'pa': {'len': 0, 'sum': 0}, 'tbs': {'len': 0, 'sum': 0}}]
[datetime.datetime(2019, 11, 5, 23, 0, 2, 535670), {'all': {'len': 0, 'sum': 0}, 'pa': {'len': 0, 'sum': 0}, 'tbs': {'len': 0, 'sum': 0}}]
[datetime.datetime(2019, 11, 5, 23, 5, 2, 580228), {'all': {'len': 0, 'sum': 0}, 'pa': {'len': 0, 'sum': 0}, 'tbs': {'len': 0, 'sum': 0}}]
[datetime.datetime(2019, 11, 5, 23, 10, 2, 725383), {'all': {'len': 0, 'sum': 0}, 'pa': {'len': 0, 'sum': 0}, 'tbs': {'len': 0, 'sum': 0}}]
[datetime.datetime(2019, 11, 5, 23, 15, 1, 923533), {'all': {'len': 0, 'sum': 0}, 'pa': {'len': 0, 'sum': 0}, 'tbs': {'len': 0, 'sum': 0}}]
[datetime.datetime(2019, 11, 5, 23, 20, 1, 785795), {'all': {'len': 0, 'sum': 0}, 'pa': {'len': 0, 'sum': 0}, 'tbs': {'len': 0, 'sum': 0}}]
[datetime.datetime(2019, 11, 5, 23, 25, 1, 747990), {'all': {'len': 0, 'sum': 0}, 'pa': {'len': 0, 'sum': 0}, 'tbs': {'len': 0, 'sum': 0}}]
[datetime.datetime(2019, 11, 5, 23, 30, 2, 783029), {'all': {'len': 0, 'sum': 0}, 'pa': {'len': 0, 'sum': 0}, 'tbs': {'len': 0, 'sum': 0}}]
[datetime.datetime(2019, 11, 5, 23, 35, 2, 691483), {'all': {'len': 0, 'sum': 0}, 'pa': {'len': 0, 'sum': 0}, 'tbs': {'len': 0, 'sum': 0}}]
[datetime.datetime(2019, 11, 5, 23, 40, 1, 795524), {'all': {'len': 0, 'sum': 0}, 'pa': {'len': 0, 'sum': 0}, 'tbs': {'len': 0, 'sum': 0}}]
[datetime.datetime(2019, 11, 5, 23, 45, 1, 993693), {'all': {'len': 0, 'sum': 0}, 'pa': {'len': 0, 'sum': 0}, 'tbs': {'len': 0, 'sum': 0}}]
[datetime.datetime(2019, 11, 5, 23, 50, 2, 434145), {'all': {'len': 0, 'sum': 0}, 'pa': {'len': 0, 'sum': 0}, 'tbs': {'len': 0, 'sum': 0}}]
[datetime.datetime(2019, 11, 5, 23, 55, 2, 478566), {'all': {'len': 0, 'sum': 0}, 'pa': {'len': 0, 'sum': 0}, 'tbs': {'len': 0, 'sum': 0}}]
