[datetime.datetime(2019, 11, 8, 0, 0, 2, 705011), {'all': {'len': 8, 'sum': 1.051}, 'pa': {'len': 1, 'sum': 0.093}, 'tbs': {'len': 4, 'sum': 0.589}}]
[datetime.datetime(2019, 11, 8, 0, 5, 2, 687066), {'all': {'len': 15, 'sum': 1.744}, 'pa': {'len': 0, 'sum': 0}, 'tbs': {'len': 11, 'sum': 1.405}}]
[datetime.datetime(2019, 11, 8, 0, 10, 1, 901691), {'all': {'len': 26, 'sum': 6.043}, 'pa': {'len': 2, 'sum': 0.182}, 'tbs': {'len': 2, 'sum': 0.323}}]
[datetime.datetime(2019, 11, 8, 0, 15, 2, 665313), {'all': {'len': 33, 'sum': 3.9280000000000013}, 'pa': {'len': 3, 'sum': 0.263}, 'tbs': {'len': 15, 'sum': 1.9400000000000006}}]
[datetime.datetime(2019, 11, 8, 0, 30, 2, 608005), {'all': {'len': 20, 'sum': 1.999}, 'pa': {'len': 1, 'sum': 0.11}, 'tbs': {'len': 5, 'sum': 0.577}}]
[datetime.datetime(2019, 11, 8, 0, 35, 2, 589637), {'all': {'len': 9, 'sum': 0.7510000000000001}, 'pa': {'len': 2, 'sum': 0.184}, 'tbs': {'len': 5, 'sum': 0.397}}]
[datetime.datetime(2019, 11, 8, 0, 40, 2, 181854), {'all': {'len': 0, 'sum': 0}, 'pa': {'len': 0, 'sum': 0}, 'tbs': {'len': 0, 'sum': 0}}]
[datetime.datetime(2019, 11, 8, 0, 45, 2, 399030), {'all': {'len': 0, 'sum': 0}, 'pa': {'len': 0, 'sum': 0}, 'tbs': {'len': 0, 'sum': 0}}]
[datetime.datetime(2019, 11, 8, 0, 50, 2, 407751), {'all': {'len': 0, 'sum': 0}, 'pa': {'len': 0, 'sum': 0}, 'tbs': {'len': 0, 'sum': 0}}]
[datetime.datetime(2019, 11, 8, 0, 55, 2, 612943), {'all': {'len': 0, 'sum': 0}, 'pa': {'len': 0, 'sum': 0}, 'tbs': {'len': 0, 'sum': 0}}]
[datetime.datetime(2019, 11, 8, 1, 0, 2, 493795), {'all': {'len': 0, 'sum': 0}, 'pa': {'len': 0, 'sum': 0}, 'tbs': {'len': 0, 'sum': 0}}]
[datetime.datetime(2019, 11, 8, 1, 5, 2, 185365), {'all': {'len': 0, 'sum': 0}, 'pa': {'len': 0, 'sum': 0}, 'tbs': {'len': 0, 'sum': 0}}]
[datetime.datetime(2019, 11, 8, 1, 10, 1, 749439), {'all': {'len': 0, 'sum': 0}, 'pa': {'len': 0, 'sum': 0}, 'tbs': {'len': 0, 'sum': 0}}]
[datetime.datetime(2019, 11, 8, 1, 15, 2, 370277), {'all': {'len': 0, 'sum': 0}, 'pa': {'len': 0, 'sum': 0}, 'tbs': {'len': 0, 'sum': 0}}]
[datetime.datetime(2019, 11, 8, 1, 20, 1, 969176), {'all': {'len': 0, 'sum': 0}, 'pa': {'len': 0, 'sum': 0}, 'tbs': {'len': 0, 'sum': 0}}]
[datetime.datetime(2019, 11, 8, 1, 25, 2, 645582), {'all': {'len': 0, 'sum': 0}, 'pa': {'len': 0, 'sum': 0}, 'tbs': {'len': 0, 'sum': 0}}]
[datetime.datetime(2019, 11, 8, 1, 30, 2, 325583), {'all': {'len': 0, 'sum': 0}, 'pa': {'len': 0, 'sum': 0}, 'tbs': {'len': 0, 'sum': 0}}]
[datetime.datetime(2019, 11, 8, 1, 35, 2, 142094), {'all': {'len': 0, 'sum': 0}, 'pa': {'len': 0, 'sum': 0}, 'tbs': {'len': 0, 'sum': 0}}]
[datetime.datetime(2019, 11, 8, 1, 40, 2, 32397), {'all': {'len': 0, 'sum': 0}, 'pa': {'len': 0, 'sum': 0}, 'tbs': {'len': 0, 'sum': 0}}]
[datetime.datetime(2019, 11, 8, 1, 45, 2, 238862), {'all': {'len': 0, 'sum': 0}, 'pa': {'len': 0, 'sum': 0}, 'tbs': {'len': 0, 'sum': 0}}]
[datetime.datetime(2019, 11, 8, 1, 50, 2, 472251), {'all': {'len': 0, 'sum': 0}, 'pa': {'len': 0, 'sum': 0}, 'tbs': {'len': 0, 'sum': 0}}]
[datetime.datetime(2019, 11, 8, 1, 55, 2, 111239), {'all': {'len': 0, 'sum': 0}, 'pa': {'len': 0, 'sum': 0}, 'tbs': {'len': 0, 'sum': 0}}]
[datetime.datetime(2019, 11, 8, 2, 0, 2, 133155), {'all': {'len': 0, 'sum': 0}, 'pa': {'len': 0, 'sum': 0}, 'tbs': {'len': 0, 'sum': 0}}]
[datetime.datetime(2019, 11, 8, 2, 5, 2, 96893), {'all': {'len': 0, 'sum': 0}, 'pa': {'len': 0, 'sum': 0}, 'tbs': {'len': 0, 'sum': 0}}]
[datetime.datetime(2019, 11, 8, 2, 10, 2, 200970), {'all': {'len': 0, 'sum': 0}, 'pa': {'len': 0, 'sum': 0}, 'tbs': {'len': 0, 'sum': 0}}]
[datetime.datetime(2019, 11, 8, 2, 15, 2, 90613), {'all': {'len': 0, 'sum': 0}, 'pa': {'len': 0, 'sum': 0}, 'tbs': {'len': 0, 'sum': 0}}]
[datetime.datetime(2019, 11, 8, 2, 20, 2, 694794), {'all': {'len': 0, 'sum': 0}, 'pa': {'len': 0, 'sum': 0}, 'tbs': {'len': 0, 'sum': 0}}]
[datetime.datetime(2019, 11, 8, 2, 25, 1, 877963), {'all': {'len': 0, 'sum': 0}, 'pa': {'len': 0, 'sum': 0}, 'tbs': {'len': 0, 'sum': 0}}]
[datetime.datetime(2019, 11, 8, 2, 30, 2, 368994), {'all': {'len': 0, 'sum': 0}, 'pa': {'len': 0, 'sum': 0}, 'tbs': {'len': 0, 'sum': 0}}]
[datetime.datetime(2019, 11, 8, 2, 35, 1, 760281), {'all': {'len': 0, 'sum': 0}, 'pa': {'len': 0, 'sum': 0}, 'tbs': {'len': 0, 'sum': 0}}]
[datetime.datetime(2019, 11, 8, 2, 40, 1, 927947), {'all': {'len': 0, 'sum': 0}, 'pa': {'len': 0, 'sum': 0}, 'tbs': {'len': 0, 'sum': 0}}]
[datetime.datetime(2019, 11, 8, 2, 45, 2, 650120), {'all': {'len': 0, 'sum': 0}, 'pa': {'len': 0, 'sum': 0}, 'tbs': {'len': 0, 'sum': 0}}]
[datetime.datetime(2019, 11, 8, 2, 50, 1, 859690), {'all': {'len': 0, 'sum': 0}, 'pa': {'len': 0, 'sum': 0}, 'tbs': {'len': 0, 'sum': 0}}]
[datetime.datetime(2019, 11, 8, 2, 55, 2, 578880), {'all': {'len': 0, 'sum': 0}, 'pa': {'len': 0, 'sum': 0}, 'tbs': {'len': 0, 'sum': 0}}]
[datetime.datetime(2019, 11, 8, 3, 0, 2, 199926), {'all': {'len': 0, 'sum': 0}, 'pa': {'len': 0, 'sum': 0}, 'tbs': {'len': 0, 'sum': 0}}]
[datetime.datetime(2019, 11, 8, 3, 5, 2, 61318), {'all': {'len': 0, 'sum': 0}, 'pa': {'len': 0, 'sum': 0}, 'tbs': {'len': 0, 'sum': 0}}]
[datetime.datetime(2019, 11, 8, 3, 10, 2, 500201), {'all': {'len': 0, 'sum': 0}, 'pa': {'len': 0, 'sum': 0}, 'tbs': {'len': 0, 'sum': 0}}]
[datetime.datetime(2019, 11, 8, 3, 15, 2, 13782), {'all': {'len': 0, 'sum': 0}, 'pa': {'len': 0, 'sum': 0}, 'tbs': {'len': 0, 'sum': 0}}]
[datetime.datetime(2019, 11, 8, 3, 20, 2, 530841), {'all': {'len': 0, 'sum': 0}, 'pa': {'len': 0, 'sum': 0}, 'tbs': {'len': 0, 'sum': 0}}]
[datetime.datetime(2019, 11, 8, 3, 25, 2, 1491), {'all': {'len': 0, 'sum': 0}, 'pa': {'len': 0, 'sum': 0}, 'tbs': {'len': 0, 'sum': 0}}]
[datetime.datetime(2019, 11, 8, 3, 30, 2, 54809), {'all': {'len': 0, 'sum': 0}, 'pa': {'len': 0, 'sum': 0}, 'tbs': {'len': 0, 'sum': 0}}]
[datetime.datetime(2019, 11, 8, 3, 35, 2, 365537), {'all': {'len': 0, 'sum': 0}, 'pa': {'len': 0, 'sum': 0}, 'tbs': {'len': 0, 'sum': 0}}]
[datetime.datetime(2019, 11, 8, 3, 40, 1, 894417), {'all': {'len': 0, 'sum': 0}, 'pa': {'len': 0, 'sum': 0}, 'tbs': {'len': 0, 'sum': 0}}]
[datetime.datetime(2019, 11, 8, 3, 45, 2, 145585), {'all': {'len': 0, 'sum': 0}, 'pa': {'len': 0, 'sum': 0}, 'tbs': {'len': 0, 'sum': 0}}]
[datetime.datetime(2019, 11, 8, 3, 50, 2, 584093), {'all': {'len': 0, 'sum': 0}, 'pa': {'len': 0, 'sum': 0}, 'tbs': {'len': 0, 'sum': 0}}]
[datetime.datetime(2019, 11, 8, 3, 55, 2, 44113), {'all': {'len': 0, 'sum': 0}, 'pa': {'len': 0, 'sum': 0}, 'tbs': {'len': 0, 'sum': 0}}]
[datetime.datetime(2019, 11, 8, 4, 0, 2, 270047), {'all': {'len': 0, 'sum': 0}, 'pa': {'len': 0, 'sum': 0}, 'tbs': {'len': 0, 'sum': 0}}]
[datetime.datetime(2019, 11, 8, 4, 5, 2, 136826), {'all': {'len': 0, 'sum': 0}, 'pa': {'len': 0, 'sum': 0}, 'tbs': {'len': 0, 'sum': 0}}]
[datetime.datetime(2019, 11, 8, 4, 10, 2, 305233), {'all': {'len': 0, 'sum': 0}, 'pa': {'len': 0, 'sum': 0}, 'tbs': {'len': 0, 'sum': 0}}]
[datetime.datetime(2019, 11, 8, 4, 15, 2, 408566), {'all': {'len': 0, 'sum': 0}, 'pa': {'len': 0, 'sum': 0}, 'tbs': {'len': 0, 'sum': 0}}]
[datetime.datetime(2019, 11, 8, 4, 20, 2, 213770), {'all': {'len': 0, 'sum': 0}, 'pa': {'len': 0, 'sum': 0}, 'tbs': {'len': 0, 'sum': 0}}]
[datetime.datetime(2019, 11, 8, 4, 25, 2, 99039), {'all': {'len': 0, 'sum': 0}, 'pa': {'len': 0, 'sum': 0}, 'tbs': {'len': 0, 'sum': 0}}]
[datetime.datetime(2019, 11, 8, 4, 30, 1, 997060), {'all': {'len': 0, 'sum': 0}, 'pa': {'len': 0, 'sum': 0}, 'tbs': {'len': 0, 'sum': 0}}]
[datetime.datetime(2019, 11, 8, 4, 35, 2, 556546), {'all': {'len': 0, 'sum': 0}, 'pa': {'len': 0, 'sum': 0}, 'tbs': {'len': 0, 'sum': 0}}]
[datetime.datetime(2019, 11, 8, 4, 40, 1, 954235), {'all': {'len': 14, 'sum': 234.58900000000003}, 'pa': {'len': 14, 'sum': 234.58900000000003}, 'tbs': {'len': 0, 'sum': 0}}]
[datetime.datetime(2019, 11, 8, 4, 45, 1, 994377), {'all': {'len': 17, 'sum': 325.223}, 'pa': {'len': 17, 'sum': 325.223}, 'tbs': {'len': 0, 'sum': 0}}]
[datetime.datetime(2019, 11, 8, 4, 50, 2, 454585), {'all': {'len': 20, 'sum': 210.011}, 'pa': {'len': 13, 'sum': 209.32300000000004}, 'tbs': {'len': 3, 'sum': 0.263}}]
[datetime.datetime(2019, 11, 8, 4, 55, 1, 860308), {'all': {'len': 12, 'sum': 1.118}, 'pa': {'len': 2, 'sum': 0.186}, 'tbs': {'len': 3, 'sum': 0.273}}]
[datetime.datetime(2019, 11, 8, 5, 0, 2, 441538), {'all': {'len': 9, 'sum': 1.02}, 'pa': {'len': 3, 'sum': 0.337}, 'tbs': {'len': 6, 'sum': 0.6829999999999999}}]
[datetime.datetime(2019, 11, 8, 5, 5, 2, 659195), {'all': {'len': 18, 'sum': 1.6609999999999996}, 'pa': {'len': 1, 'sum': 0.09}, 'tbs': {'len': 8, 'sum': 0.74}}]
[datetime.datetime(2019, 11, 8, 5, 10, 2, 716701), {'all': {'len': 15, 'sum': 2.059}, 'pa': {'len': 1, 'sum': 0.17}, 'tbs': {'len': 7, 'sum': 0.883}}]
[datetime.datetime(2019, 11, 8, 5, 15, 2, 42812), {'all': {'len': 17, 'sum': 1.5139999999999998}, 'pa': {'len': 3, 'sum': 0.27}, 'tbs': {'len': 11, 'sum': 0.988}}]
[datetime.datetime(2019, 11, 8, 5, 20, 2, 389133), {'all': {'len': 39, 'sum': 3.9139999999999997}, 'pa': {'len': 3, 'sum': 0.30000000000000004}, 'tbs': {'len': 21, 'sum': 2.124}}]
[datetime.datetime(2019, 11, 8, 5, 25, 2, 177859), {'all': {'len': 6, 'sum': 0.723}, 'pa': {'len': 1, 'sum': 0.093}, 'tbs': {'len': 4, 'sum': 0.537}}]
[datetime.datetime(2019, 11, 8, 5, 30, 2, 592962), {'all': {'len': 67, 'sum': 213.13999999999993}, 'pa': {'len': 1, 'sum': 0.107}, 'tbs': {'len': 48, 'sum': 209.96799999999996}}]
[datetime.datetime(2019, 11, 8, 5, 35, 1, 939926), {'all': {'len': 174, 'sum': 1700.952}, 'pa': {'len': 2, 'sum': 0.16899999999999998}, 'tbs': {'len': 10, 'sum': 0.955}}]
[datetime.datetime(2019, 11, 8, 5, 40, 2, 45304), {'all': {'len': 7, 'sum': 0.913}, 'pa': {'len': 0, 'sum': 0}, 'tbs': {'len': 4, 'sum': 0.476}}]
[datetime.datetime(2019, 11, 8, 5, 45, 1, 910185), {'all': {'len': 17, 'sum': 1.842}, 'pa': {'len': 2, 'sum': 0.20400000000000001}, 'tbs': {'len': 8, 'sum': 0.912}}]
[datetime.datetime(2019, 11, 8, 5, 50, 1, 719640), {'all': {'len': 15, 'sum': 1.402}, 'pa': {'len': 1, 'sum': 0.09}, 'tbs': {'len': 8, 'sum': 0.739}}]
[datetime.datetime(2019, 11, 8, 6, 0, 2, 176431), {'all': {'len': 15, 'sum': 1.755}, 'pa': {'len': 0, 'sum': 0}, 'tbs': {'len': 10, 'sum': 1.179}}]
[datetime.datetime(2019, 11, 8, 6, 5, 2, 128429), {'all': {'len': 6, 'sum': 0.6799999999999999}, 'pa': {'len': 0, 'sum': 0}, 'tbs': {'len': 2, 'sum': 0.22999999999999998}}]
[datetime.datetime(2019, 11, 8, 6, 10, 2, 595937), {'all': {'len': 13, 'sum': 1.2369999999999999}, 'pa': {'len': 0, 'sum': 0}, 'tbs': {'len': 7, 'sum': 0.6789999999999999}}]
[datetime.datetime(2019, 11, 8, 6, 15, 2, 173151), {'all': {'len': 10, 'sum': 1.029}, 'pa': {'len': 3, 'sum': 0.32}, 'tbs': {'len': 2, 'sum': 0.203}}]
[datetime.datetime(2019, 11, 8, 6, 20, 1, 913464), {'all': {'len': 17, 'sum': 1.751}, 'pa': {'len': 0, 'sum': 0}, 'tbs': {'len': 11, 'sum': 1.177}}]
[datetime.datetime(2019, 11, 8, 6, 25, 2, 568403), {'all': {'len': 6, 'sum': 0.6579999999999999}, 'pa': {'len': 1, 'sum': 0.107}, 'tbs': {'len': 2, 'sum': 0.214}}]
[datetime.datetime(2019, 11, 8, 6, 30, 2, 112617), {'all': {'len': 11, 'sum': 1.022}, 'pa': {'len': 1, 'sum': 0.076}, 'tbs': {'len': 5, 'sum': 0.501}}]
[datetime.datetime(2019, 11, 8, 6, 45, 2, 628707), {'all': {'len': 0, 'sum': 0}, 'pa': {'len': 0, 'sum': 0}, 'tbs': {'len': 0, 'sum': 0}}]
[datetime.datetime(2019, 11, 8, 6, 50, 2, 664127), {'all': {'len': 0, 'sum': 0}, 'pa': {'len': 0, 'sum': 0}, 'tbs': {'len': 0, 'sum': 0}}]
[datetime.datetime(2019, 11, 8, 6, 55, 1, 759531), {'all': {'len': 0, 'sum': 0}, 'pa': {'len': 0, 'sum': 0}, 'tbs': {'len': 0, 'sum': 0}}]
[datetime.datetime(2019, 11, 8, 7, 0, 2, 14916), {'all': {'len': 0, 'sum': 0}, 'pa': {'len': 0, 'sum': 0}, 'tbs': {'len': 0, 'sum': 0}}]
[datetime.datetime(2019, 11, 8, 7, 5, 2, 628188), {'all': {'len': 0, 'sum': 0}, 'pa': {'len': 0, 'sum': 0}, 'tbs': {'len': 0, 'sum': 0}}]
[datetime.datetime(2019, 11, 8, 7, 10, 2, 300711), {'all': {'len': 0, 'sum': 0}, 'pa': {'len': 0, 'sum': 0}, 'tbs': {'len': 0, 'sum': 0}}]
[datetime.datetime(2019, 11, 8, 7, 15, 1, 989197), {'all': {'len': 0, 'sum': 0}, 'pa': {'len': 0, 'sum': 0}, 'tbs': {'len': 0, 'sum': 0}}]
[datetime.datetime(2019, 11, 8, 7, 20, 1, 846490), {'all': {'len': 0, 'sum': 0}, 'pa': {'len': 0, 'sum': 0}, 'tbs': {'len': 0, 'sum': 0}}]
[datetime.datetime(2019, 11, 8, 7, 25, 2, 489724), {'all': {'len': 0, 'sum': 0}, 'pa': {'len': 0, 'sum': 0}, 'tbs': {'len': 0, 'sum': 0}}]
[datetime.datetime(2019, 11, 8, 7, 30, 2, 553134), {'all': {'len': 0, 'sum': 0}, 'pa': {'len': 0, 'sum': 0}, 'tbs': {'len': 0, 'sum': 0}}]
[datetime.datetime(2019, 11, 8, 7, 35, 2, 503077), {'all': {'len': 0, 'sum': 0}, 'pa': {'len': 0, 'sum': 0}, 'tbs': {'len': 0, 'sum': 0}}]
[datetime.datetime(2019, 11, 8, 7, 40, 2, 627853), {'all': {'len': 0, 'sum': 0}, 'pa': {'len': 0, 'sum': 0}, 'tbs': {'len': 0, 'sum': 0}}]
[datetime.datetime(2019, 11, 8, 7, 45, 2, 385034), {'all': {'len': 0, 'sum': 0}, 'pa': {'len': 0, 'sum': 0}, 'tbs': {'len': 0, 'sum': 0}}]
[datetime.datetime(2019, 11, 8, 7, 50, 2, 331880), {'all': {'len': 0, 'sum': 0}, 'pa': {'len': 0, 'sum': 0}, 'tbs': {'len': 0, 'sum': 0}}]
[datetime.datetime(2019, 11, 8, 7, 55, 2, 332102), {'all': {'len': 0, 'sum': 0}, 'pa': {'len': 0, 'sum': 0}, 'tbs': {'len': 0, 'sum': 0}}]
[datetime.datetime(2019, 11, 8, 8, 0, 2, 478486), {'all': {'len': 0, 'sum': 0}, 'pa': {'len': 0, 'sum': 0}, 'tbs': {'len': 0, 'sum': 0}}]
[datetime.datetime(2019, 11, 8, 8, 5, 1, 934952), {'all': {'len': 0, 'sum': 0}, 'pa': {'len': 0, 'sum': 0}, 'tbs': {'len': 0, 'sum': 0}}]
[datetime.datetime(2019, 11, 8, 8, 10, 2, 212868), {'all': {'len': 0, 'sum': 0}, 'pa': {'len': 0, 'sum': 0}, 'tbs': {'len': 0, 'sum': 0}}]
[datetime.datetime(2019, 11, 8, 8, 15, 2, 617759), {'all': {'len': 0, 'sum': 0}, 'pa': {'len': 0, 'sum': 0}, 'tbs': {'len': 0, 'sum': 0}}]
[datetime.datetime(2019, 11, 8, 8, 20, 1, 999865), {'all': {'len': 0, 'sum': 0}, 'pa': {'len': 0, 'sum': 0}, 'tbs': {'len': 0, 'sum': 0}}]
[datetime.datetime(2019, 11, 8, 8, 25, 2, 168948), {'all': {'len': 0, 'sum': 0}, 'pa': {'len': 0, 'sum': 0}, 'tbs': {'len': 0, 'sum': 0}}]
[datetime.datetime(2019, 11, 8, 8, 30, 2, 105723), {'all': {'len': 0, 'sum': 0}, 'pa': {'len': 0, 'sum': 0}, 'tbs': {'len': 0, 'sum': 0}}]
[datetime.datetime(2019, 11, 8, 8, 35, 2, 667983), {'all': {'len': 0, 'sum': 0}, 'pa': {'len': 0, 'sum': 0}, 'tbs': {'len': 0, 'sum': 0}}]
[datetime.datetime(2019, 11, 8, 8, 40, 2, 628623), {'all': {'len': 0, 'sum': 0}, 'pa': {'len': 0, 'sum': 0}, 'tbs': {'len': 0, 'sum': 0}}]
[datetime.datetime(2019, 11, 8, 8, 45, 1, 807345), {'all': {'len': 0, 'sum': 0}, 'pa': {'len': 0, 'sum': 0}, 'tbs': {'len': 0, 'sum': 0}}]
[datetime.datetime(2019, 11, 8, 8, 50, 2, 497167), {'all': {'len': 0, 'sum': 0}, 'pa': {'len': 0, 'sum': 0}, 'tbs': {'len': 0, 'sum': 0}}]
[datetime.datetime(2019, 11, 8, 8, 55, 2, 629940), {'all': {'len': 0, 'sum': 0}, 'pa': {'len': 0, 'sum': 0}, 'tbs': {'len': 0, 'sum': 0}}]
[datetime.datetime(2019, 11, 8, 9, 0, 2, 699855), {'all': {'len': 0, 'sum': 0}, 'pa': {'len': 0, 'sum': 0}, 'tbs': {'len': 0, 'sum': 0}}]
[datetime.datetime(2019, 11, 8, 9, 5, 1, 800460), {'all': {'len': 0, 'sum': 0}, 'pa': {'len': 0, 'sum': 0}, 'tbs': {'len': 0, 'sum': 0}}]
[datetime.datetime(2019, 11, 8, 9, 10, 9, 603000), {'all': {'len': 0, 'sum': 0}, 'pa': {'len': 0, 'sum': 0}, 'tbs': {'len': 0, 'sum': 0}}]
[datetime.datetime(2019, 11, 8, 9, 15, 2, 226007), {'all': {'len': 0, 'sum': 0}, 'pa': {'len': 0, 'sum': 0}, 'tbs': {'len': 0, 'sum': 0}}]
[datetime.datetime(2019, 11, 8, 9, 20, 2, 400599), {'all': {'len': 0, 'sum': 0}, 'pa': {'len': 0, 'sum': 0}, 'tbs': {'len': 0, 'sum': 0}}]
[datetime.datetime(2019, 11, 8, 9, 25, 2, 117319), {'all': {'len': 0, 'sum': 0}, 'pa': {'len': 0, 'sum': 0}, 'tbs': {'len': 0, 'sum': 0}}]
[datetime.datetime(2019, 11, 8, 9, 30, 2, 671781), {'all': {'len': 0, 'sum': 0}, 'pa': {'len': 0, 'sum': 0}, 'tbs': {'len': 0, 'sum': 0}}]
[datetime.datetime(2019, 11, 8, 9, 35, 2, 308752), {'all': {'len': 0, 'sum': 0}, 'pa': {'len': 0, 'sum': 0}, 'tbs': {'len': 0, 'sum': 0}}]
[datetime.datetime(2019, 11, 8, 9, 40, 2, 510561), {'all': {'len': 0, 'sum': 0}, 'pa': {'len': 0, 'sum': 0}, 'tbs': {'len': 0, 'sum': 0}}]
[datetime.datetime(2019, 11, 8, 9, 45, 2, 127672), {'all': {'len': 0, 'sum': 0}, 'pa': {'len': 0, 'sum': 0}, 'tbs': {'len': 0, 'sum': 0}}]
[datetime.datetime(2019, 11, 8, 9, 50, 1, 826623), {'all': {'len': 0, 'sum': 0}, 'pa': {'len': 0, 'sum': 0}, 'tbs': {'len': 0, 'sum': 0}}]
[datetime.datetime(2019, 11, 8, 9, 55, 2, 281376), {'all': {'len': 0, 'sum': 0}, 'pa': {'len': 0, 'sum': 0}, 'tbs': {'len': 0, 'sum': 0}}]
[datetime.datetime(2019, 11, 8, 10, 0, 1, 797188), {'all': {'len': 0, 'sum': 0}, 'pa': {'len': 0, 'sum': 0}, 'tbs': {'len': 0, 'sum': 0}}]
[datetime.datetime(2019, 11, 8, 10, 5, 2, 151824), {'all': {'len': 0, 'sum': 0}, 'pa': {'len': 0, 'sum': 0}, 'tbs': {'len': 0, 'sum': 0}}]
[datetime.datetime(2019, 11, 8, 10, 10, 2, 606165), {'all': {'len': 0, 'sum': 0}, 'pa': {'len': 0, 'sum': 0}, 'tbs': {'len': 0, 'sum': 0}}]
[datetime.datetime(2019, 11, 8, 10, 15, 2, 176420), {'all': {'len': 0, 'sum': 0}, 'pa': {'len': 0, 'sum': 0}, 'tbs': {'len': 0, 'sum': 0}}]
[datetime.datetime(2019, 11, 8, 10, 20, 1, 957844), {'all': {'len': 0, 'sum': 0}, 'pa': {'len': 0, 'sum': 0}, 'tbs': {'len': 0, 'sum': 0}}]
[datetime.datetime(2019, 11, 8, 10, 25, 2, 147999), {'all': {'len': 0, 'sum': 0}, 'pa': {'len': 0, 'sum': 0}, 'tbs': {'len': 0, 'sum': 0}}]
[datetime.datetime(2019, 11, 8, 10, 30, 2, 398449), {'all': {'len': 1, 'sum': 0.107}, 'pa': {'len': 0, 'sum': 0}, 'tbs': {'len': 0, 'sum': 0}}]
[datetime.datetime(2019, 11, 8, 10, 35, 2, 219367), {'all': {'len': 0, 'sum': 0}, 'pa': {'len': 0, 'sum': 0}, 'tbs': {'len': 0, 'sum': 0}}]
[datetime.datetime(2019, 11, 8, 10, 40, 1, 756758), {'all': {'len': 0, 'sum': 0}, 'pa': {'len': 0, 'sum': 0}, 'tbs': {'len': 0, 'sum': 0}}]
[datetime.datetime(2019, 11, 8, 10, 45, 2, 453637), {'all': {'len': 0, 'sum': 0}, 'pa': {'len': 0, 'sum': 0}, 'tbs': {'len': 0, 'sum': 0}}]
[datetime.datetime(2019, 11, 8, 10, 50, 2, 315420), {'all': {'len': 5, 'sum': 115.512}, 'pa': {'len': 5, 'sum': 115.512}, 'tbs': {'len': 0, 'sum': 0}}]
[datetime.datetime(2019, 11, 8, 11, 5, 2, 101262), {'all': {'len': 23, 'sum': 2.737}, 'pa': {'len': 0, 'sum': 0}, 'tbs': {'len': 7, 'sum': 0.859}}]
[datetime.datetime(2019, 11, 8, 11, 10, 2, 151635), {'all': {'len': 16, 'sum': 2.144}, 'pa': {'len': 1, 'sum': 0.137}, 'tbs': {'len': 8, 'sum': 1.1300000000000001}}]
[datetime.datetime(2019, 11, 8, 11, 15, 1, 906983), {'all': {'len': 4, 'sum': 0.42100000000000004}, 'pa': {'len': 0, 'sum': 0}, 'tbs': {'len': 3, 'sum': 0.314}}]
[datetime.datetime(2019, 11, 8, 11, 25, 2, 386148), {'all': {'len': 18, 'sum': 2.117}, 'pa': {'len': 2, 'sum': 0.327}, 'tbs': {'len': 10, 'sum': 1.161}}]
[datetime.datetime(2019, 11, 8, 11, 30, 2, 396341), {'all': {'len': 66, 'sum': 14.937}, 'pa': {'len': 0, 'sum': 0}, 'tbs': {'len': 40, 'sum': 8.933}}]
[datetime.datetime(2019, 11, 8, 11, 35, 1, 991553), {'all': {'len': 27, 'sum': 3.6750000000000003}, 'pa': {'len': 2, 'sum': 0.201}, 'tbs': {'len': 17, 'sum': 2.3120000000000003}}]
[datetime.datetime(2019, 11, 8, 11, 40, 2, 605827), {'all': {'len': 15, 'sum': 1.738}, 'pa': {'len': 0, 'sum': 0}, 'tbs': {'len': 11, 'sum': 1.285}}]
[datetime.datetime(2019, 11, 8, 11, 45, 2, 646170), {'all': {'len': 17, 'sum': 1.8539999999999999}, 'pa': {'len': 0, 'sum': 0}, 'tbs': {'len': 15, 'sum': 1.5839999999999999}}]
[datetime.datetime(2019, 11, 8, 11, 50, 2, 27640), {'all': {'len': 11, 'sum': 1.2910000000000001}, 'pa': {'len': 1, 'sum': 0.114}, 'tbs': {'len': 9, 'sum': 1.067}}]
[datetime.datetime(2019, 11, 8, 11, 55, 2, 600009), {'all': {'len': 17, 'sum': 1.9600000000000002}, 'pa': {'len': 3, 'sum': 0.267}, 'tbs': {'len': 6, 'sum': 0.695}}]
[datetime.datetime(2019, 11, 8, 12, 0, 2, 271104), {'all': {'len': 16, 'sum': 1.606}, 'pa': {'len': 1, 'sum': 0.1}, 'tbs': {'len': 8, 'sum': 0.85}}]
[datetime.datetime(2019, 11, 8, 12, 5, 2, 538130), {'all': {'len': 36, 'sum': 12.751000000000007}, 'pa': {'len': 0, 'sum': 0}, 'tbs': {'len': 21, 'sum': 7.099000000000001}}]
[datetime.datetime(2019, 11, 8, 12, 10, 2, 210823), {'all': {'len': 17, 'sum': 1.9449999999999998}, 'pa': {'len': 0, 'sum': 0}, 'tbs': {'len': 5, 'sum': 0.68}}]
[datetime.datetime(2019, 11, 8, 12, 15, 2, 225181), {'all': {'len': 16, 'sum': 1.7689999999999997}, 'pa': {'len': 1, 'sum': 0.164}, 'tbs': {'len': 12, 'sum': 1.251}}]
[datetime.datetime(2019, 11, 8, 12, 20, 2, 740997), {'all': {'len': 7, 'sum': 0.643}, 'pa': {'len': 1, 'sum': 0.097}, 'tbs': {'len': 3, 'sum': 0.273}}]
[datetime.datetime(2019, 11, 8, 12, 25, 2, 530401), {'all': {'len': 17, 'sum': 1.987}, 'pa': {'len': 2, 'sum': 0.254}, 'tbs': {'len': 10, 'sum': 1.2149999999999999}}]
[datetime.datetime(2019, 11, 8, 12, 30, 2, 85662), {'all': {'len': 11, 'sum': 1.1109999999999998}, 'pa': {'len': 0, 'sum': 0}, 'tbs': {'len': 5, 'sum': 0.474}}]
[datetime.datetime(2019, 11, 8, 12, 35, 1, 911605), {'all': {'len': 13, 'sum': 1.78}, 'pa': {'len': 3, 'sum': 0.327}, 'tbs': {'len': 5, 'sum': 0.7969999999999999}}]
[datetime.datetime(2019, 11, 8, 12, 50, 2, 180822), {'all': {'len': 0, 'sum': 0}, 'pa': {'len': 0, 'sum': 0}, 'tbs': {'len': 0, 'sum': 0}}]
[datetime.datetime(2019, 11, 8, 12, 55, 2, 160423), {'all': {'len': 0, 'sum': 0}, 'pa': {'len': 0, 'sum': 0}, 'tbs': {'len': 0, 'sum': 0}}]
[datetime.datetime(2019, 11, 8, 13, 0, 2, 363979), {'all': {'len': 0, 'sum': 0}, 'pa': {'len': 0, 'sum': 0}, 'tbs': {'len': 0, 'sum': 0}}]
[datetime.datetime(2019, 11, 8, 13, 5, 1, 976505), {'all': {'len': 0, 'sum': 0}, 'pa': {'len': 0, 'sum': 0}, 'tbs': {'len': 0, 'sum': 0}}]
[datetime.datetime(2019, 11, 8, 13, 10, 2, 623785), {'all': {'len': 0, 'sum': 0}, 'pa': {'len': 0, 'sum': 0}, 'tbs': {'len': 0, 'sum': 0}}]
[datetime.datetime(2019, 11, 8, 13, 15, 2, 654898), {'all': {'len': 0, 'sum': 0}, 'pa': {'len': 0, 'sum': 0}, 'tbs': {'len': 0, 'sum': 0}}]
[datetime.datetime(2019, 11, 8, 13, 20, 2, 421866), {'all': {'len': 0, 'sum': 0}, 'pa': {'len': 0, 'sum': 0}, 'tbs': {'len': 0, 'sum': 0}}]
[datetime.datetime(2019, 11, 8, 13, 25, 1, 929025), {'all': {'len': 0, 'sum': 0}, 'pa': {'len': 0, 'sum': 0}, 'tbs': {'len': 0, 'sum': 0}}]
[datetime.datetime(2019, 11, 8, 13, 30, 1, 916379), {'all': {'len': 0, 'sum': 0}, 'pa': {'len': 0, 'sum': 0}, 'tbs': {'len': 0, 'sum': 0}}]
[datetime.datetime(2019, 11, 8, 13, 35, 2, 13393), {'all': {'len': 0, 'sum': 0}, 'pa': {'len': 0, 'sum': 0}, 'tbs': {'len': 0, 'sum': 0}}]
[datetime.datetime(2019, 11, 8, 13, 40, 2, 485747), {'all': {'len': 0, 'sum': 0}, 'pa': {'len': 0, 'sum': 0}, 'tbs': {'len': 0, 'sum': 0}}]
[datetime.datetime(2019, 11, 8, 13, 45, 2, 486981), {'all': {'len': 0, 'sum': 0}, 'pa': {'len': 0, 'sum': 0}, 'tbs': {'len': 0, 'sum': 0}}]
[datetime.datetime(2019, 11, 8, 13, 50, 2, 658466), {'all': {'len': 0, 'sum': 0}, 'pa': {'len': 0, 'sum': 0}, 'tbs': {'len': 0, 'sum': 0}}]
[datetime.datetime(2019, 11, 8, 13, 55, 2, 88640), {'all': {'len': 0, 'sum': 0}, 'pa': {'len': 0, 'sum': 0}, 'tbs': {'len': 0, 'sum': 0}}]
[datetime.datetime(2019, 11, 8, 14, 0, 2, 343867), {'all': {'len': 0, 'sum': 0}, 'pa': {'len': 0, 'sum': 0}, 'tbs': {'len': 0, 'sum': 0}}]
[datetime.datetime(2019, 11, 8, 14, 5, 2, 412600), {'all': {'len': 0, 'sum': 0}, 'pa': {'len': 0, 'sum': 0}, 'tbs': {'len': 0, 'sum': 0}}]
[datetime.datetime(2019, 11, 8, 14, 10, 2, 127713), {'all': {'len': 0, 'sum': 0}, 'pa': {'len': 0, 'sum': 0}, 'tbs': {'len': 0, 'sum': 0}}]
[datetime.datetime(2019, 11, 8, 14, 15, 2, 365862), {'all': {'len': 0, 'sum': 0}, 'pa': {'len': 0, 'sum': 0}, 'tbs': {'len': 0, 'sum': 0}}]
[datetime.datetime(2019, 11, 8, 14, 20, 1, 954261), {'all': {'len': 0, 'sum': 0}, 'pa': {'len': 0, 'sum': 0}, 'tbs': {'len': 0, 'sum': 0}}]
[datetime.datetime(2019, 11, 8, 14, 25, 2, 694859), {'all': {'len': 0, 'sum': 0}, 'pa': {'len': 0, 'sum': 0}, 'tbs': {'len': 0, 'sum': 0}}]
[datetime.datetime(2019, 11, 8, 14, 30, 1, 953502), {'all': {'len': 0, 'sum': 0}, 'pa': {'len': 0, 'sum': 0}, 'tbs': {'len': 0, 'sum': 0}}]
[datetime.datetime(2019, 11, 8, 14, 35, 2, 373321), {'all': {'len': 0, 'sum': 0}, 'pa': {'len': 0, 'sum': 0}, 'tbs': {'len': 0, 'sum': 0}}]
[datetime.datetime(2019, 11, 8, 14, 40, 1, 779851), {'all': {'len': 0, 'sum': 0}, 'pa': {'len': 0, 'sum': 0}, 'tbs': {'len': 0, 'sum': 0}}]
[datetime.datetime(2019, 11, 8, 14, 45, 2, 747062), {'all': {'len': 0, 'sum': 0}, 'pa': {'len': 0, 'sum': 0}, 'tbs': {'len': 0, 'sum': 0}}]
[datetime.datetime(2019, 11, 8, 14, 50, 1, 861765), {'all': {'len': 1, 'sum': 0.123}, 'pa': {'len': 0, 'sum': 0}, 'tbs': {'len': 0, 'sum': 0}}]
[datetime.datetime(2019, 11, 8, 14, 55, 2, 131717), {'all': {'len': 0, 'sum': 0}, 'pa': {'len': 0, 'sum': 0}, 'tbs': {'len': 0, 'sum': 0}}]
[datetime.datetime(2019, 11, 8, 15, 0, 2, 617918), {'all': {'len': 0, 'sum': 0}, 'pa': {'len': 0, 'sum': 0}, 'tbs': {'len': 0, 'sum': 0}}]
[datetime.datetime(2019, 11, 8, 15, 5, 2, 721226), {'all': {'len': 0, 'sum': 0}, 'pa': {'len': 0, 'sum': 0}, 'tbs': {'len': 0, 'sum': 0}}]
[datetime.datetime(2019, 11, 8, 15, 10, 2, 431083), {'all': {'len': 0, 'sum': 0}, 'pa': {'len': 0, 'sum': 0}, 'tbs': {'len': 0, 'sum': 0}}]
[datetime.datetime(2019, 11, 8, 15, 15, 1, 887599), {'all': {'len': 0, 'sum': 0}, 'pa': {'len': 0, 'sum': 0}, 'tbs': {'len': 0, 'sum': 0}}]
[datetime.datetime(2019, 11, 8, 15, 20, 2, 523830), {'all': {'len': 0, 'sum': 0}, 'pa': {'len': 0, 'sum': 0}, 'tbs': {'len': 0, 'sum': 0}}]
[datetime.datetime(2019, 11, 8, 15, 25, 1, 835486), {'all': {'len': 0, 'sum': 0}, 'pa': {'len': 0, 'sum': 0}, 'tbs': {'len': 0, 'sum': 0}}]
[datetime.datetime(2019, 11, 8, 15, 30, 2, 91349), {'all': {'len': 0, 'sum': 0}, 'pa': {'len': 0, 'sum': 0}, 'tbs': {'len': 0, 'sum': 0}}]
[datetime.datetime(2019, 11, 8, 15, 35, 2, 709802), {'all': {'len': 0, 'sum': 0}, 'pa': {'len': 0, 'sum': 0}, 'tbs': {'len': 0, 'sum': 0}}]
[datetime.datetime(2019, 11, 8, 15, 40, 2, 692172), {'all': {'len': 0, 'sum': 0}, 'pa': {'len': 0, 'sum': 0}, 'tbs': {'len': 0, 'sum': 0}}]
[datetime.datetime(2019, 11, 8, 15, 45, 2, 33155), {'all': {'len': 0, 'sum': 0}, 'pa': {'len': 0, 'sum': 0}, 'tbs': {'len': 0, 'sum': 0}}]
[datetime.datetime(2019, 11, 8, 15, 50, 2, 736573), {'all': {'len': 0, 'sum': 0}, 'pa': {'len': 0, 'sum': 0}, 'tbs': {'len': 0, 'sum': 0}}]
[datetime.datetime(2019, 11, 8, 15, 55, 2, 73861), {'all': {'len': 0, 'sum': 0}, 'pa': {'len': 0, 'sum': 0}, 'tbs': {'len': 0, 'sum': 0}}]
[datetime.datetime(2019, 11, 8, 16, 0, 1, 789686), {'all': {'len': 0, 'sum': 0}, 'pa': {'len': 0, 'sum': 0}, 'tbs': {'len': 0, 'sum': 0}}]
[datetime.datetime(2019, 11, 8, 16, 5, 2, 150526), {'all': {'len': 0, 'sum': 0}, 'pa': {'len': 0, 'sum': 0}, 'tbs': {'len': 0, 'sum': 0}}]
[datetime.datetime(2019, 11, 8, 16, 10, 2, 263702), {'all': {'len': 0, 'sum': 0}, 'pa': {'len': 0, 'sum': 0}, 'tbs': {'len': 0, 'sum': 0}}]
[datetime.datetime(2019, 11, 8, 16, 15, 1, 947477), {'all': {'len': 0, 'sum': 0}, 'pa': {'len': 0, 'sum': 0}, 'tbs': {'len': 0, 'sum': 0}}]
[datetime.datetime(2019, 11, 8, 16, 20, 2, 639435), {'all': {'len': 0, 'sum': 0}, 'pa': {'len': 0, 'sum': 0}, 'tbs': {'len': 0, 'sum': 0}}]
[datetime.datetime(2019, 11, 8, 16, 25, 1, 954968), {'all': {'len': 0, 'sum': 0}, 'pa': {'len': 0, 'sum': 0}, 'tbs': {'len': 0, 'sum': 0}}]
[datetime.datetime(2019, 11, 8, 16, 30, 2, 709234), {'all': {'len': 0, 'sum': 0}, 'pa': {'len': 0, 'sum': 0}, 'tbs': {'len': 0, 'sum': 0}}]
[datetime.datetime(2019, 11, 8, 16, 35, 2, 54976), {'all': {'len': 0, 'sum': 0}, 'pa': {'len': 0, 'sum': 0}, 'tbs': {'len': 0, 'sum': 0}}]
[datetime.datetime(2019, 11, 8, 16, 40, 1, 794479), {'all': {'len': 0, 'sum': 0}, 'pa': {'len': 0, 'sum': 0}, 'tbs': {'len': 0, 'sum': 0}}]
[datetime.datetime(2019, 11, 8, 16, 45, 2, 686784), {'all': {'len': 0, 'sum': 0}, 'pa': {'len': 0, 'sum': 0}, 'tbs': {'len': 0, 'sum': 0}}]
[datetime.datetime(2019, 11, 8, 16, 50, 2, 476092), {'all': {'len': 3, 'sum': 43.732}, 'pa': {'len': 3, 'sum': 43.732}, 'tbs': {'len': 0, 'sum': 0}}]
[datetime.datetime(2019, 11, 8, 16, 55, 2, 37327), {'all': {'len': 17, 'sum': 283.006}, 'pa': {'len': 17, 'sum': 283.006}, 'tbs': {'len': 0, 'sum': 0}}]
[datetime.datetime(2019, 11, 8, 17, 0, 2, 602542), {'all': {'len': 16, 'sum': 304.36899999999997}, 'pa': {'len': 16, 'sum': 304.36899999999997}, 'tbs': {'len': 0, 'sum': 0}}]
[datetime.datetime(2019, 11, 8, 17, 5, 2, 328906), {'all': {'len': 15, 'sum': 1.574}, 'pa': {'len': 3, 'sum': 0.28700000000000003}, 'tbs': {'len': 6, 'sum': 0.642}}]
[datetime.datetime(2019, 11, 8, 17, 10, 2, 134485), {'all': {'len': 15, 'sum': 1.6}, 'pa': {'len': 4, 'sum': 0.42400000000000004}, 'tbs': {'len': 6, 'sum': 0.643}}]
[datetime.datetime(2019, 11, 8, 17, 15, 2, 285088), {'all': {'len': 66, 'sum': 11.089999999999996}, 'pa': {'len': 4, 'sum': 0.6699999999999999}, 'tbs': {'len': 31, 'sum': 5.043}}]
[datetime.datetime(2019, 11, 8, 17, 25, 2, 616137), {'all': {'len': 16, 'sum': 1.9969999999999999}, 'pa': {'len': 1, 'sum': 0.093}, 'tbs': {'len': 8, 'sum': 0.9480000000000001}}]
[datetime.datetime(2019, 11, 8, 17, 30, 2, 658930), {'all': {'len': 10, 'sum': 1.0999999999999999}, 'pa': {'len': 1, 'sum': 0.11}, 'tbs': {'len': 3, 'sum': 0.359}}]
[datetime.datetime(2019, 11, 8, 17, 35, 2, 213433), {'all': {'len': 21, 'sum': 2.368}, 'pa': {'len': 0, 'sum': 0}, 'tbs': {'len': 17, 'sum': 1.931}}]
[datetime.datetime(2019, 11, 8, 17, 40, 2, 605545), {'all': {'len': 14, 'sum': 1.976}, 'pa': {'len': 0, 'sum': 0}, 'tbs': {'len': 10, 'sum': 1.3900000000000001}}]
[datetime.datetime(2019, 11, 8, 17, 45, 2, 53247), {'all': {'len': 19, 'sum': 2.5710000000000006}, 'pa': {'len': 2, 'sum': 0.186}, 'tbs': {'len': 13, 'sum': 1.848}}]
[datetime.datetime(2019, 11, 8, 17, 50, 1, 979659), {'all': {'len': 26, 'sum': 3.0090000000000003}, 'pa': {'len': 0, 'sum': 0}, 'tbs': {'len': 22, 'sum': 2.6090000000000004}}]
[datetime.datetime(2019, 11, 8, 17, 55, 1, 833882), {'all': {'len': 22, 'sum': 2.592}, 'pa': {'len': 1, 'sum': 0.09}, 'tbs': {'len': 16, 'sum': 1.969}}]
[datetime.datetime(2019, 11, 8, 18, 0, 2, 122759), {'all': {'len': 9, 'sum': 1.2560000000000002}, 'pa': {'len': 0, 'sum': 0}, 'tbs': {'len': 7, 'sum': 1.0430000000000001}}]
[datetime.datetime(2019, 11, 8, 18, 10, 1, 786011), {'all': {'len': 21, 'sum': 2.078}, 'pa': {'len': 2, 'sum': 0.22999999999999998}, 'tbs': {'len': 16, 'sum': 1.542}}]
[datetime.datetime(2019, 11, 8, 18, 15, 1, 875687), {'all': {'len': 18, 'sum': 2.8160000000000003}, 'pa': {'len': 2, 'sum': 0.18}, 'tbs': {'len': 4, 'sum': 0.72}}]
[datetime.datetime(2019, 11, 8, 18, 20, 2, 576482), {'all': {'len': 11, 'sum': 1.354}, 'pa': {'len': 1, 'sum': 0.153}, 'tbs': {'len': 5, 'sum': 0.616}}]
[datetime.datetime(2019, 11, 8, 18, 25, 2, 452812), {'all': {'len': 5, 'sum': 0.483}, 'pa': {'len': 1, 'sum': 0.106}, 'tbs': {'len': 3, 'sum': 0.293}}]
[datetime.datetime(2019, 11, 8, 18, 30, 1, 835991), {'all': {'len': 14, 'sum': 2.023}, 'pa': {'len': 4, 'sum': 0.677}, 'tbs': {'len': 7, 'sum': 0.9630000000000001}}]
[datetime.datetime(2019, 11, 8, 18, 35, 2, 581630), {'all': {'len': 13, 'sum': 1.503}, 'pa': {'len': 2, 'sum': 0.214}, 'tbs': {'len': 6, 'sum': 0.718}}]
[datetime.datetime(2019, 11, 8, 18, 40, 2, 84705), {'all': {'len': 9, 'sum': 1.3900000000000001}, 'pa': {'len': 0, 'sum': 0}, 'tbs': {'len': 4, 'sum': 0.67}}]
[datetime.datetime(2019, 11, 8, 18, 45, 2, 167544), {'all': {'len': 13, 'sum': 1.387}, 'pa': {'len': 2, 'sum': 0.20400000000000001}, 'tbs': {'len': 8, 'sum': 0.853}}]
[datetime.datetime(2019, 11, 8, 18, 55, 2, 532316), {'all': {'len': 16, 'sum': 1.861}, 'pa': {'len': 2, 'sum': 0.22}, 'tbs': {'len': 8, 'sum': 0.984}}]
[datetime.datetime(2019, 11, 8, 19, 0, 2, 559293), {'all': {'len': 12, 'sum': 1.003}, 'pa': {'len': 1, 'sum': 0.09}, 'tbs': {'len': 6, 'sum': 0.498}}]
[datetime.datetime(2019, 11, 8, 19, 5, 2, 102132), {'all': {'len': 0, 'sum': 0}, 'pa': {'len': 0, 'sum': 0}, 'tbs': {'len': 0, 'sum': 0}}]
[datetime.datetime(2019, 11, 8, 19, 10, 2, 582794), {'all': {'len': 0, 'sum': 0}, 'pa': {'len': 0, 'sum': 0}, 'tbs': {'len': 0, 'sum': 0}}]
[datetime.datetime(2019, 11, 8, 19, 15, 1, 900289), {'all': {'len': 0, 'sum': 0}, 'pa': {'len': 0, 'sum': 0}, 'tbs': {'len': 0, 'sum': 0}}]
[datetime.datetime(2019, 11, 8, 19, 20, 1, 994858), {'all': {'len': 0, 'sum': 0}, 'pa': {'len': 0, 'sum': 0}, 'tbs': {'len': 0, 'sum': 0}}]
[datetime.datetime(2019, 11, 8, 19, 25, 2, 127697), {'all': {'len': 0, 'sum': 0}, 'pa': {'len': 0, 'sum': 0}, 'tbs': {'len': 0, 'sum': 0}}]
[datetime.datetime(2019, 11, 8, 19, 30, 1, 824892), {'all': {'len': 0, 'sum': 0}, 'pa': {'len': 0, 'sum': 0}, 'tbs': {'len': 0, 'sum': 0}}]
[datetime.datetime(2019, 11, 8, 19, 35, 2, 97375), {'all': {'len': 0, 'sum': 0}, 'pa': {'len': 0, 'sum': 0}, 'tbs': {'len': 0, 'sum': 0}}]
[datetime.datetime(2019, 11, 8, 19, 40, 2, 669719), {'all': {'len': 0, 'sum': 0}, 'pa': {'len': 0, 'sum': 0}, 'tbs': {'len': 0, 'sum': 0}}]
[datetime.datetime(2019, 11, 8, 19, 45, 2, 491659), {'all': {'len': 0, 'sum': 0}, 'pa': {'len': 0, 'sum': 0}, 'tbs': {'len': 0, 'sum': 0}}]
[datetime.datetime(2019, 11, 8, 19, 50, 1, 916194), {'all': {'len': 0, 'sum': 0}, 'pa': {'len': 0, 'sum': 0}, 'tbs': {'len': 0, 'sum': 0}}]
[datetime.datetime(2019, 11, 8, 19, 55, 2, 85289), {'all': {'len': 0, 'sum': 0}, 'pa': {'len': 0, 'sum': 0}, 'tbs': {'len': 0, 'sum': 0}}]
[datetime.datetime(2019, 11, 8, 20, 0, 1, 933591), {'all': {'len': 0, 'sum': 0}, 'pa': {'len': 0, 'sum': 0}, 'tbs': {'len': 0, 'sum': 0}}]
[datetime.datetime(2019, 11, 8, 20, 5, 1, 888469), {'all': {'len': 0, 'sum': 0}, 'pa': {'len': 0, 'sum': 0}, 'tbs': {'len': 0, 'sum': 0}}]
[datetime.datetime(2019, 11, 8, 20, 10, 1, 954553), {'all': {'len': 0, 'sum': 0}, 'pa': {'len': 0, 'sum': 0}, 'tbs': {'len': 0, 'sum': 0}}]
[datetime.datetime(2019, 11, 8, 20, 15, 2, 308683), {'all': {'len': 0, 'sum': 0}, 'pa': {'len': 0, 'sum': 0}, 'tbs': {'len': 0, 'sum': 0}}]
[datetime.datetime(2019, 11, 8, 20, 20, 2, 557763), {'all': {'len': 0, 'sum': 0}, 'pa': {'len': 0, 'sum': 0}, 'tbs': {'len': 0, 'sum': 0}}]
[datetime.datetime(2019, 11, 8, 20, 25, 1, 777928), {'all': {'len': 0, 'sum': 0}, 'pa': {'len': 0, 'sum': 0}, 'tbs': {'len': 0, 'sum': 0}}]
[datetime.datetime(2019, 11, 8, 20, 30, 2, 623173), {'all': {'len': 0, 'sum': 0}, 'pa': {'len': 0, 'sum': 0}, 'tbs': {'len': 0, 'sum': 0}}]
[datetime.datetime(2019, 11, 8, 20, 35, 2, 643274), {'all': {'len': 0, 'sum': 0}, 'pa': {'len': 0, 'sum': 0}, 'tbs': {'len': 0, 'sum': 0}}]
[datetime.datetime(2019, 11, 8, 20, 40, 2, 587893), {'all': {'len': 0, 'sum': 0}, 'pa': {'len': 0, 'sum': 0}, 'tbs': {'len': 0, 'sum': 0}}]
[datetime.datetime(2019, 11, 8, 20, 45, 2, 16148), {'all': {'len': 0, 'sum': 0}, 'pa': {'len': 0, 'sum': 0}, 'tbs': {'len': 0, 'sum': 0}}]
[datetime.datetime(2019, 11, 8, 20, 50, 2, 483535), {'all': {'len': 0, 'sum': 0}, 'pa': {'len': 0, 'sum': 0}, 'tbs': {'len': 0, 'sum': 0}}]
[datetime.datetime(2019, 11, 8, 20, 55, 2, 597289), {'all': {'len': 0, 'sum': 0}, 'pa': {'len': 0, 'sum': 0}, 'tbs': {'len': 0, 'sum': 0}}]
[datetime.datetime(2019, 11, 8, 21, 0, 2, 275661), {'all': {'len': 0, 'sum': 0}, 'pa': {'len': 0, 'sum': 0}, 'tbs': {'len': 0, 'sum': 0}}]
[datetime.datetime(2019, 11, 8, 21, 5, 2, 655291), {'all': {'len': 0, 'sum': 0}, 'pa': {'len': 0, 'sum': 0}, 'tbs': {'len': 0, 'sum': 0}}]
[datetime.datetime(2019, 11, 8, 21, 10, 2, 537833), {'all': {'len': 0, 'sum': 0}, 'pa': {'len': 0, 'sum': 0}, 'tbs': {'len': 0, 'sum': 0}}]
[datetime.datetime(2019, 11, 8, 21, 15, 2, 430772), {'all': {'len': 0, 'sum': 0}, 'pa': {'len': 0, 'sum': 0}, 'tbs': {'len': 0, 'sum': 0}}]
[datetime.datetime(2019, 11, 8, 21, 20, 1, 842946), {'all': {'len': 0, 'sum': 0}, 'pa': {'len': 0, 'sum': 0}, 'tbs': {'len': 0, 'sum': 0}}]
[datetime.datetime(2019, 11, 8, 21, 25, 1, 765202), {'all': {'len': 0, 'sum': 0}, 'pa': {'len': 0, 'sum': 0}, 'tbs': {'len': 0, 'sum': 0}}]
[datetime.datetime(2019, 11, 8, 21, 30, 1, 806116), {'all': {'len': 0, 'sum': 0}, 'pa': {'len': 0, 'sum': 0}, 'tbs': {'len': 0, 'sum': 0}}]
[datetime.datetime(2019, 11, 8, 21, 35, 1, 932838), {'all': {'len': 0, 'sum': 0}, 'pa': {'len': 0, 'sum': 0}, 'tbs': {'len': 0, 'sum': 0}}]
[datetime.datetime(2019, 11, 8, 21, 40, 1, 948999), {'all': {'len': 0, 'sum': 0}, 'pa': {'len': 0, 'sum': 0}, 'tbs': {'len': 0, 'sum': 0}}]
[datetime.datetime(2019, 11, 8, 21, 45, 2, 218162), {'all': {'len': 0, 'sum': 0}, 'pa': {'len': 0, 'sum': 0}, 'tbs': {'len': 0, 'sum': 0}}]
[datetime.datetime(2019, 11, 8, 21, 50, 2, 542671), {'all': {'len': 0, 'sum': 0}, 'pa': {'len': 0, 'sum': 0}, 'tbs': {'len': 0, 'sum': 0}}]
[datetime.datetime(2019, 11, 8, 21, 55, 2, 2463), {'all': {'len': 0, 'sum': 0}, 'pa': {'len': 0, 'sum': 0}, 'tbs': {'len': 0, 'sum': 0}}]
[datetime.datetime(2019, 11, 8, 22, 0, 2, 85825), {'all': {'len': 0, 'sum': 0}, 'pa': {'len': 0, 'sum': 0}, 'tbs': {'len': 0, 'sum': 0}}]
[datetime.datetime(2019, 11, 8, 22, 5, 1, 954558), {'all': {'len': 0, 'sum': 0}, 'pa': {'len': 0, 'sum': 0}, 'tbs': {'len': 0, 'sum': 0}}]
[datetime.datetime(2019, 11, 8, 22, 10, 2, 49300), {'all': {'len': 0, 'sum': 0}, 'pa': {'len': 0, 'sum': 0}, 'tbs': {'len': 0, 'sum': 0}}]
[datetime.datetime(2019, 11, 8, 22, 15, 2, 716689), {'all': {'len': 0, 'sum': 0}, 'pa': {'len': 0, 'sum': 0}, 'tbs': {'len': 0, 'sum': 0}}]
[datetime.datetime(2019, 11, 8, 22, 20, 2, 15728), {'all': {'len': 0, 'sum': 0}, 'pa': {'len': 0, 'sum': 0}, 'tbs': {'len': 0, 'sum': 0}}]
[datetime.datetime(2019, 11, 8, 22, 25, 1, 999522), {'all': {'len': 0, 'sum': 0}, 'pa': {'len': 0, 'sum': 0}, 'tbs': {'len': 0, 'sum': 0}}]
[datetime.datetime(2019, 11, 8, 22, 30, 2, 387047), {'all': {'len': 0, 'sum': 0}, 'pa': {'len': 0, 'sum': 0}, 'tbs': {'len': 0, 'sum': 0}}]
[datetime.datetime(2019, 11, 8, 22, 35, 1, 753640), {'all': {'len': 0, 'sum': 0}, 'pa': {'len': 0, 'sum': 0}, 'tbs': {'len': 0, 'sum': 0}}]
[datetime.datetime(2019, 11, 8, 22, 40, 2, 210963), {'all': {'len': 0, 'sum': 0}, 'pa': {'len': 0, 'sum': 0}, 'tbs': {'len': 0, 'sum': 0}}]
[datetime.datetime(2019, 11, 8, 22, 45, 2, 353044), {'all': {'len': 0, 'sum': 0}, 'pa': {'len': 0, 'sum': 0}, 'tbs': {'len': 0, 'sum': 0}}]
[datetime.datetime(2019, 11, 8, 22, 50, 2, 124705), {'all': {'len': 0, 'sum': 0}, 'pa': {'len': 0, 'sum': 0}, 'tbs': {'len': 0, 'sum': 0}}]
[datetime.datetime(2019, 11, 8, 22, 55, 2, 708112), {'all': {'len': 0, 'sum': 0}, 'pa': {'len': 0, 'sum': 0}, 'tbs': {'len': 0, 'sum': 0}}]
[datetime.datetime(2019, 11, 8, 23, 0, 1, 999724), {'all': {'len': 1, 'sum': 0.31}, 'pa': {'len': 1, 'sum': 0.31}, 'tbs': {'len': 0, 'sum': 0}}]
[datetime.datetime(2019, 11, 8, 23, 5, 1, 975136), {'all': {'len': 17, 'sum': 254.35600000000002}, 'pa': {'len': 17, 'sum': 254.35600000000002}, 'tbs': {'len': 0, 'sum': 0}}]
[datetime.datetime(2019, 11, 8, 23, 10, 1, 856717), {'all': {'len': 17, 'sum': 290.589}, 'pa': {'len': 17, 'sum': 290.589}, 'tbs': {'len': 0, 'sum': 0}}]
[datetime.datetime(2019, 11, 8, 23, 15, 1, 912561), {'all': {'len': 6, 'sum': 102.53099999999999}, 'pa': {'len': 5, 'sum': 102.43799999999999}, 'tbs': {'len': 1, 'sum': 0.093}}]
[datetime.datetime(2019, 11, 8, 23, 20, 1, 932062), {'all': {'len': 58, 'sum': 6.747000000000003}, 'pa': {'len': 5, 'sum': 0.538}, 'tbs': {'len': 28, 'sum': 3.3280000000000003}}]
[datetime.datetime(2019, 11, 8, 23, 30, 2, 557446), {'all': {'len': 47, 'sum': 5.034999999999999}, 'pa': {'len': 0, 'sum': 0}, 'tbs': {'len': 28, 'sum': 3.0620000000000003}}]
[datetime.datetime(2019, 11, 8, 23, 35, 2, 539120), {'all': {'len': 8, 'sum': 0.913}, 'pa': {'len': 1, 'sum': 0.09}, 'tbs': {'len': 5, 'sum': 0.577}}]
[datetime.datetime(2019, 11, 8, 23, 40, 2, 438838), {'all': {'len': 11, 'sum': 1.133}, 'pa': {'len': 3, 'sum': 0.293}, 'tbs': {'len': 6, 'sum': 0.641}}]
[datetime.datetime(2019, 11, 8, 23, 45, 2, 623833), {'all': {'len': 27, 'sum': 2.733}, 'pa': {'len': 2, 'sum': 0.212}, 'tbs': {'len': 16, 'sum': 1.641}}]
[datetime.datetime(2019, 11, 8, 23, 50, 1, 923226), {'all': {'len': 22, 'sum': 2.2809999999999997}, 'pa': {'len': 1, 'sum': 0.08}, 'tbs': {'len': 15, 'sum': 1.5539999999999998}}]
[datetime.datetime(2019, 11, 8, 23, 55, 2, 10160), {'all': {'len': 14, 'sum': 1.499}, 'pa': {'len': 2, 'sum': 0.16999999999999998}, 'tbs': {'len': 7, 'sum': 0.75}}]
