[datetime.datetime(2019, 11, 9, 0, 0, 1, 776180), {'all': {'len': 16, 'sum': 1.7310000000000003}, 'pa': {'len': 3, 'sum': 0.356}, 'tbs': {'len': 7, 'sum': 0.806}}]
[datetime.datetime(2019, 11, 9, 0, 5, 2, 135734), {'all': {'len': 27, 'sum': 2.8449999999999998}, 'pa': {'len': 2, 'sum': 0.246}, 'tbs': {'len': 24, 'sum': 2.509}}]
[datetime.datetime(2019, 11, 9, 0, 10, 1, 807531), {'all': {'len': 19, 'sum': 1.7879999999999998}, 'pa': {'len': 4, 'sum': 0.384}, 'tbs': {'len': 11, 'sum': 1.076}}]
[datetime.datetime(2019, 11, 9, 0, 15, 2, 468214), {'all': {'len': 33, 'sum': 3.088}, 'pa': {'len': 0, 'sum': 0}, 'tbs': {'len': 22, 'sum': 2.058}}]
[datetime.datetime(2019, 11, 9, 0, 20, 2, 479772), {'all': {'len': 17, 'sum': 1.7039999999999997}, 'pa': {'len': 2, 'sum': 0.18}, 'tbs': {'len': 6, 'sum': 0.5920000000000001}}]
[datetime.datetime(2019, 11, 9, 0, 25, 2, 112772), {'all': {'len': 15, 'sum': 1.321}, 'pa': {'len': 0, 'sum': 0}, 'tbs': {'len': 9, 'sum': 0.8479999999999999}}]
[datetime.datetime(2019, 11, 9, 0, 30, 2, 178822), {'all': {'len': 12, 'sum': 1.1520000000000001}, 'pa': {'len': 2, 'sum': 0.17099999999999999}, 'tbs': {'len': 7, 'sum': 0.702}}]
[datetime.datetime(2019, 11, 9, 0, 35, 2, 459221), {'all': {'len': 10, 'sum': 1.004}, 'pa': {'len': 2, 'sum': 0.197}, 'tbs': {'len': 5, 'sum': 0.513}}]
[datetime.datetime(2019, 11, 9, 0, 40, 1, 985860), {'all': {'len': 20, 'sum': 2.092}, 'pa': {'len': 2, 'sum': 0.263}, 'tbs': {'len': 16, 'sum': 1.6119999999999999}}]
[datetime.datetime(2019, 11, 9, 0, 45, 2, 401498), {'all': {'len': 13, 'sum': 1.196}, 'pa': {'len': 1, 'sum': 0.093}, 'tbs': {'len': 8, 'sum': 0.7170000000000001}}]
[datetime.datetime(2019, 11, 9, 0, 50, 2, 240351), {'all': {'len': 17, 'sum': 1.6559999999999997}, 'pa': {'len': 3, 'sum': 0.257}, 'tbs': {'len': 8, 'sum': 0.8150000000000001}}]
[datetime.datetime(2019, 11, 9, 0, 55, 2, 497086), {'all': {'len': 11, 'sum': 1.007}, 'pa': {'len': 2, 'sum': 0.184}, 'tbs': {'len': 3, 'sum': 0.27}}]
[datetime.datetime(2019, 11, 9, 1, 0, 1, 784489), {'all': {'len': 10, 'sum': 0.962}, 'pa': {'len': 3, 'sum': 0.257}, 'tbs': {'len': 4, 'sum': 0.444}}]
[datetime.datetime(2019, 11, 9, 1, 10, 2, 497303), {'all': {'len': 7, 'sum': 0.637}, 'pa': {'len': 0, 'sum': 0}, 'tbs': {'len': 6, 'sum': 0.5469999999999999}}]
[datetime.datetime(2019, 11, 9, 1, 15, 2, 534272), {'all': {'len': 0, 'sum': 0}, 'pa': {'len': 0, 'sum': 0}, 'tbs': {'len': 0, 'sum': 0}}]
[datetime.datetime(2019, 11, 9, 1, 20, 1, 804523), {'all': {'len': 0, 'sum': 0}, 'pa': {'len': 0, 'sum': 0}, 'tbs': {'len': 0, 'sum': 0}}]
[datetime.datetime(2019, 11, 9, 1, 25, 2, 223212), {'all': {'len': 0, 'sum': 0}, 'pa': {'len': 0, 'sum': 0}, 'tbs': {'len': 0, 'sum': 0}}]
[datetime.datetime(2019, 11, 9, 1, 30, 2, 114927), {'all': {'len': 0, 'sum': 0}, 'pa': {'len': 0, 'sum': 0}, 'tbs': {'len': 0, 'sum': 0}}]
[datetime.datetime(2019, 11, 9, 1, 35, 2, 250136), {'all': {'len': 0, 'sum': 0}, 'pa': {'len': 0, 'sum': 0}, 'tbs': {'len': 0, 'sum': 0}}]
[datetime.datetime(2019, 11, 9, 1, 40, 2, 5296), {'all': {'len': 0, 'sum': 0}, 'pa': {'len': 0, 'sum': 0}, 'tbs': {'len': 0, 'sum': 0}}]
[datetime.datetime(2019, 11, 9, 1, 45, 2, 298562), {'all': {'len': 0, 'sum': 0}, 'pa': {'len': 0, 'sum': 0}, 'tbs': {'len': 0, 'sum': 0}}]
[datetime.datetime(2019, 11, 9, 1, 50, 2, 162857), {'all': {'len': 0, 'sum': 0}, 'pa': {'len': 0, 'sum': 0}, 'tbs': {'len': 0, 'sum': 0}}]
[datetime.datetime(2019, 11, 9, 1, 55, 2, 304647), {'all': {'len': 0, 'sum': 0}, 'pa': {'len': 0, 'sum': 0}, 'tbs': {'len': 0, 'sum': 0}}]
[datetime.datetime(2019, 11, 9, 2, 0, 2, 19678), {'all': {'len': 0, 'sum': 0}, 'pa': {'len': 0, 'sum': 0}, 'tbs': {'len': 0, 'sum': 0}}]
[datetime.datetime(2019, 11, 9, 2, 5, 2, 592497), {'all': {'len': 0, 'sum': 0}, 'pa': {'len': 0, 'sum': 0}, 'tbs': {'len': 0, 'sum': 0}}]
[datetime.datetime(2019, 11, 9, 2, 10, 1, 904042), {'all': {'len': 0, 'sum': 0}, 'pa': {'len': 0, 'sum': 0}, 'tbs': {'len': 0, 'sum': 0}}]
[datetime.datetime(2019, 11, 9, 2, 15, 2, 385252), {'all': {'len': 0, 'sum': 0}, 'pa': {'len': 0, 'sum': 0}, 'tbs': {'len': 0, 'sum': 0}}]
[datetime.datetime(2019, 11, 9, 2, 20, 2, 245861), {'all': {'len': 0, 'sum': 0}, 'pa': {'len': 0, 'sum': 0}, 'tbs': {'len': 0, 'sum': 0}}]
[datetime.datetime(2019, 11, 9, 2, 25, 2, 60589), {'all': {'len': 0, 'sum': 0}, 'pa': {'len': 0, 'sum': 0}, 'tbs': {'len': 0, 'sum': 0}}]
[datetime.datetime(2019, 11, 9, 2, 30, 2, 198853), {'all': {'len': 0, 'sum': 0}, 'pa': {'len': 0, 'sum': 0}, 'tbs': {'len': 0, 'sum': 0}}]
[datetime.datetime(2019, 11, 9, 2, 35, 2, 488739), {'all': {'len': 0, 'sum': 0}, 'pa': {'len': 0, 'sum': 0}, 'tbs': {'len': 0, 'sum': 0}}]
[datetime.datetime(2019, 11, 9, 2, 40, 2, 459703), {'all': {'len': 0, 'sum': 0}, 'pa': {'len': 0, 'sum': 0}, 'tbs': {'len': 0, 'sum': 0}}]
[datetime.datetime(2019, 11, 9, 2, 45, 1, 883621), {'all': {'len': 0, 'sum': 0}, 'pa': {'len': 0, 'sum': 0}, 'tbs': {'len': 0, 'sum': 0}}]
[datetime.datetime(2019, 11, 9, 2, 50, 1, 946400), {'all': {'len': 0, 'sum': 0}, 'pa': {'len': 0, 'sum': 0}, 'tbs': {'len': 0, 'sum': 0}}]
[datetime.datetime(2019, 11, 9, 2, 55, 2, 408268), {'all': {'len': 0, 'sum': 0}, 'pa': {'len': 0, 'sum': 0}, 'tbs': {'len': 0, 'sum': 0}}]
[datetime.datetime(2019, 11, 9, 3, 0, 1, 906180), {'all': {'len': 0, 'sum': 0}, 'pa': {'len': 0, 'sum': 0}, 'tbs': {'len': 0, 'sum': 0}}]
[datetime.datetime(2019, 11, 9, 3, 5, 2, 683461), {'all': {'len': 0, 'sum': 0}, 'pa': {'len': 0, 'sum': 0}, 'tbs': {'len': 0, 'sum': 0}}]
[datetime.datetime(2019, 11, 9, 3, 10, 1, 974439), {'all': {'len': 0, 'sum': 0}, 'pa': {'len': 0, 'sum': 0}, 'tbs': {'len': 0, 'sum': 0}}]
[datetime.datetime(2019, 11, 9, 3, 15, 1, 867021), {'all': {'len': 0, 'sum': 0}, 'pa': {'len': 0, 'sum': 0}, 'tbs': {'len': 0, 'sum': 0}}]
[datetime.datetime(2019, 11, 9, 3, 20, 1, 873775), {'all': {'len': 1, 'sum': 0.136}, 'pa': {'len': 0, 'sum': 0}, 'tbs': {'len': 0, 'sum': 0}}]
[datetime.datetime(2019, 11, 9, 3, 25, 2, 553785), {'all': {'len': 0, 'sum': 0}, 'pa': {'len': 0, 'sum': 0}, 'tbs': {'len': 0, 'sum': 0}}]
[datetime.datetime(2019, 11, 9, 3, 30, 2, 437180), {'all': {'len': 0, 'sum': 0}, 'pa': {'len': 0, 'sum': 0}, 'tbs': {'len': 0, 'sum': 0}}]
[datetime.datetime(2019, 11, 9, 3, 35, 1, 996147), {'all': {'len': 0, 'sum': 0}, 'pa': {'len': 0, 'sum': 0}, 'tbs': {'len': 0, 'sum': 0}}]
[datetime.datetime(2019, 11, 9, 3, 40, 2, 52911), {'all': {'len': 0, 'sum': 0}, 'pa': {'len': 0, 'sum': 0}, 'tbs': {'len': 0, 'sum': 0}}]
[datetime.datetime(2019, 11, 9, 3, 45, 1, 982590), {'all': {'len': 0, 'sum': 0}, 'pa': {'len': 0, 'sum': 0}, 'tbs': {'len': 0, 'sum': 0}}]
[datetime.datetime(2019, 11, 9, 3, 50, 2, 415649), {'all': {'len': 0, 'sum': 0}, 'pa': {'len': 0, 'sum': 0}, 'tbs': {'len': 0, 'sum': 0}}]
[datetime.datetime(2019, 11, 9, 3, 55, 1, 785172), {'all': {'len': 0, 'sum': 0}, 'pa': {'len': 0, 'sum': 0}, 'tbs': {'len': 0, 'sum': 0}}]
[datetime.datetime(2019, 11, 9, 4, 0, 1, 824761), {'all': {'len': 0, 'sum': 0}, 'pa': {'len': 0, 'sum': 0}, 'tbs': {'len': 0, 'sum': 0}}]
[datetime.datetime(2019, 11, 9, 4, 5, 2, 320463), {'all': {'len': 0, 'sum': 0}, 'pa': {'len': 0, 'sum': 0}, 'tbs': {'len': 0, 'sum': 0}}]
[datetime.datetime(2019, 11, 9, 4, 10, 2, 625217), {'all': {'len': 0, 'sum': 0}, 'pa': {'len': 0, 'sum': 0}, 'tbs': {'len': 0, 'sum': 0}}]
[datetime.datetime(2019, 11, 9, 4, 15, 1, 738067), {'all': {'len': 0, 'sum': 0}, 'pa': {'len': 0, 'sum': 0}, 'tbs': {'len': 0, 'sum': 0}}]
[datetime.datetime(2019, 11, 9, 4, 20, 1, 735281), {'all': {'len': 0, 'sum': 0}, 'pa': {'len': 0, 'sum': 0}, 'tbs': {'len': 0, 'sum': 0}}]
[datetime.datetime(2019, 11, 9, 4, 25, 2, 395700), {'all': {'len': 0, 'sum': 0}, 'pa': {'len': 0, 'sum': 0}, 'tbs': {'len': 0, 'sum': 0}}]
[datetime.datetime(2019, 11, 9, 4, 30, 1, 838970), {'all': {'len': 0, 'sum': 0}, 'pa': {'len': 0, 'sum': 0}, 'tbs': {'len': 0, 'sum': 0}}]
[datetime.datetime(2019, 11, 9, 4, 35, 2, 599946), {'all': {'len': 0, 'sum': 0}, 'pa': {'len': 0, 'sum': 0}, 'tbs': {'len': 0, 'sum': 0}}]
[datetime.datetime(2019, 11, 9, 4, 40, 2, 683311), {'all': {'len': 0, 'sum': 0}, 'pa': {'len': 0, 'sum': 0}, 'tbs': {'len': 0, 'sum': 0}}]
[datetime.datetime(2019, 11, 9, 4, 45, 2, 483266), {'all': {'len': 0, 'sum': 0}, 'pa': {'len': 0, 'sum': 0}, 'tbs': {'len': 0, 'sum': 0}}]
[datetime.datetime(2019, 11, 9, 4, 50, 1, 721203), {'all': {'len': 0, 'sum': 0}, 'pa': {'len': 0, 'sum': 0}, 'tbs': {'len': 0, 'sum': 0}}]
[datetime.datetime(2019, 11, 9, 4, 55, 2, 114682), {'all': {'len': 0, 'sum': 0}, 'pa': {'len': 0, 'sum': 0}, 'tbs': {'len': 0, 'sum': 0}}]
[datetime.datetime(2019, 11, 9, 5, 0, 2, 534018), {'all': {'len': 0, 'sum': 0}, 'pa': {'len': 0, 'sum': 0}, 'tbs': {'len': 0, 'sum': 0}}]
[datetime.datetime(2019, 11, 9, 5, 5, 2, 159940), {'all': {'len': 0, 'sum': 0}, 'pa': {'len': 0, 'sum': 0}, 'tbs': {'len': 0, 'sum': 0}}]
[datetime.datetime(2019, 11, 9, 5, 10, 2, 534664), {'all': {'len': 0, 'sum': 0}, 'pa': {'len': 0, 'sum': 0}, 'tbs': {'len': 0, 'sum': 0}}]
[datetime.datetime(2019, 11, 9, 5, 15, 2, 585011), {'all': {'len': 12, 'sum': 239.81300000000002}, 'pa': {'len': 12, 'sum': 239.81300000000002}, 'tbs': {'len': 0, 'sum': 0}}]
[datetime.datetime(2019, 11, 9, 5, 20, 2, 413264), {'all': {'len': 18, 'sum': 289.32199999999995}, 'pa': {'len': 18, 'sum': 289.32199999999995}, 'tbs': {'len': 0, 'sum': 0}}]
[datetime.datetime(2019, 11, 9, 5, 25, 2, 529589), {'all': {'len': 19, 'sum': 345.924}, 'pa': {'len': 19, 'sum': 345.924}, 'tbs': {'len': 0, 'sum': 0}}]
[datetime.datetime(2019, 11, 9, 5, 30, 2, 658075), {'all': {'len': 18, 'sum': 293.19699999999995}, 'pa': {'len': 16, 'sum': 269.489}, 'tbs': {'len': 2, 'sum': 23.708}}]
[datetime.datetime(2019, 11, 9, 5, 35, 2, 102949), {'all': {'len': 17, 'sum': 283.371}, 'pa': {'len': 17, 'sum': 283.371}, 'tbs': {'len': 0, 'sum': 0}}]
[datetime.datetime(2019, 11, 9, 5, 40, 1, 991406), {'all': {'len': 17, 'sum': 293.217}, 'pa': {'len': 15, 'sum': 271.46}, 'tbs': {'len': 0, 'sum': 0}}]
[datetime.datetime(2019, 11, 9, 5, 45, 2, 45066), {'all': {'len': 18, 'sum': 327.91599999999994}, 'pa': {'len': 18, 'sum': 327.91599999999994}, 'tbs': {'len': 0, 'sum': 0}}]
[datetime.datetime(2019, 11, 9, 5, 50, 1, 742124), {'all': {'len': 17, 'sum': 316.50100000000003}, 'pa': {'len': 17, 'sum': 316.50100000000003}, 'tbs': {'len': 0, 'sum': 0}}]
[datetime.datetime(2019, 11, 9, 5, 55, 2, 53599), {'all': {'len': 15, 'sum': 231.28300000000002}, 'pa': {'len': 15, 'sum': 231.28300000000002}, 'tbs': {'len': 0, 'sum': 0}}]
[datetime.datetime(2019, 11, 9, 6, 0, 2, 716761), {'all': {'len': 16, 'sum': 292.628}, 'pa': {'len': 16, 'sum': 292.628}, 'tbs': {'len': 0, 'sum': 0}}]
[datetime.datetime(2019, 11, 9, 6, 5, 1, 737945), {'all': {'len': 17, 'sum': 257.973}, 'pa': {'len': 17, 'sum': 257.973}, 'tbs': {'len': 0, 'sum': 0}}]
[datetime.datetime(2019, 11, 9, 6, 10, 2, 627883), {'all': {'len': 17, 'sum': 338.38800000000003}, 'pa': {'len': 17, 'sum': 338.38800000000003}, 'tbs': {'len': 0, 'sum': 0}}]
[datetime.datetime(2019, 11, 9, 6, 15, 2, 454479), {'all': {'len': 16, 'sum': 299.192}, 'pa': {'len': 16, 'sum': 299.192}, 'tbs': {'len': 0, 'sum': 0}}]
[datetime.datetime(2019, 11, 9, 6, 20, 2, 597189), {'all': {'len': 17, 'sum': 271.808}, 'pa': {'len': 17, 'sum': 271.808}, 'tbs': {'len': 0, 'sum': 0}}]
[datetime.datetime(2019, 11, 9, 6, 25, 2, 716505), {'all': {'len': 18, 'sum': 323.27}, 'pa': {'len': 18, 'sum': 323.27}, 'tbs': {'len': 0, 'sum': 0}}]
[datetime.datetime(2019, 11, 9, 6, 30, 2, 250829), {'all': {'len': 18, 'sum': 307.509}, 'pa': {'len': 18, 'sum': 307.509}, 'tbs': {'len': 0, 'sum': 0}}]
[datetime.datetime(2019, 11, 9, 6, 35, 2, 593039), {'all': {'len': 17, 'sum': 326.956}, 'pa': {'len': 17, 'sum': 326.956}, 'tbs': {'len': 0, 'sum': 0}}]
[datetime.datetime(2019, 11, 9, 6, 40, 2, 655544), {'all': {'len': 15, 'sum': 258.3}, 'pa': {'len': 15, 'sum': 258.3}, 'tbs': {'len': 0, 'sum': 0}}]
[datetime.datetime(2019, 11, 9, 6, 45, 2, 118575), {'all': {'len': 17, 'sum': 290.35599999999994}, 'pa': {'len': 17, 'sum': 290.35599999999994}, 'tbs': {'len': 0, 'sum': 0}}]
[datetime.datetime(2019, 11, 9, 6, 50, 1, 718182), {'all': {'len': 18, 'sum': 358.671}, 'pa': {'len': 18, 'sum': 358.671}, 'tbs': {'len': 0, 'sum': 0}}]
[datetime.datetime(2019, 11, 9, 6, 55, 2, 472806), {'all': {'len': 17, 'sum': 314.9030000000001}, 'pa': {'len': 17, 'sum': 314.9030000000001}, 'tbs': {'len': 0, 'sum': 0}}]
[datetime.datetime(2019, 11, 9, 7, 0, 2, 145511), {'all': {'len': 16, 'sum': 346.11}, 'pa': {'len': 16, 'sum': 346.11}, 'tbs': {'len': 0, 'sum': 0}}]
[datetime.datetime(2019, 11, 9, 7, 5, 2, 350533), {'all': {'len': 16, 'sum': 295.73}, 'pa': {'len': 16, 'sum': 295.73}, 'tbs': {'len': 0, 'sum': 0}}]
[datetime.datetime(2019, 11, 9, 7, 10, 2, 62291), {'all': {'len': 18, 'sum': 313.371}, 'pa': {'len': 18, 'sum': 313.371}, 'tbs': {'len': 0, 'sum': 0}}]
[datetime.datetime(2019, 11, 9, 7, 15, 2, 666792), {'all': {'len': 11, 'sum': 175.078}, 'pa': {'len': 11, 'sum': 175.078}, 'tbs': {'len': 0, 'sum': 0}}]
[datetime.datetime(2019, 11, 9, 7, 20, 2, 553401), {'all': {'len': 3, 'sum': 0.36}, 'pa': {'len': 0, 'sum': 0}, 'tbs': {'len': 2, 'sum': 0.246}}]
[datetime.datetime(2019, 11, 9, 7, 25, 1, 852833), {'all': {'len': 20, 'sum': 1.963}, 'pa': {'len': 3, 'sum': 0.307}, 'tbs': {'len': 9, 'sum': 0.862}}]
[datetime.datetime(2019, 11, 9, 7, 30, 2, 299615), {'all': {'len': 29, 'sum': 3.0380000000000003}, 'pa': {'len': 2, 'sum': 0.22}, 'tbs': {'len': 16, 'sum': 1.7220000000000002}}]
[datetime.datetime(2019, 11, 9, 7, 35, 2, 282234), {'all': {'len': 26, 'sum': 3.7530000000000006}, 'pa': {'len': 0, 'sum': 0}, 'tbs': {'len': 14, 'sum': 2.172}}]
[datetime.datetime(2019, 11, 9, 7, 40, 1, 758731), {'all': {'len': 28, 'sum': 3.194000000000001}, 'pa': {'len': 0, 'sum': 0}, 'tbs': {'len': 14, 'sum': 1.625}}]
[datetime.datetime(2019, 11, 9, 7, 45, 2, 311547), {'all': {'len': 16, 'sum': 1.5419999999999998}, 'pa': {'len': 1, 'sum': 0.093}, 'tbs': {'len': 9, 'sum': 0.8899999999999999}}]
[datetime.datetime(2019, 11, 9, 7, 50, 1, 828231), {'all': {'len': 36, 'sum': 3.476}, 'pa': {'len': 3, 'sum': 0.297}, 'tbs': {'len': 23, 'sum': 2.2110000000000003}}]
[datetime.datetime(2019, 11, 9, 7, 55, 2, 603888), {'all': {'len': 16, 'sum': 1.433}, 'pa': {'len': 1, 'sum': 0.083}, 'tbs': {'len': 12, 'sum': 1.087}}]
[datetime.datetime(2019, 11, 9, 8, 0, 1, 923491), {'all': {'len': 10, 'sum': 1.033}, 'pa': {'len': 2, 'sum': 0.201}, 'tbs': {'len': 5, 'sum': 0.504}}]
[datetime.datetime(2019, 11, 9, 8, 5, 2, 40886), {'all': {'len': 10, 'sum': 0.9669999999999999}, 'pa': {'len': 4, 'sum': 0.34199999999999997}, 'tbs': {'len': 4, 'sum': 0.432}}]
[datetime.datetime(2019, 11, 9, 8, 10, 2, 252573), {'all': {'len': 5, 'sum': 0.5720000000000001}, 'pa': {'len': 0, 'sum': 0}, 'tbs': {'len': 4, 'sum': 0.44900000000000007}}]
[datetime.datetime(2019, 11, 9, 8, 15, 2, 344057), {'all': {'len': 9, 'sum': 0.893}, 'pa': {'len': 1, 'sum': 0.107}, 'tbs': {'len': 6, 'sum': 0.583}}]
[datetime.datetime(2019, 11, 9, 8, 20, 2, 166831), {'all': {'len': 10, 'sum': 1.085}, 'pa': {'len': 0, 'sum': 0}, 'tbs': {'len': 8, 'sum': 0.8969999999999999}}]
[datetime.datetime(2019, 11, 9, 8, 25, 1, 789246), {'all': {'len': 6, 'sum': 0.713}, 'pa': {'len': 1, 'sum': 0.123}, 'tbs': {'len': 3, 'sum': 0.354}}]
[datetime.datetime(2019, 11, 9, 8, 30, 2, 151888), {'all': {'len': 25, 'sum': 2.234}, 'pa': {'len': 3, 'sum': 0.27}, 'tbs': {'len': 16, 'sum': 1.439}}]
[datetime.datetime(2019, 11, 9, 8, 40, 1, 807750), {'all': {'len': 10, 'sum': 0.8889999999999998}, 'pa': {'len': 2, 'sum': 0.16999999999999998}, 'tbs': {'len': 5, 'sum': 0.439}}]
[datetime.datetime(2019, 11, 9, 8, 45, 1, 836805), {'all': {'len': 28, 'sum': 2.995}, 'pa': {'len': 1, 'sum': 0.093}, 'tbs': {'len': 12, 'sum': 1.225}}]
[datetime.datetime(2019, 11, 9, 8, 50, 1, 846801), {'all': {'len': 12, 'sum': 1.1119999999999999}, 'pa': {'len': 2, 'sum': 0.186}, 'tbs': {'len': 5, 'sum': 0.44299999999999995}}]
[datetime.datetime(2019, 11, 9, 8, 55, 2, 591194), {'all': {'len': 12, 'sum': 1.3439999999999999}, 'pa': {'len': 2, 'sum': 0.306}, 'tbs': {'len': 9, 'sum': 0.928}}]
[datetime.datetime(2019, 11, 9, 9, 0, 1, 775499), {'all': {'len': 19, 'sum': 1.8539999999999999}, 'pa': {'len': 3, 'sum': 0.28900000000000003}, 'tbs': {'len': 3, 'sum': 0.29700000000000004}}]
[datetime.datetime(2019, 11, 9, 9, 5, 4, 818959), {'all': {'len': 16, 'sum': 1.811}, 'pa': {'len': 3, 'sum': 0.256}, 'tbs': {'len': 7, 'sum': 0.784}}]
[datetime.datetime(2019, 11, 9, 9, 10, 1, 893768), {'all': {'len': 10, 'sum': 1.55}, 'pa': {'len': 1, 'sum': 0.094}, 'tbs': {'len': 6, 'sum': 1.0710000000000002}}]
[datetime.datetime(2019, 11, 9, 9, 15, 2, 519350), {'all': {'len': 2, 'sum': 0.188}, 'pa': {'len': 0, 'sum': 0}, 'tbs': {'len': 2, 'sum': 0.188}}]
[datetime.datetime(2019, 11, 9, 9, 20, 2, 600027), {'all': {'len': 0, 'sum': 0}, 'pa': {'len': 0, 'sum': 0}, 'tbs': {'len': 0, 'sum': 0}}]
[datetime.datetime(2019, 11, 9, 9, 25, 2, 373076), {'all': {'len': 0, 'sum': 0}, 'pa': {'len': 0, 'sum': 0}, 'tbs': {'len': 0, 'sum': 0}}]
[datetime.datetime(2019, 11, 9, 9, 30, 1, 769663), {'all': {'len': 0, 'sum': 0}, 'pa': {'len': 0, 'sum': 0}, 'tbs': {'len': 0, 'sum': 0}}]
[datetime.datetime(2019, 11, 9, 9, 35, 2, 332844), {'all': {'len': 0, 'sum': 0}, 'pa': {'len': 0, 'sum': 0}, 'tbs': {'len': 0, 'sum': 0}}]
[datetime.datetime(2019, 11, 9, 9, 40, 2, 353039), {'all': {'len': 0, 'sum': 0}, 'pa': {'len': 0, 'sum': 0}, 'tbs': {'len': 0, 'sum': 0}}]
[datetime.datetime(2019, 11, 9, 9, 45, 2, 22042), {'all': {'len': 0, 'sum': 0}, 'pa': {'len': 0, 'sum': 0}, 'tbs': {'len': 0, 'sum': 0}}]
[datetime.datetime(2019, 11, 9, 9, 50, 2, 695994), {'all': {'len': 0, 'sum': 0}, 'pa': {'len': 0, 'sum': 0}, 'tbs': {'len': 0, 'sum': 0}}]
[datetime.datetime(2019, 11, 9, 9, 55, 2, 622073), {'all': {'len': 0, 'sum': 0}, 'pa': {'len': 0, 'sum': 0}, 'tbs': {'len': 0, 'sum': 0}}]
[datetime.datetime(2019, 11, 9, 10, 0, 2, 91668), {'all': {'len': 0, 'sum': 0}, 'pa': {'len': 0, 'sum': 0}, 'tbs': {'len': 0, 'sum': 0}}]
[datetime.datetime(2019, 11, 9, 10, 5, 2, 616518), {'all': {'len': 0, 'sum': 0}, 'pa': {'len': 0, 'sum': 0}, 'tbs': {'len': 0, 'sum': 0}}]
[datetime.datetime(2019, 11, 9, 10, 10, 2, 568108), {'all': {'len': 0, 'sum': 0}, 'pa': {'len': 0, 'sum': 0}, 'tbs': {'len': 0, 'sum': 0}}]
[datetime.datetime(2019, 11, 9, 10, 15, 2, 180698), {'all': {'len': 0, 'sum': 0}, 'pa': {'len': 0, 'sum': 0}, 'tbs': {'len': 0, 'sum': 0}}]
[datetime.datetime(2019, 11, 9, 10, 20, 1, 793597), {'all': {'len': 0, 'sum': 0}, 'pa': {'len': 0, 'sum': 0}, 'tbs': {'len': 0, 'sum': 0}}]
[datetime.datetime(2019, 11, 9, 10, 25, 2, 387769), {'all': {'len': 0, 'sum': 0}, 'pa': {'len': 0, 'sum': 0}, 'tbs': {'len': 0, 'sum': 0}}]
[datetime.datetime(2019, 11, 9, 10, 30, 2, 61833), {'all': {'len': 0, 'sum': 0}, 'pa': {'len': 0, 'sum': 0}, 'tbs': {'len': 0, 'sum': 0}}]
[datetime.datetime(2019, 11, 9, 10, 35, 2, 350574), {'all': {'len': 0, 'sum': 0}, 'pa': {'len': 0, 'sum': 0}, 'tbs': {'len': 0, 'sum': 0}}]
[datetime.datetime(2019, 11, 9, 10, 40, 2, 659562), {'all': {'len': 0, 'sum': 0}, 'pa': {'len': 0, 'sum': 0}, 'tbs': {'len': 0, 'sum': 0}}]
[datetime.datetime(2019, 11, 9, 10, 45, 2, 211895), {'all': {'len': 0, 'sum': 0}, 'pa': {'len': 0, 'sum': 0}, 'tbs': {'len': 0, 'sum': 0}}]
[datetime.datetime(2019, 11, 9, 10, 50, 2, 386406), {'all': {'len': 0, 'sum': 0}, 'pa': {'len': 0, 'sum': 0}, 'tbs': {'len': 0, 'sum': 0}}]
[datetime.datetime(2019, 11, 9, 10, 55, 2, 224095), {'all': {'len': 0, 'sum': 0}, 'pa': {'len': 0, 'sum': 0}, 'tbs': {'len': 0, 'sum': 0}}]
[datetime.datetime(2019, 11, 9, 11, 0, 2, 147924), {'all': {'len': 0, 'sum': 0}, 'pa': {'len': 0, 'sum': 0}, 'tbs': {'len': 0, 'sum': 0}}]
[datetime.datetime(2019, 11, 9, 11, 5, 2, 263731), {'all': {'len': 0, 'sum': 0}, 'pa': {'len': 0, 'sum': 0}, 'tbs': {'len': 0, 'sum': 0}}]
[datetime.datetime(2019, 11, 9, 11, 10, 2, 271027), {'all': {'len': 0, 'sum': 0}, 'pa': {'len': 0, 'sum': 0}, 'tbs': {'len': 0, 'sum': 0}}]
[datetime.datetime(2019, 11, 9, 11, 15, 1, 893064), {'all': {'len': 0, 'sum': 0}, 'pa': {'len': 0, 'sum': 0}, 'tbs': {'len': 0, 'sum': 0}}]
[datetime.datetime(2019, 11, 9, 11, 20, 2, 245818), {'all': {'len': 0, 'sum': 0}, 'pa': {'len': 0, 'sum': 0}, 'tbs': {'len': 0, 'sum': 0}}]
[datetime.datetime(2019, 11, 9, 11, 25, 1, 843718), {'all': {'len': 0, 'sum': 0}, 'pa': {'len': 0, 'sum': 0}, 'tbs': {'len': 0, 'sum': 0}}]
[datetime.datetime(2019, 11, 9, 11, 30, 2, 270271), {'all': {'len': 0, 'sum': 0}, 'pa': {'len': 0, 'sum': 0}, 'tbs': {'len': 0, 'sum': 0}}]
[datetime.datetime(2019, 11, 9, 11, 35, 1, 798539), {'all': {'len': 0, 'sum': 0}, 'pa': {'len': 0, 'sum': 0}, 'tbs': {'len': 0, 'sum': 0}}]
[datetime.datetime(2019, 11, 9, 11, 40, 2, 19721), {'all': {'len': 0, 'sum': 0}, 'pa': {'len': 0, 'sum': 0}, 'tbs': {'len': 0, 'sum': 0}}]
[datetime.datetime(2019, 11, 9, 11, 45, 2, 680025), {'all': {'len': 0, 'sum': 0}, 'pa': {'len': 0, 'sum': 0}, 'tbs': {'len': 0, 'sum': 0}}]
[datetime.datetime(2019, 11, 9, 11, 50, 2, 552456), {'all': {'len': 0, 'sum': 0}, 'pa': {'len': 0, 'sum': 0}, 'tbs': {'len': 0, 'sum': 0}}]
[datetime.datetime(2019, 11, 9, 11, 55, 2, 310263), {'all': {'len': 0, 'sum': 0}, 'pa': {'len': 0, 'sum': 0}, 'tbs': {'len': 0, 'sum': 0}}]
[datetime.datetime(2019, 11, 9, 12, 0, 1, 828742), {'all': {'len': 0, 'sum': 0}, 'pa': {'len': 0, 'sum': 0}, 'tbs': {'len': 0, 'sum': 0}}]
[datetime.datetime(2019, 11, 9, 12, 5, 2, 145491), {'all': {'len': 1, 'sum': 0.157}, 'pa': {'len': 0, 'sum': 0}, 'tbs': {'len': 0, 'sum': 0}}]
[datetime.datetime(2019, 11, 9, 12, 10, 2, 697931), {'all': {'len': 0, 'sum': 0}, 'pa': {'len': 0, 'sum': 0}, 'tbs': {'len': 0, 'sum': 0}}]
[datetime.datetime(2019, 11, 9, 12, 15, 2, 630045), {'all': {'len': 0, 'sum': 0}, 'pa': {'len': 0, 'sum': 0}, 'tbs': {'len': 0, 'sum': 0}}]
[datetime.datetime(2019, 11, 9, 12, 20, 2, 665880), {'all': {'len': 0, 'sum': 0}, 'pa': {'len': 0, 'sum': 0}, 'tbs': {'len': 0, 'sum': 0}}]
[datetime.datetime(2019, 11, 9, 12, 25, 2, 446432), {'all': {'len': 0, 'sum': 0}, 'pa': {'len': 0, 'sum': 0}, 'tbs': {'len': 0, 'sum': 0}}]
[datetime.datetime(2019, 11, 9, 12, 30, 2, 105162), {'all': {'len': 0, 'sum': 0}, 'pa': {'len': 0, 'sum': 0}, 'tbs': {'len': 0, 'sum': 0}}]
[datetime.datetime(2019, 11, 9, 12, 35, 2, 152038), {'all': {'len': 0, 'sum': 0}, 'pa': {'len': 0, 'sum': 0}, 'tbs': {'len': 0, 'sum': 0}}]
[datetime.datetime(2019, 11, 9, 12, 40, 2, 595059), {'all': {'len': 0, 'sum': 0}, 'pa': {'len': 0, 'sum': 0}, 'tbs': {'len': 0, 'sum': 0}}]
[datetime.datetime(2019, 11, 9, 12, 45, 1, 978212), {'all': {'len': 0, 'sum': 0}, 'pa': {'len': 0, 'sum': 0}, 'tbs': {'len': 0, 'sum': 0}}]
[datetime.datetime(2019, 11, 9, 12, 50, 1, 991146), {'all': {'len': 0, 'sum': 0}, 'pa': {'len': 0, 'sum': 0}, 'tbs': {'len': 0, 'sum': 0}}]
[datetime.datetime(2019, 11, 9, 12, 55, 1, 822075), {'all': {'len': 0, 'sum': 0}, 'pa': {'len': 0, 'sum': 0}, 'tbs': {'len': 0, 'sum': 0}}]
[datetime.datetime(2019, 11, 9, 13, 0, 2, 513451), {'all': {'len': 0, 'sum': 0}, 'pa': {'len': 0, 'sum': 0}, 'tbs': {'len': 0, 'sum': 0}}]
[datetime.datetime(2019, 11, 9, 13, 5, 2, 127540), {'all': {'len': 0, 'sum': 0}, 'pa': {'len': 0, 'sum': 0}, 'tbs': {'len': 0, 'sum': 0}}]
[datetime.datetime(2019, 11, 9, 13, 10, 1, 996668), {'all': {'len': 0, 'sum': 0}, 'pa': {'len': 0, 'sum': 0}, 'tbs': {'len': 0, 'sum': 0}}]
[datetime.datetime(2019, 11, 9, 13, 15, 2, 535474), {'all': {'len': 9, 'sum': 150.852}, 'pa': {'len': 9, 'sum': 150.852}, 'tbs': {'len': 0, 'sum': 0}}]
[datetime.datetime(2019, 11, 9, 13, 20, 2, 401181), {'all': {'len': 16, 'sum': 336.209}, 'pa': {'len': 16, 'sum': 336.209}, 'tbs': {'len': 0, 'sum': 0}}]
[datetime.datetime(2019, 11, 9, 13, 25, 1, 781582), {'all': {'len': 16, 'sum': 329.894}, 'pa': {'len': 16, 'sum': 329.894}, 'tbs': {'len': 0, 'sum': 0}}]
[datetime.datetime(2019, 11, 9, 13, 30, 2, 269436), {'all': {'len': 17, 'sum': 270.857}, 'pa': {'len': 17, 'sum': 270.857}, 'tbs': {'len': 0, 'sum': 0}}]
[datetime.datetime(2019, 11, 9, 13, 35, 2, 687910), {'all': {'len': 17, 'sum': 319.973}, 'pa': {'len': 17, 'sum': 319.973}, 'tbs': {'len': 0, 'sum': 0}}]
[datetime.datetime(2019, 11, 9, 13, 40, 2, 659861), {'all': {'len': 18, 'sum': 361.284}, 'pa': {'len': 18, 'sum': 361.284}, 'tbs': {'len': 0, 'sum': 0}}]
[datetime.datetime(2019, 11, 9, 13, 45, 2, 422288), {'all': {'len': 16, 'sum': 282.2099999999999}, 'pa': {'len': 16, 'sum': 282.2099999999999}, 'tbs': {'len': 0, 'sum': 0}}]
[datetime.datetime(2019, 11, 9, 13, 50, 2, 219826), {'all': {'len': 16, 'sum': 321.198}, 'pa': {'len': 16, 'sum': 321.198}, 'tbs': {'len': 0, 'sum': 0}}]
[datetime.datetime(2019, 11, 9, 13, 55, 2, 214424), {'all': {'len': 17, 'sum': 292.48199999999997}, 'pa': {'len': 17, 'sum': 292.48199999999997}, 'tbs': {'len': 0, 'sum': 0}}]
[datetime.datetime(2019, 11, 9, 14, 0, 2, 156510), {'all': {'len': 18, 'sum': 368.462}, 'pa': {'len': 18, 'sum': 368.462}, 'tbs': {'len': 0, 'sum': 0}}]
[datetime.datetime(2019, 11, 9, 14, 5, 2, 279260), {'all': {'len': 17, 'sum': 303.008}, 'pa': {'len': 17, 'sum': 303.008}, 'tbs': {'len': 0, 'sum': 0}}]
[datetime.datetime(2019, 11, 9, 14, 10, 2, 33847), {'all': {'len': 16, 'sum': 333.32}, 'pa': {'len': 16, 'sum': 333.32}, 'tbs': {'len': 0, 'sum': 0}}]
[datetime.datetime(2019, 11, 9, 14, 15, 2, 199135), {'all': {'len': 16, 'sum': 236.63099999999997}, 'pa': {'len': 16, 'sum': 236.63099999999997}, 'tbs': {'len': 0, 'sum': 0}}]
[datetime.datetime(2019, 11, 9, 14, 20, 2, 415425), {'all': {'len': 17, 'sum': 312.113}, 'pa': {'len': 17, 'sum': 312.113}, 'tbs': {'len': 0, 'sum': 0}}]
[datetime.datetime(2019, 11, 9, 14, 25, 1, 759766), {'all': {'len': 19, 'sum': 361.21000000000004}, 'pa': {'len': 19, 'sum': 361.21000000000004}, 'tbs': {'len': 0, 'sum': 0}}]
[datetime.datetime(2019, 11, 9, 14, 30, 2, 253993), {'all': {'len': 19, 'sum': 376.88499999999993}, 'pa': {'len': 18, 'sum': 376.792}, 'tbs': {'len': 0, 'sum': 0}}]
[datetime.datetime(2019, 11, 9, 14, 35, 2, 542351), {'all': {'len': 17, 'sum': 354.87}, 'pa': {'len': 17, 'sum': 354.87}, 'tbs': {'len': 0, 'sum': 0}}]
[datetime.datetime(2019, 11, 9, 14, 40, 2, 545468), {'all': {'len': 16, 'sum': 252.59800000000007}, 'pa': {'len': 16, 'sum': 252.59800000000007}, 'tbs': {'len': 0, 'sum': 0}}]
[datetime.datetime(2019, 11, 9, 14, 45, 2, 50531), {'all': {'len': 17, 'sum': 256.628}, 'pa': {'len': 17, 'sum': 256.628}, 'tbs': {'len': 0, 'sum': 0}}]
[datetime.datetime(2019, 11, 9, 14, 50, 2, 460452), {'all': {'len': 19, 'sum': 353.336}, 'pa': {'len': 19, 'sum': 353.336}, 'tbs': {'len': 0, 'sum': 0}}]
[datetime.datetime(2019, 11, 9, 14, 55, 1, 967428), {'all': {'len': 19, 'sum': 400.197}, 'pa': {'len': 19, 'sum': 400.197}, 'tbs': {'len': 0, 'sum': 0}}]
[datetime.datetime(2019, 11, 9, 15, 0, 2, 425525), {'all': {'len': 17, 'sum': 313.11899999999997}, 'pa': {'len': 17, 'sum': 313.11899999999997}, 'tbs': {'len': 0, 'sum': 0}}]
[datetime.datetime(2019, 11, 9, 15, 5, 1, 958706), {'all': {'len': 16, 'sum': 261.019}, 'pa': {'len': 16, 'sum': 261.019}, 'tbs': {'len': 0, 'sum': 0}}]
[datetime.datetime(2019, 11, 9, 15, 10, 2, 19197), {'all': {'len': 16, 'sum': 292.35300000000007}, 'pa': {'len': 16, 'sum': 292.35300000000007}, 'tbs': {'len': 0, 'sum': 0}}]
[datetime.datetime(2019, 11, 9, 15, 15, 2, 100243), {'all': {'len': 17, 'sum': 297.76099999999997}, 'pa': {'len': 17, 'sum': 297.76099999999997}, 'tbs': {'len': 0, 'sum': 0}}]
[datetime.datetime(2019, 11, 9, 15, 20, 2, 152830), {'all': {'len': 18, 'sum': 317.46299999999997}, 'pa': {'len': 18, 'sum': 317.46299999999997}, 'tbs': {'len': 0, 'sum': 0}}]
[datetime.datetime(2019, 11, 9, 15, 25, 2, 11149), {'all': {'len': 18, 'sum': 381.25200000000007}, 'pa': {'len': 18, 'sum': 381.25200000000007}, 'tbs': {'len': 0, 'sum': 0}}]
[datetime.datetime(2019, 11, 9, 15, 30, 1, 860996), {'all': {'len': 16, 'sum': 289.22399999999993}, 'pa': {'len': 16, 'sum': 289.22399999999993}, 'tbs': {'len': 0, 'sum': 0}}]
[datetime.datetime(2019, 11, 9, 15, 35, 2, 273834), {'all': {'len': 15, 'sum': 244.438}, 'pa': {'len': 15, 'sum': 244.438}, 'tbs': {'len': 0, 'sum': 0}}]
[datetime.datetime(2019, 11, 9, 15, 40, 1, 864232), {'all': {'len': 16, 'sum': 296.937}, 'pa': {'len': 16, 'sum': 296.937}, 'tbs': {'len': 0, 'sum': 0}}]
[datetime.datetime(2019, 11, 9, 15, 45, 2, 324941), {'all': {'len': 17, 'sum': 319.57599999999996}, 'pa': {'len': 17, 'sum': 319.57599999999996}, 'tbs': {'len': 0, 'sum': 0}}]
[datetime.datetime(2019, 11, 9, 15, 50, 2, 550379), {'all': {'len': 17, 'sum': 305.811}, 'pa': {'len': 17, 'sum': 305.811}, 'tbs': {'len': 0, 'sum': 0}}]
[datetime.datetime(2019, 11, 9, 15, 55, 2, 407485), {'all': {'len': 17, 'sum': 330.57699999999994}, 'pa': {'len': 17, 'sum': 330.57699999999994}, 'tbs': {'len': 0, 'sum': 0}}]
[datetime.datetime(2019, 11, 9, 16, 0, 2, 728677), {'all': {'len': 17, 'sum': 311.98999999999995}, 'pa': {'len': 17, 'sum': 311.98999999999995}, 'tbs': {'len': 0, 'sum': 0}}]
[datetime.datetime(2019, 11, 9, 16, 5, 2, 635926), {'all': {'len': 17, 'sum': 272.00300000000004}, 'pa': {'len': 17, 'sum': 272.00300000000004}, 'tbs': {'len': 0, 'sum': 0}}]
[datetime.datetime(2019, 11, 9, 16, 10, 2, 255701), {'all': {'len': 18, 'sum': 316.5679999999999}, 'pa': {'len': 18, 'sum': 316.5679999999999}, 'tbs': {'len': 0, 'sum': 0}}]
[datetime.datetime(2019, 11, 9, 16, 15, 2, 448400), {'all': {'len': 18, 'sum': 315.757}, 'pa': {'len': 18, 'sum': 315.757}, 'tbs': {'len': 0, 'sum': 0}}]
[datetime.datetime(2019, 11, 9, 16, 20, 2, 66781), {'all': {'len': 17, 'sum': 339.105}, 'pa': {'len': 17, 'sum': 339.105}, 'tbs': {'len': 0, 'sum': 0}}]
[datetime.datetime(2019, 11, 9, 16, 25, 2, 611703), {'all': {'len': 18, 'sum': 279.426}, 'pa': {'len': 17, 'sum': 279.336}, 'tbs': {'len': 0, 'sum': 0}}]
[datetime.datetime(2019, 11, 9, 16, 30, 2, 703599), {'all': {'len': 16, 'sum': 291.05199999999996}, 'pa': {'len': 16, 'sum': 291.05199999999996}, 'tbs': {'len': 0, 'sum': 0}}]
[datetime.datetime(2019, 11, 9, 16, 35, 2, 398401), {'all': {'len': 18, 'sum': 270.48}, 'pa': {'len': 17, 'sum': 270.397}, 'tbs': {'len': 0, 'sum': 0}}]
[datetime.datetime(2019, 11, 9, 16, 40, 2, 115077), {'all': {'len': 18, 'sum': 370.42400000000004}, 'pa': {'len': 18, 'sum': 370.42400000000004}, 'tbs': {'len': 0, 'sum': 0}}]
[datetime.datetime(2019, 11, 9, 16, 45, 2, 245489), {'all': {'len': 16, 'sum': 282.092}, 'pa': {'len': 16, 'sum': 282.092}, 'tbs': {'len': 0, 'sum': 0}}]
[datetime.datetime(2019, 11, 9, 16, 50, 2, 535397), {'all': {'len': 17, 'sum': 316.255}, 'pa': {'len': 17, 'sum': 316.255}, 'tbs': {'len': 0, 'sum': 0}}]
[datetime.datetime(2019, 11, 9, 16, 55, 2, 277860), {'all': {'len': 17, 'sum': 280.88800000000003}, 'pa': {'len': 17, 'sum': 280.88800000000003}, 'tbs': {'len': 0, 'sum': 0}}]
[datetime.datetime(2019, 11, 9, 17, 0, 2, 689123), {'all': {'len': 17, 'sum': 320.865}, 'pa': {'len': 17, 'sum': 320.865}, 'tbs': {'len': 0, 'sum': 0}}]
[datetime.datetime(2019, 11, 9, 17, 5, 1, 776887), {'all': {'len': 17, 'sum': 320.37899999999996}, 'pa': {'len': 17, 'sum': 320.37899999999996}, 'tbs': {'len': 0, 'sum': 0}}]
[datetime.datetime(2019, 11, 9, 17, 10, 2, 205387), {'all': {'len': 16, 'sum': 297.39900000000006}, 'pa': {'len': 16, 'sum': 297.39900000000006}, 'tbs': {'len': 0, 'sum': 0}}]
[datetime.datetime(2019, 11, 9, 17, 15, 2, 50214), {'all': {'len': 16, 'sum': 286.948}, 'pa': {'len': 16, 'sum': 286.948}, 'tbs': {'len': 0, 'sum': 0}}]
[datetime.datetime(2019, 11, 9, 17, 25, 1, 725220), {'all': {'len': 17, 'sum': 327.56699999999995}, 'pa': {'len': 17, 'sum': 327.56699999999995}, 'tbs': {'len': 0, 'sum': 0}}]
[datetime.datetime(2019, 11, 9, 17, 30, 1, 780713), {'all': {'len': 16, 'sum': 250.559}, 'pa': {'len': 16, 'sum': 250.559}, 'tbs': {'len': 0, 'sum': 0}}]
[datetime.datetime(2019, 11, 9, 17, 35, 2, 369988), {'all': {'len': 16, 'sum': 320.209}, 'pa': {'len': 16, 'sum': 320.209}, 'tbs': {'len': 0, 'sum': 0}}]
[datetime.datetime(2019, 11, 9, 17, 40, 2, 729886), {'all': {'len': 16, 'sum': 249.60999999999999}, 'pa': {'len': 16, 'sum': 249.60999999999999}, 'tbs': {'len': 0, 'sum': 0}}]
[datetime.datetime(2019, 11, 9, 17, 45, 2, 678252), {'all': {'len': 17, 'sum': 306.7099999999999}, 'pa': {'len': 17, 'sum': 306.7099999999999}, 'tbs': {'len': 0, 'sum': 0}}]
[datetime.datetime(2019, 11, 9, 17, 50, 1, 793005), {'all': {'len': 17, 'sum': 352.7650000000001}, 'pa': {'len': 17, 'sum': 352.7650000000001}, 'tbs': {'len': 0, 'sum': 0}}]
[datetime.datetime(2019, 11, 9, 17, 55, 1, 908506), {'all': {'len': 16, 'sum': 296.23}, 'pa': {'len': 16, 'sum': 296.23}, 'tbs': {'len': 0, 'sum': 0}}]
[datetime.datetime(2019, 11, 9, 18, 0, 2, 645011), {'all': {'len': 16, 'sum': 274.238}, 'pa': {'len': 16, 'sum': 274.238}, 'tbs': {'len': 0, 'sum': 0}}]
[datetime.datetime(2019, 11, 9, 18, 5, 1, 875523), {'all': {'len': 17, 'sum': 270.40000000000003}, 'pa': {'len': 17, 'sum': 270.40000000000003}, 'tbs': {'len': 0, 'sum': 0}}]
[datetime.datetime(2019, 11, 9, 18, 10, 1, 833666), {'all': {'len': 18, 'sum': 349.337}, 'pa': {'len': 18, 'sum': 349.337}, 'tbs': {'len': 0, 'sum': 0}}]
[datetime.datetime(2019, 11, 9, 18, 15, 2, 686085), {'all': {'len': 16, 'sum': 254.479}, 'pa': {'len': 16, 'sum': 254.479}, 'tbs': {'len': 0, 'sum': 0}}]
[datetime.datetime(2019, 11, 9, 18, 20, 2, 508044), {'all': {'len': 15, 'sum': 283.753}, 'pa': {'len': 15, 'sum': 283.753}, 'tbs': {'len': 0, 'sum': 0}}]
[datetime.datetime(2019, 11, 9, 18, 25, 2, 556749), {'all': {'len': 18, 'sum': 313.63899999999995}, 'pa': {'len': 18, 'sum': 313.63899999999995}, 'tbs': {'len': 0, 'sum': 0}}]
[datetime.datetime(2019, 11, 9, 18, 30, 2, 696427), {'all': {'len': 18, 'sum': 302.3570000000001}, 'pa': {'len': 18, 'sum': 302.3570000000001}, 'tbs': {'len': 0, 'sum': 0}}]
[datetime.datetime(2019, 11, 9, 18, 35, 2, 327942), {'all': {'len': 18, 'sum': 325.255}, 'pa': {'len': 18, 'sum': 325.255}, 'tbs': {'len': 0, 'sum': 0}}]
[datetime.datetime(2019, 11, 9, 18, 40, 2, 612047), {'all': {'len': 16, 'sum': 317.422}, 'pa': {'len': 16, 'sum': 317.422}, 'tbs': {'len': 0, 'sum': 0}}]
[datetime.datetime(2019, 11, 9, 18, 45, 2, 176135), {'all': {'len': 15, 'sum': 269.46000000000004}, 'pa': {'len': 15, 'sum': 269.46000000000004}, 'tbs': {'len': 0, 'sum': 0}}]
[datetime.datetime(2019, 11, 9, 18, 50, 2, 228071), {'all': {'len': 18, 'sum': 340.89799999999997}, 'pa': {'len': 18, 'sum': 340.89799999999997}, 'tbs': {'len': 0, 'sum': 0}}]
[datetime.datetime(2019, 11, 9, 18, 55, 2, 65999), {'all': {'len': 19, 'sum': 350.46000000000004}, 'pa': {'len': 19, 'sum': 350.46000000000004}, 'tbs': {'len': 0, 'sum': 0}}]
[datetime.datetime(2019, 11, 9, 19, 0, 2, 335685), {'all': {'len': 17, 'sum': 362.537}, 'pa': {'len': 17, 'sum': 362.537}, 'tbs': {'len': 0, 'sum': 0}}]
[datetime.datetime(2019, 11, 9, 19, 5, 2, 465943), {'all': {'len': 16, 'sum': 274.23999999999995}, 'pa': {'len': 16, 'sum': 274.23999999999995}, 'tbs': {'len': 0, 'sum': 0}}]
[datetime.datetime(2019, 11, 9, 19, 10, 2, 45115), {'all': {'len': 17, 'sum': 289.76699999999994}, 'pa': {'len': 17, 'sum': 289.76699999999994}, 'tbs': {'len': 0, 'sum': 0}}]
[datetime.datetime(2019, 11, 9, 19, 15, 2, 243281), {'all': {'len': 19, 'sum': 358.422}, 'pa': {'len': 19, 'sum': 358.422}, 'tbs': {'len': 0, 'sum': 0}}]
[datetime.datetime(2019, 11, 9, 19, 20, 1, 834575), {'all': {'len': 17, 'sum': 318.105}, 'pa': {'len': 17, 'sum': 318.105}, 'tbs': {'len': 0, 'sum': 0}}]
[datetime.datetime(2019, 11, 9, 19, 25, 1, 905322), {'all': {'len': 16, 'sum': 294.859}, 'pa': {'len': 16, 'sum': 294.859}, 'tbs': {'len': 0, 'sum': 0}}]
[datetime.datetime(2019, 11, 9, 19, 30, 2, 202738), {'all': {'len': 17, 'sum': 306.764}, 'pa': {'len': 17, 'sum': 306.764}, 'tbs': {'len': 0, 'sum': 0}}]
[datetime.datetime(2019, 11, 9, 19, 35, 1, 784842), {'all': {'len': 18, 'sum': 345.68}, 'pa': {'len': 18, 'sum': 345.68}, 'tbs': {'len': 0, 'sum': 0}}]
[datetime.datetime(2019, 11, 9, 19, 40, 1, 874724), {'all': {'len': 18, 'sum': 358.09900000000005}, 'pa': {'len': 18, 'sum': 358.09900000000005}, 'tbs': {'len': 0, 'sum': 0}}]
[datetime.datetime(2019, 11, 9, 19, 45, 2, 597083), {'all': {'len': 17, 'sum': 316.988}, 'pa': {'len': 17, 'sum': 316.988}, 'tbs': {'len': 0, 'sum': 0}}]
[datetime.datetime(2019, 11, 9, 19, 50, 2, 492078), {'all': {'len': 16, 'sum': 288.041}, 'pa': {'len': 16, 'sum': 288.041}, 'tbs': {'len': 0, 'sum': 0}}]
[datetime.datetime(2019, 11, 9, 19, 55, 1, 923784), {'all': {'len': 17, 'sum': 250.04200000000003}, 'pa': {'len': 17, 'sum': 250.04200000000003}, 'tbs': {'len': 0, 'sum': 0}}]
[datetime.datetime(2019, 11, 9, 20, 0, 2, 520039), {'all': {'len': 17, 'sum': 327.453}, 'pa': {'len': 17, 'sum': 327.453}, 'tbs': {'len': 0, 'sum': 0}}]
[datetime.datetime(2019, 11, 9, 20, 5, 2, 630102), {'all': {'len': 18, 'sum': 307.859}, 'pa': {'len': 18, 'sum': 307.859}, 'tbs': {'len': 0, 'sum': 0}}]
[datetime.datetime(2019, 11, 9, 20, 10, 1, 815179), {'all': {'len': 16, 'sum': 308.78599999999994}, 'pa': {'len': 16, 'sum': 308.78599999999994}, 'tbs': {'len': 0, 'sum': 0}}]
[datetime.datetime(2019, 11, 9, 20, 15, 1, 879079), {'all': {'len': 16, 'sum': 287.89300000000003}, 'pa': {'len': 16, 'sum': 287.89300000000003}, 'tbs': {'len': 0, 'sum': 0}}]
[datetime.datetime(2019, 11, 9, 20, 20, 1, 801605), {'all': {'len': 16, 'sum': 272.568}, 'pa': {'len': 16, 'sum': 272.568}, 'tbs': {'len': 0, 'sum': 0}}]
[datetime.datetime(2019, 11, 9, 20, 25, 2, 78485), {'all': {'len': 19, 'sum': 348.669}, 'pa': {'len': 19, 'sum': 348.669}, 'tbs': {'len': 0, 'sum': 0}}]
[datetime.datetime(2019, 11, 9, 20, 30, 2, 529541), {'all': {'len': 17, 'sum': 322.528}, 'pa': {'len': 17, 'sum': 322.528}, 'tbs': {'len': 0, 'sum': 0}}]
[datetime.datetime(2019, 11, 9, 20, 35, 1, 756050), {'all': {'len': 16, 'sum': 285.076}, 'pa': {'len': 16, 'sum': 285.076}, 'tbs': {'len': 0, 'sum': 0}}]
[datetime.datetime(2019, 11, 9, 20, 40, 1, 945186), {'all': {'len': 18, 'sum': 284.26800000000003}, 'pa': {'len': 18, 'sum': 284.26800000000003}, 'tbs': {'len': 0, 'sum': 0}}]
[datetime.datetime(2019, 11, 9, 20, 45, 2, 677254), {'all': {'len': 19, 'sum': 330.099}, 'pa': {'len': 19, 'sum': 330.099}, 'tbs': {'len': 0, 'sum': 0}}]
[datetime.datetime(2019, 11, 9, 20, 50, 2, 440316), {'all': {'len': 16, 'sum': 303.067}, 'pa': {'len': 16, 'sum': 303.067}, 'tbs': {'len': 0, 'sum': 0}}]
[datetime.datetime(2019, 11, 9, 20, 55, 2, 546545), {'all': {'len': 16, 'sum': 298.574}, 'pa': {'len': 16, 'sum': 298.574}, 'tbs': {'len': 0, 'sum': 0}}]
[datetime.datetime(2019, 11, 9, 21, 0, 2, 202957), {'all': {'len': 18, 'sum': 314.417}, 'pa': {'len': 18, 'sum': 314.417}, 'tbs': {'len': 0, 'sum': 0}}]
[datetime.datetime(2019, 11, 9, 21, 5, 1, 883853), {'all': {'len': 18, 'sum': 325.91399999999993}, 'pa': {'len': 18, 'sum': 325.91399999999993}, 'tbs': {'len': 0, 'sum': 0}}]
[datetime.datetime(2019, 11, 9, 21, 10, 2, 126520), {'all': {'len': 17, 'sum': 295.64199999999994}, 'pa': {'len': 16, 'sum': 295.55799999999994}, 'tbs': {'len': 0, 'sum': 0}}]
[datetime.datetime(2019, 11, 9, 21, 15, 2, 358461), {'all': {'len': 16, 'sum': 318.786}, 'pa': {'len': 16, 'sum': 318.786}, 'tbs': {'len': 0, 'sum': 0}}]
[datetime.datetime(2019, 11, 9, 21, 20, 2, 262461), {'all': {'len': 17, 'sum': 361.44700000000006}, 'pa': {'len': 17, 'sum': 361.44700000000006}, 'tbs': {'len': 0, 'sum': 0}}]
[datetime.datetime(2019, 11, 9, 21, 25, 2, 160197), {'all': {'len': 17, 'sum': 363.64300000000003}, 'pa': {'len': 17, 'sum': 363.64300000000003}, 'tbs': {'len': 0, 'sum': 0}}]
[datetime.datetime(2019, 11, 9, 21, 30, 2, 228212), {'all': {'len': 17, 'sum': 346.18300000000005}, 'pa': {'len': 17, 'sum': 346.18300000000005}, 'tbs': {'len': 0, 'sum': 0}}]
[datetime.datetime(2019, 11, 9, 21, 35, 2, 518819), {'all': {'len': 17, 'sum': 339.562}, 'pa': {'len': 17, 'sum': 339.562}, 'tbs': {'len': 0, 'sum': 0}}]
[datetime.datetime(2019, 11, 9, 21, 40, 2, 204513), {'all': {'len': 17, 'sum': 353.84999999999997}, 'pa': {'len': 17, 'sum': 353.84999999999997}, 'tbs': {'len': 0, 'sum': 0}}]
[datetime.datetime(2019, 11, 9, 21, 45, 2, 710468), {'all': {'len': 16, 'sum': 273.08500000000004}, 'pa': {'len': 16, 'sum': 273.08500000000004}, 'tbs': {'len': 0, 'sum': 0}}]
[datetime.datetime(2019, 11, 9, 21, 50, 2, 703894), {'all': {'len': 16, 'sum': 288.075}, 'pa': {'len': 16, 'sum': 288.075}, 'tbs': {'len': 0, 'sum': 0}}]
[datetime.datetime(2019, 11, 9, 21, 55, 2, 414538), {'all': {'len': 18, 'sum': 299.65500000000003}, 'pa': {'len': 18, 'sum': 299.65500000000003}, 'tbs': {'len': 0, 'sum': 0}}]
[datetime.datetime(2019, 11, 9, 22, 0, 1, 747412), {'all': {'len': 18, 'sum': 299.04300000000006}, 'pa': {'len': 18, 'sum': 299.04300000000006}, 'tbs': {'len': 0, 'sum': 0}}]
[datetime.datetime(2019, 11, 9, 22, 5, 2, 164381), {'all': {'len': 17, 'sum': 343.992}, 'pa': {'len': 17, 'sum': 343.992}, 'tbs': {'len': 0, 'sum': 0}}]
[datetime.datetime(2019, 11, 9, 22, 10, 2, 425290), {'all': {'len': 15, 'sum': 240.67399999999998}, 'pa': {'len': 15, 'sum': 240.67399999999998}, 'tbs': {'len': 0, 'sum': 0}}]
[datetime.datetime(2019, 11, 9, 22, 15, 2, 470428), {'all': {'len': 17, 'sum': 318.063}, 'pa': {'len': 17, 'sum': 318.063}, 'tbs': {'len': 0, 'sum': 0}}]
[datetime.datetime(2019, 11, 9, 22, 20, 1, 960426), {'all': {'len': 17, 'sum': 277.291}, 'pa': {'len': 17, 'sum': 277.291}, 'tbs': {'len': 0, 'sum': 0}}]
[datetime.datetime(2019, 11, 9, 22, 25, 1, 854787), {'all': {'len': 18, 'sum': 343.76500000000004}, 'pa': {'len': 18, 'sum': 343.76500000000004}, 'tbs': {'len': 0, 'sum': 0}}]
[datetime.datetime(2019, 11, 9, 22, 30, 2, 269735), {'all': {'len': 16, 'sum': 322.987}, 'pa': {'len': 16, 'sum': 322.987}, 'tbs': {'len': 0, 'sum': 0}}]
[datetime.datetime(2019, 11, 9, 22, 35, 2, 484811), {'all': {'len': 16, 'sum': 316.88800000000003}, 'pa': {'len': 16, 'sum': 316.88800000000003}, 'tbs': {'len': 0, 'sum': 0}}]
[datetime.datetime(2019, 11, 9, 22, 40, 2, 617608), {'all': {'len': 18, 'sum': 255.012}, 'pa': {'len': 18, 'sum': 255.012}, 'tbs': {'len': 0, 'sum': 0}}]
[datetime.datetime(2019, 11, 9, 22, 45, 2, 122681), {'all': {'len': 17, 'sum': 316.85400000000004}, 'pa': {'len': 17, 'sum': 316.85400000000004}, 'tbs': {'len': 0, 'sum': 0}}]
[datetime.datetime(2019, 11, 9, 22, 50, 2, 431451), {'all': {'len': 19, 'sum': 397.52700000000004}, 'pa': {'len': 19, 'sum': 397.52700000000004}, 'tbs': {'len': 0, 'sum': 0}}]
[datetime.datetime(2019, 11, 9, 22, 55, 2, 316572), {'all': {'len': 17, 'sum': 285.00199999999995}, 'pa': {'len': 17, 'sum': 285.00199999999995}, 'tbs': {'len': 0, 'sum': 0}}]
[datetime.datetime(2019, 11, 9, 23, 0, 2, 277469), {'all': {'len': 16, 'sum': 270.267}, 'pa': {'len': 16, 'sum': 270.267}, 'tbs': {'len': 0, 'sum': 0}}]
[datetime.datetime(2019, 11, 9, 23, 5, 1, 876093), {'all': {'len': 16, 'sum': 308.265}, 'pa': {'len': 16, 'sum': 308.265}, 'tbs': {'len': 0, 'sum': 0}}]
[datetime.datetime(2019, 11, 9, 23, 10, 2, 192870), {'all': {'len': 17, 'sum': 324.767}, 'pa': {'len': 17, 'sum': 324.767}, 'tbs': {'len': 0, 'sum': 0}}]
[datetime.datetime(2019, 11, 9, 23, 15, 1, 946155), {'all': {'len': 18, 'sum': 348.33099999999996}, 'pa': {'len': 18, 'sum': 348.33099999999996}, 'tbs': {'len': 0, 'sum': 0}}]
[datetime.datetime(2019, 11, 9, 23, 20, 2, 51732), {'all': {'len': 17, 'sum': 284.382}, 'pa': {'len': 17, 'sum': 284.382}, 'tbs': {'len': 0, 'sum': 0}}]
[datetime.datetime(2019, 11, 9, 23, 25, 2, 344100), {'all': {'len': 16, 'sum': 286.712}, 'pa': {'len': 16, 'sum': 286.712}, 'tbs': {'len': 0, 'sum': 0}}]
[datetime.datetime(2019, 11, 9, 23, 30, 2, 437909), {'all': {'len': 16, 'sum': 317.231}, 'pa': {'len': 16, 'sum': 317.231}, 'tbs': {'len': 0, 'sum': 0}}]
[datetime.datetime(2019, 11, 9, 23, 35, 1, 926973), {'all': {'len': 18, 'sum': 269.03000000000003}, 'pa': {'len': 18, 'sum': 269.03000000000003}, 'tbs': {'len': 0, 'sum': 0}}]
[datetime.datetime(2019, 11, 9, 23, 40, 2, 512072), {'all': {'len': 19, 'sum': 391.897}, 'pa': {'len': 19, 'sum': 391.897}, 'tbs': {'len': 0, 'sum': 0}}]
[datetime.datetime(2019, 11, 9, 23, 45, 2, 323439), {'all': {'len': 17, 'sum': 280.85499999999996}, 'pa': {'len': 17, 'sum': 280.85499999999996}, 'tbs': {'len': 0, 'sum': 0}}]
[datetime.datetime(2019, 11, 9, 23, 50, 2, 685183), {'all': {'len': 16, 'sum': 300.33500000000004}, 'pa': {'len': 16, 'sum': 300.33500000000004}, 'tbs': {'len': 0, 'sum': 0}}]
[datetime.datetime(2019, 11, 9, 23, 55, 1, 944689), {'all': {'len': 15, 'sum': 298.255}, 'pa': {'len': 15, 'sum': 298.255}, 'tbs': {'len': 0, 'sum': 0}}]
